#
# There is insufficient memory for the Java Runtime Environment to continue.
# Native memory allocation (malloc) failed to allocate 185520 bytes for Chunk::new
# Possible reasons:
#   The system is out of physical RAM or swap space
#   The process is running with CompressedOops enabled, and the Java Heap may be blocking the growth of the native heap
# Possible solutions:
#   Reduce memory load on the system
#   Increase physical memory or swap space
#   Check if swap backing store is full
#   Decrease Java heap size (-Xmx/-Xms)
#   Decrease number of Java threads
#   Decrease Java thread stack sizes (-Xss)
#   Set larger code cache with -XX:ReservedCodeCacheSize=
#   JVM is running with Unscaled Compressed Oops mode in which the Java heap is
#     placed in the first 4GB address space. The Java Heap base address is the
#     maximum limit for the native heap growth. Please use -XX:HeapBaseMinAddress
#     to set the Java Heap base and to place the Java Heap above 4GB virtual address.
# This output file may be truncated or incomplete.
#
#  Out of Memory Error (arena.cpp:189), pid=9160, tid=10196
#
# JRE version: OpenJDK Runtime Environment Temurin-17.0.5+8 (17.0.5+8) (build 17.0.5+8)
# Java VM: OpenJDK 64-Bit Server VM Temurin-17.0.5+8 (17.0.5+8, mixed mode, sharing, tiered, compressed oops, compressed class ptrs, g1 gc, windows-amd64)
# No core dump will be written. Minidumps are not enabled by default on client versions of Windows
#

---------------  S U M M A R Y ------------

Command Line: -Dfile.encoding=UTF-8 --module-path=C:\Users\hp\Documents\NetBeansProjects\bank management system\build\classes bank.management.system.SignupThree

Host: AMD Ryzen 3 3250U with Radeon Graphics         , 4 cores, 3G,  Windows 11 , 64 bit Build 22621 (10.0.22621.3672)
Time: Sun Aug 11 20:24:23 2024 India Standard Time elapsed time: 0.742724 seconds (0d 0h 0m 0s)

---------------  T H R E A D  ---------------

Current thread (0x000001e3db20e8e0):  JavaThread "C2 CompilerThread0" daemon [_thread_in_native, id=10196, stack(0x0000001692400000,0x0000001692500000)]


Current CompileTask:
C2:    742  803       4       java.util.HashMap::put (13 bytes)

Stack: [0x0000001692400000,0x0000001692500000]
Native frames: (J=compiled Java code, j=interpreted, Vv=VM code, C=native code)
V  [jvm.dll+0x676b3a]
V  [jvm.dll+0x831444]
V  [jvm.dll+0x832bee]
V  [jvm.dll+0x833253]
V  [jvm.dll+0x244ce5]
V  [jvm.dll+0xabbac]
V  [jvm.dll+0xac17c]
V  [jvm.dll+0x362d57]
V  [jvm.dll+0x32d591]
V  [jvm.dll+0x32ca3a]
V  [jvm.dll+0x217b51]
V  [jvm.dll+0x216f71]
V  [jvm.dll+0x1a343d]
V  [jvm.dll+0x22698a]
V  [jvm.dll+0x224ac5]
V  [jvm.dll+0x7e727b]
V  [jvm.dll+0x7e17ea]
V  [jvm.dll+0x6759e5]
C  [ucrtbase.dll+0x29333]
C  [KERNEL32.DLL+0x1257d]
C  [ntdll.dll+0x5af28]


---------------  P R O C E S S  ---------------

Threads class SMR info:
_java_thread_list=0x000001e3f8f01e40, length=16, elements={
0x000001e3db1f50e0, 0x000001e3db1f5f50, 0x000001e3db2089e0, 0x000001e3db209590,
0x000001e3db20c050, 0x000001e3db20ce10, 0x000001e3db20e8e0, 0x000001e3f80b8b50,
0x000001e3f80cdd40, 0x000001e3f80ad0e0, 0x000001e3f8c60d20, 0x000001e3f8ea01e0,
0x000001e3f8ea3170, 0x000001e3f8ea6450, 0x000001e3f8f0ab80, 0x000001e3db14c720
}

Java Threads: ( => current thread )
  0x000001e3db1f50e0 JavaThread "Reference Handler" daemon [_thread_blocked, id=17764, stack(0x0000001691e00000,0x0000001691f00000)]
  0x000001e3db1f5f50 JavaThread "Finalizer" daemon [_thread_blocked, id=17760, stack(0x0000001691f00000,0x0000001692000000)]
  0x000001e3db2089e0 JavaThread "Signal Dispatcher" daemon [_thread_blocked, id=14608, stack(0x0000001692000000,0x0000001692100000)]
  0x000001e3db209590 JavaThread "Attach Listener" daemon [_thread_blocked, id=18028, stack(0x0000001692100000,0x0000001692200000)]
  0x000001e3db20c050 JavaThread "Service Thread" daemon [_thread_blocked, id=17232, stack(0x0000001692200000,0x0000001692300000)]
  0x000001e3db20ce10 JavaThread "Monitor Deflation Thread" daemon [_thread_blocked, id=13856, stack(0x0000001692300000,0x0000001692400000)]
=>0x000001e3db20e8e0 JavaThread "C2 CompilerThread0" daemon [_thread_in_native, id=10196, stack(0x0000001692400000,0x0000001692500000)]
  0x000001e3f80b8b50 JavaThread "C1 CompilerThread0" daemon [_thread_in_vm, id=18056, stack(0x0000001692500000,0x0000001692600000)]
  0x000001e3f80cdd40 JavaThread "Sweeper thread" daemon [_thread_blocked, id=18052, stack(0x0000001692600000,0x0000001692700000)]
  0x000001e3f80ad0e0 JavaThread "Common-Cleaner" daemon [_thread_blocked, id=18048, stack(0x0000001692700000,0x0000001692800000)]
  0x000001e3f8c60d20 JavaThread "Notification Thread" daemon [_thread_blocked, id=16956, stack(0x0000001692800000,0x0000001692900000)]
  0x000001e3f8ea01e0 JavaThread "Java2D Disposer" daemon [_thread_blocked, id=18080, stack(0x0000001692a00000,0x0000001692b00000)]
  0x000001e3f8ea3170 JavaThread "AWT-Shutdown" [_thread_blocked, id=18076, stack(0x0000001692b00000,0x0000001692c00000)]
  0x000001e3f8ea6450 JavaThread "AWT-Windows" daemon [_thread_in_native, id=18040, stack(0x0000001692c00000,0x0000001692d00000)]
  0x000001e3f8f0ab80 JavaThread "AWT-EventQueue-0" [_thread_in_native, id=18072, stack(0x0000001692d00000,0x0000001692e00000)]
  0x000001e3db14c720 JavaThread "DestroyJavaVM" [_thread_blocked, id=16680, stack(0x0000001691700000,0x0000001691800000)]

Other Threads:
  0x000001e3db1ee6b0 VMThread "VM Thread" [stack: 0x0000001691d00000,0x0000001691e00000] [id=13416]
  0x000001e3f8c7f220 WatcherThread [stack: 0x0000001692900000,0x0000001692a00000] [id=18084]
  0x000001e3db1856c0 GCTaskThread "GC Thread#0" [stack: 0x0000001691800000,0x0000001691900000] [id=16676]
  0x000001e3db18d440 ConcurrentGCThread "G1 Main Marker" [stack: 0x0000001691900000,0x0000001691a00000] [id=16672]
  0x000001e3db18e5f0 ConcurrentGCThread "G1 Conc#0" [stack: 0x0000001691a00000,0x0000001691b00000] [id=6016]
  0x000001e3db1ca850 ConcurrentGCThread "G1 Refine#0" [stack: 0x0000001691b00000,0x0000001691c00000] [id=16560]
  0x000001e3db1cb270 ConcurrentGCThread "G1 Service" [stack: 0x0000001691c00000,0x0000001691d00000] [id=17028]

Threads with active compile tasks:
C2 CompilerThread0      773  803       4       java.util.HashMap::put (13 bytes)
C1 CompilerThread0      773  839       3       java.nio.HeapByteBuffer::put (12 bytes)

VM state: not at safepoint (normal execution)

VM Mutex/Monitor currently owned by a thread: None

Heap address: 0x00000000c8e00000, size: 882 MB, Compressed Oops mode: 32-bit

CDS archive(s) mapped at: [0x0000000800000000-0x0000000800bc0000-0x0000000800bc0000), size 12320768, SharedBaseAddress: 0x0000000800000000, ArchiveRelocationMode: 0.
Compressed class space mapped at: 0x0000000800c00000-0x0000000840c00000, reserved size: 1073741824
Narrow klass base: 0x0000000800000000, Narrow klass shift: 0, Narrow klass range: 0x100000000

GC Precious Log:
 CPUs: 4 total, 4 available
 Memory: 3526M
 Large Page Support: Disabled
 NUMA Support: Disabled
 Compressed Oops: Enabled (32-bit)
 Heap Region Size: 1M
 Heap Min Capacity: 8M
 Heap Initial Capacity: 56M
 Heap Max Capacity: 882M
 Pre-touch: Disabled
 Parallel Workers: 4
 Concurrent Workers: 1
 Concurrent Refinement Workers: 4
 Periodic GC: Disabled

Heap:
 garbage-first heap   total 57344K, used 10240K [0x00000000c8e00000, 0x0000000100000000)
  region size 1024K, 7 young (7168K), 0 survivors (0K)
 Metaspace       used 6234K, committed 6400K, reserved 1056768K
  class space    used 677K, committed 768K, reserved 1048576K

Heap Regions: E=young(eden), S=young(survivor), O=old, HS=humongous(starts), HC=humongous(continues), CS=collection set, F=free, OA=open archive, CA=closed archive, TAMS=top-at-mark-start (previous, next)
|   0|0x00000000c8e00000, 0x00000000c8f00000, 0x00000000c8f00000|100%|HS|  |TAMS 0x00000000c8e00000, 0x00000000c8e00000| Complete 
|   1|0x00000000c8f00000, 0x00000000c9000000, 0x00000000c9000000|100%|HC|  |TAMS 0x00000000c8f00000, 0x00000000c8f00000| Complete 
|   2|0x00000000c9000000, 0x00000000c9100000, 0x00000000c9100000|100%|HC|  |TAMS 0x00000000c9000000, 0x00000000c9000000| Complete 
|   3|0x00000000c9100000, 0x00000000c9200000, 0x00000000c9200000|100%|HC|  |TAMS 0x00000000c9100000, 0x00000000c9100000| Complete 
|   4|0x00000000c9200000, 0x00000000c9200000, 0x00000000c9300000|  0%| F|  |TAMS 0x00000000c9200000, 0x00000000c9200000| Untracked 
|   5|0x00000000c9300000, 0x00000000c9300000, 0x00000000c9400000|  0%| F|  |TAMS 0x00000000c9300000, 0x00000000c9300000| Untracked 
|   6|0x00000000c9400000, 0x00000000c9400000, 0x00000000c9500000|  0%| F|  |TAMS 0x00000000c9400000, 0x00000000c9400000| Untracked 
|   7|0x00000000c9500000, 0x00000000c9500000, 0x00000000c9600000|  0%| F|  |TAMS 0x00000000c9500000, 0x00000000c9500000| Untracked 
|   8|0x00000000c9600000, 0x00000000c9600000, 0x00000000c9700000|  0%| F|  |TAMS 0x00000000c9600000, 0x00000000c9600000| Untracked 
|   9|0x00000000c9700000, 0x00000000c9700000, 0x00000000c9800000|  0%| F|  |TAMS 0x00000000c9700000, 0x00000000c9700000| Untracked 
|  10|0x00000000c9800000, 0x00000000c9800000, 0x00000000c9900000|  0%| F|  |TAMS 0x00000000c9800000, 0x00000000c9800000| Untracked 
|  11|0x00000000c9900000, 0x00000000c9900000, 0x00000000c9a00000|  0%| F|  |TAMS 0x00000000c9900000, 0x00000000c9900000| Untracked 
|  12|0x00000000c9a00000, 0x00000000c9a00000, 0x00000000c9b00000|  0%| F|  |TAMS 0x00000000c9a00000, 0x00000000c9a00000| Untracked 
|  13|0x00000000c9b00000, 0x00000000c9b00000, 0x00000000c9c00000|  0%| F|  |TAMS 0x00000000c9b00000, 0x00000000c9b00000| Untracked 
|  14|0x00000000c9c00000, 0x00000000c9c00000, 0x00000000c9d00000|  0%| F|  |TAMS 0x00000000c9c00000, 0x00000000c9c00000| Untracked 
|  15|0x00000000c9d00000, 0x00000000c9d00000, 0x00000000c9e00000|  0%| F|  |TAMS 0x00000000c9d00000, 0x00000000c9d00000| Untracked 
|  16|0x00000000c9e00000, 0x00000000c9e00000, 0x00000000c9f00000|  0%| F|  |TAMS 0x00000000c9e00000, 0x00000000c9e00000| Untracked 
|  17|0x00000000c9f00000, 0x00000000c9f00000, 0x00000000ca000000|  0%| F|  |TAMS 0x00000000c9f00000, 0x00000000c9f00000| Untracked 
|  18|0x00000000ca000000, 0x00000000ca000000, 0x00000000ca100000|  0%| F|  |TAMS 0x00000000ca000000, 0x00000000ca000000| Untracked 
|  19|0x00000000ca100000, 0x00000000ca100000, 0x00000000ca200000|  0%| F|  |TAMS 0x00000000ca100000, 0x00000000ca100000| Untracked 
|  20|0x00000000ca200000, 0x00000000ca200000, 0x00000000ca300000|  0%| F|  |TAMS 0x00000000ca200000, 0x00000000ca200000| Untracked 
|  21|0x00000000ca300000, 0x00000000ca300000, 0x00000000ca400000|  0%| F|  |TAMS 0x00000000ca300000, 0x00000000ca300000| Untracked 
|  22|0x00000000ca400000, 0x00000000ca400000, 0x00000000ca500000|  0%| F|  |TAMS 0x00000000ca400000, 0x00000000ca400000| Untracked 
|  23|0x00000000ca500000, 0x00000000ca500000, 0x00000000ca600000|  0%| F|  |TAMS 0x00000000ca500000, 0x00000000ca500000| Untracked 
|  24|0x00000000ca600000, 0x00000000ca600000, 0x00000000ca700000|  0%| F|  |TAMS 0x00000000ca600000, 0x00000000ca600000| Untracked 
|  25|0x00000000ca700000, 0x00000000ca700000, 0x00000000ca800000|  0%| F|  |TAMS 0x00000000ca700000, 0x00000000ca700000| Untracked 
|  26|0x00000000ca800000, 0x00000000ca800000, 0x00000000ca900000|  0%| F|  |TAMS 0x00000000ca800000, 0x00000000ca800000| Untracked 
|  27|0x00000000ca900000, 0x00000000ca900000, 0x00000000caa00000|  0%| F|  |TAMS 0x00000000ca900000, 0x00000000ca900000| Untracked 
|  28|0x00000000caa00000, 0x00000000caa00000, 0x00000000cab00000|  0%| F|  |TAMS 0x00000000caa00000, 0x00000000caa00000| Untracked 
|  29|0x00000000cab00000, 0x00000000cab00000, 0x00000000cac00000|  0%| F|  |TAMS 0x00000000cab00000, 0x00000000cab00000| Untracked 
|  30|0x00000000cac00000, 0x00000000cac00000, 0x00000000cad00000|  0%| F|  |TAMS 0x00000000cac00000, 0x00000000cac00000| Untracked 
|  31|0x00000000cad00000, 0x00000000cad00000, 0x00000000cae00000|  0%| F|  |TAMS 0x00000000cad00000, 0x00000000cad00000| Untracked 
|  32|0x00000000cae00000, 0x00000000cae00000, 0x00000000caf00000|  0%| F|  |TAMS 0x00000000cae00000, 0x00000000cae00000| Untracked 
|  33|0x00000000caf00000, 0x00000000caf00000, 0x00000000cb000000|  0%| F|  |TAMS 0x00000000caf00000, 0x00000000caf00000| Untracked 
|  34|0x00000000cb000000, 0x00000000cb000000, 0x00000000cb100000|  0%| F|  |TAMS 0x00000000cb000000, 0x00000000cb000000| Untracked 
|  35|0x00000000cb100000, 0x00000000cb100000, 0x00000000cb200000|  0%| F|  |TAMS 0x00000000cb100000, 0x00000000cb100000| Untracked 
|  36|0x00000000cb200000, 0x00000000cb200000, 0x00000000cb300000|  0%| F|  |TAMS 0x00000000cb200000, 0x00000000cb200000| Untracked 
|  37|0x00000000cb300000, 0x00000000cb300000, 0x00000000cb400000|  0%| F|  |TAMS 0x00000000cb300000, 0x00000000cb300000| Untracked 
|  38|0x00000000cb400000, 0x00000000cb400000, 0x00000000cb500000|  0%| F|  |TAMS 0x00000000cb400000, 0x00000000cb400000| Untracked 
|  39|0x00000000cb500000, 0x00000000cb500000, 0x00000000cb600000|  0%| F|  |TAMS 0x00000000cb500000, 0x00000000cb500000| Untracked 
|  40|0x00000000cb600000, 0x00000000cb600000, 0x00000000cb700000|  0%| F|  |TAMS 0x00000000cb600000, 0x00000000cb600000| Untracked 
|  41|0x00000000cb700000, 0x00000000cb700000, 0x00000000cb800000|  0%| F|  |TAMS 0x00000000cb700000, 0x00000000cb700000| Untracked 
|  42|0x00000000cb800000, 0x00000000cb800000, 0x00000000cb900000|  0%| F|  |TAMS 0x00000000cb800000, 0x00000000cb800000| Untracked 
|  43|0x00000000cb900000, 0x00000000cb900000, 0x00000000cba00000|  0%| F|  |TAMS 0x00000000cb900000, 0x00000000cb900000| Untracked 
|  44|0x00000000cba00000, 0x00000000cba00000, 0x00000000cbb00000|  0%| F|  |TAMS 0x00000000cba00000, 0x00000000cba00000| Untracked 
|  45|0x00000000cbb00000, 0x00000000cbb00000, 0x00000000cbc00000|  0%| F|  |TAMS 0x00000000cbb00000, 0x00000000cbb00000| Untracked 
|  46|0x00000000cbc00000, 0x00000000cbc00000, 0x00000000cbd00000|  0%| F|  |TAMS 0x00000000cbc00000, 0x00000000cbc00000| Untracked 
|  47|0x00000000cbd00000, 0x00000000cbd00000, 0x00000000cbe00000|  0%| F|  |TAMS 0x00000000cbd00000, 0x00000000cbd00000| Untracked 
|  48|0x00000000cbe00000, 0x00000000cbe00000, 0x00000000cbf00000|  0%| F|  |TAMS 0x00000000cbe00000, 0x00000000cbe00000| Untracked 
|  49|0x00000000cbf00000, 0x00000000cc000000, 0x00000000cc000000|100%| E|  |TAMS 0x00000000cbf00000, 0x00000000cbf00000| Complete 
|  50|0x00000000cc000000, 0x00000000cc100000, 0x00000000cc100000|100%| E|CS|TAMS 0x00000000cc000000, 0x00000000cc000000| Complete 
|  51|0x00000000cc100000, 0x00000000cc200000, 0x00000000cc200000|100%| E|CS|TAMS 0x00000000cc100000, 0x00000000cc100000| Complete 
|  52|0x00000000cc200000, 0x00000000cc300000, 0x00000000cc300000|100%| E|CS|TAMS 0x00000000cc200000, 0x00000000cc200000| Complete 
|  53|0x00000000cc300000, 0x00000000cc400000, 0x00000000cc400000|100%| E|CS|TAMS 0x00000000cc300000, 0x00000000cc300000| Complete 
|  54|0x00000000cc400000, 0x00000000cc500000, 0x00000000cc500000|100%| E|CS|TAMS 0x00000000cc400000, 0x00000000cc400000| Complete 
|  55|0x00000000cc500000, 0x00000000cc600000, 0x00000000cc600000|100%| E|CS|TAMS 0x00000000cc500000, 0x00000000cc500000| Complete 

Card table byte_map: [0x000001e3f3c10000,0x000001e3f3dd0000] _byte_map_base: 0x000001e3f35c9000

Marking Bits (Prev, Next): (CMBitMap*) 0x000001e3db185cd0, (CMBitMap*) 0x000001e3db185d10
 Prev Bits: [0x000001e3f3f90000, 0x000001e3f4d58000)
 Next Bits: [0x000001e3f4d60000, 0x000001e3f5b28000)

Polling page: 0x000001e3db210000

Metaspace:

Usage:
  Non-class:      5.43 MB used.
      Class:    677.34 KB used.
       Both:      6.09 MB used.

Virtual space:
  Non-class space:        8.00 MB reserved,       5.50 MB ( 69%) committed,  1 nodes.
      Class space:        1.00 GB reserved,     768.00 KB ( <1%) committed,  1 nodes.
             Both:        1.01 GB reserved,       6.25 MB ( <1%) committed. 

Chunk freelists:
   Non-Class:  2.39 MB
       Class:  3.24 MB
        Both:  5.64 MB

MaxMetaspaceSize: unlimited
CompressedClassSpaceSize: 1.00 GB
Initial GC threshold: 21.00 MB
Current GC threshold: 21.00 MB
CDS: on
MetaspaceReclaimPolicy: balanced
 - commit_granule_bytes: 65536.
 - commit_granule_words: 8192.
 - virtual_space_node_default_size: 1048576.
 - enlarge_chunks_in_place: 1.
 - new_chunks_are_fully_committed: 0.
 - uncommit_free_chunks: 1.
 - use_allocation_guard: 0.
 - handle_deallocations: 1.


Internal statistics:

num_allocs_failed_limit: 0.
num_arena_births: 106.
num_arena_deaths: 0.
num_vsnodes_births: 2.
num_vsnodes_deaths: 0.
num_space_committed: 100.
num_space_uncommitted: 0.
num_chunks_returned_to_freelist: 0.
num_chunks_taken_from_freelist: 146.
num_chunk_merges: 0.
num_chunk_splits: 79.
num_chunks_enlarged: 21.
num_purges: 0.
num_inconsistent_stats: 0.

CodeHeap 'non-profiled nmethods': size=120000Kb used=222Kb max_used=222Kb free=119777Kb
 bounds [0x000001e3ebed0000, 0x000001e3ec140000, 0x000001e3f3400000]
CodeHeap 'profiled nmethods': size=120000Kb used=1270Kb max_used=1270Kb free=118730Kb
 bounds [0x000001e3e49a0000, 0x000001e3e4c10000, 0x000001e3ebed0000]
CodeHeap 'non-nmethods': size=5760Kb used=1239Kb max_used=1254Kb free=4521Kb
 bounds [0x000001e3e4400000, 0x000001e3e4670000, 0x000001e3e49a0000]
 total_blobs=1392 nmethods=839 adapters=466
 compilation: enabled
              stopped_count=0, restarted_count=0
 full_count=0

Compilation events (20 events):
Event: 0.672 Thread 0x000001e3f80b8b50 nmethod 792 0x000001e3e4ab5110 code [0x000001e3e4ab52c0, 0x000001e3e4ab5508]
Event: 0.685 Thread 0x000001e3f80b8b50  793       3       java.io.WinNTFileSystem::resolve (275 bytes)
Event: 0.688 Thread 0x000001e3f80b8b50 nmethod 793 0x000001e3e4ab5610 code [0x000001e3e4ab5b40, 0x000001e3e4ab8818]
Event: 0.688 Thread 0x000001e3f80b8b50  794       3       java.lang.String::<init> (10 bytes)
Event: 0.688 Thread 0x000001e3f80b8b50 nmethod 794 0x000001e3e4ab9a10 code [0x000001e3e4ab9bc0, 0x000001e3e4ab9d08]
Event: 0.695 Thread 0x000001e3f80b8b50  795   !   3       java.io.WinNTFileSystem::isInvalid (78 bytes)
Event: 0.696 Thread 0x000001e3f80b8b50 nmethod 795 0x000001e3e4ab9e10 code [0x000001e3e4aba000, 0x000001e3e4aba438]
Event: 0.699 Thread 0x000001e3db20e8e0  796 %     4       java.lang.StringLatin1::indexOfChar @ 7 (33 bytes)
Event: 0.701 Thread 0x000001e3f80b8b50  797   !   3       java.io.WinNTFileSystem::resolve (362 bytes)
Event: 0.702 Thread 0x000001e3db20e8e0 nmethod 796% 0x000001e3ebf06610 code [0x000001e3ebf067a0, 0x000001e3ebf06978]
Event: 0.705 Thread 0x000001e3f80b8b50 nmethod 797 0x000001e3e4aba610 code [0x000001e3e4abafc0, 0x000001e3e4abf968]
Event: 0.708 Thread 0x000001e3f80b8b50  798       3       java.io.File::getCanonicalPath (31 bytes)
Event: 0.709 Thread 0x000001e3f80b8b50 nmethod 798 0x000001e3e4ac1310 code [0x000001e3e4ac14e0, 0x000001e3e4ac17b8]
Event: 0.709 Thread 0x000001e3f80b8b50  799       3       java.io.WinNTFileSystem::canonicalize (372 bytes)
Event: 0.712 Thread 0x000001e3f80b8b50 nmethod 799 0x000001e3e4ac1910 code [0x000001e3e4ac1f40, 0x000001e3e4ac50d8]
Event: 0.712 Thread 0x000001e3f80b8b50  801       3       sun.font.FontUtilities::debugFonts (4 bytes)
Event: 0.712 Thread 0x000001e3f80b8b50 nmethod 801 0x000001e3e4ac6110 code [0x000001e3e4ac62a0, 0x000001e3e4ac6398]
Event: 0.714 Thread 0x000001e3f80b8b50  802       3       java.io.File::<init> (111 bytes)
Event: 0.715 Thread 0x000001e3f80b8b50 nmethod 802 0x000001e3e4ac6410 code [0x000001e3e4ac66c0, 0x000001e3e4ac7108]
Event: 0.732 Thread 0x000001e3db20e8e0  803       4       java.util.HashMap::put (13 bytes)

GC Heap History (0 events):
No events

Dll operation events (9 events):
Event: 0.011 Loaded shared library C:\Users\hp\AppData\Local\Programs\Eclipse Adoptium\jdk-17.0.5.8-hotspot\bin\java.dll
Event: 0.021 Loaded shared library C:\Users\hp\AppData\Local\Programs\Eclipse Adoptium\jdk-17.0.5.8-hotspot\bin\jsvml.dll
Event: 0.077 Loaded shared library C:\Users\hp\AppData\Local\Programs\Eclipse Adoptium\jdk-17.0.5.8-hotspot\bin\net.dll
Event: 0.079 Loaded shared library C:\Users\hp\AppData\Local\Programs\Eclipse Adoptium\jdk-17.0.5.8-hotspot\bin\nio.dll
Event: 0.125 Loaded shared library C:\Users\hp\AppData\Local\Programs\Eclipse Adoptium\jdk-17.0.5.8-hotspot\bin\zip.dll
Event: 0.144 Loaded shared library C:\Users\hp\AppData\Local\Programs\Eclipse Adoptium\jdk-17.0.5.8-hotspot\bin\jimage.dll
Event: 0.160 Loaded shared library C:\Users\hp\AppData\Local\Programs\Eclipse Adoptium\jdk-17.0.5.8-hotspot\bin\awt.dll
Event: 0.440 Loaded shared library C:\Users\hp\AppData\Local\Programs\Eclipse Adoptium\jdk-17.0.5.8-hotspot\bin\freetype.dll
Event: 0.442 Loaded shared library C:\Users\hp\AppData\Local\Programs\Eclipse Adoptium\jdk-17.0.5.8-hotspot\bin\fontmanager.dll

Deoptimization events (20 events):
Event: 0.486 Thread 0x000001e3db14c720 Uncommon trap: trap_request=0xffffffc6 fr.pc=0x000001e3ebefb358 relative=0x0000000000000a58
Event: 0.486 Thread 0x000001e3db14c720 Uncommon trap: reason=bimorphic_or_optimized_type_check action=maybe_recompile pc=0x000001e3ebefb358 method=java.util.HashMap.putVal(ILjava/lang/Object;Ljava/lang/Object;ZZ)Ljava/lang/Object; @ 152 c2
Event: 0.486 Thread 0x000001e3db14c720 DEOPT PACKING pc=0x000001e3ebefb358 sp=0x00000016917fc8a0
Event: 0.486 Thread 0x000001e3db14c720 DEOPT UNPACKING pc=0x000001e3e44523a3 sp=0x00000016917fc7c8 mode 2
Event: 0.486 Thread 0x000001e3db14c720 Uncommon trap: trap_request=0xffffffc6 fr.pc=0x000001e3ebefb358 relative=0x0000000000000a58
Event: 0.486 Thread 0x000001e3db14c720 Uncommon trap: reason=bimorphic_or_optimized_type_check action=maybe_recompile pc=0x000001e3ebefb358 method=java.util.HashMap.putVal(ILjava/lang/Object;Ljava/lang/Object;ZZ)Ljava/lang/Object; @ 152 c2
Event: 0.486 Thread 0x000001e3db14c720 DEOPT PACKING pc=0x000001e3ebefb358 sp=0x00000016917fc8a0
Event: 0.486 Thread 0x000001e3db14c720 DEOPT UNPACKING pc=0x000001e3e44523a3 sp=0x00000016917fc7c8 mode 2
Event: 0.486 Thread 0x000001e3db14c720 Uncommon trap: trap_request=0xffffffc6 fr.pc=0x000001e3ebefb358 relative=0x0000000000000a58
Event: 0.486 Thread 0x000001e3db14c720 Uncommon trap: reason=bimorphic_or_optimized_type_check action=maybe_recompile pc=0x000001e3ebefb358 method=java.util.HashMap.putVal(ILjava/lang/Object;Ljava/lang/Object;ZZ)Ljava/lang/Object; @ 152 c2
Event: 0.486 Thread 0x000001e3db14c720 DEOPT PACKING pc=0x000001e3ebefb358 sp=0x00000016917fc8a0
Event: 0.486 Thread 0x000001e3db14c720 DEOPT UNPACKING pc=0x000001e3e44523a3 sp=0x00000016917fc7c8 mode 2
Event: 0.507 Thread 0x000001e3db14c720 Uncommon trap: trap_request=0xffffff45 fr.pc=0x000001e3ebef8f70 relative=0x00000000000004b0
Event: 0.507 Thread 0x000001e3db14c720 Uncommon trap: reason=unstable_if action=reinterpret pc=0x000001e3ebef8f70 method=java.lang.StringLatin1.replace([BCC)Ljava/lang/String; @ 19 c2
Event: 0.507 Thread 0x000001e3db14c720 DEOPT PACKING pc=0x000001e3ebef8f70 sp=0x00000016917fe630
Event: 0.507 Thread 0x000001e3db14c720 DEOPT UNPACKING pc=0x000001e3e44523a3 sp=0x00000016917fe5b0 mode 2
Event: 0.611 Thread 0x000001e3f8f0ab80 Uncommon trap: trap_request=0xffffff45 fr.pc=0x000001e3ebf01454 relative=0x0000000000000494
Event: 0.611 Thread 0x000001e3f8f0ab80 Uncommon trap: reason=unstable_if action=reinterpret pc=0x000001e3ebf01454 method=java.lang.StringLatin1.toLowerCase(Ljava/lang/String;[BLjava/util/Locale;)Ljava/lang/String; @ 43 c2
Event: 0.611 Thread 0x000001e3f8f0ab80 DEOPT PACKING pc=0x000001e3ebf01454 sp=0x0000001692dfd340
Event: 0.611 Thread 0x000001e3f8f0ab80 DEOPT UNPACKING pc=0x000001e3e44523a3 sp=0x0000001692dfd2b0 mode 2

Classes unloaded (0 events):
No events

Classes redefined (0 events):
No events

Internal exceptions (17 events):
Event: 0.081 Thread 0x000001e3db14c720 Exception <a 'sun/nio/fs/WindowsException'{0x00000000cc430978}> (0x00000000cc430978) 
thrown [s\src\hotspot\share\prims\jni.cpp, line 516]
Event: 0.081 Thread 0x000001e3db14c720 Exception <a 'sun/nio/fs/WindowsException'{0x00000000cc430ed8}> (0x00000000cc430ed8) 
thrown [s\src\hotspot\share\prims\jni.cpp, line 516]
Event: 0.085 Thread 0x000001e3db14c720 Exception <a 'sun/nio/fs/WindowsException'{0x00000000cc4332a8}> (0x00000000cc4332a8) 
thrown [s\src\hotspot\share\prims\jni.cpp, line 516]
Event: 0.085 Thread 0x000001e3db14c720 Exception <a 'sun/nio/fs/WindowsException'{0x00000000cc433d80}> (0x00000000cc433d80) 
thrown [s\src\hotspot\share\prims\jni.cpp, line 516]
Event: 0.086 Thread 0x000001e3db14c720 Exception <a 'sun/nio/fs/WindowsException'{0x00000000cc434870}> (0x00000000cc434870) 
thrown [s\src\hotspot\share\prims\jni.cpp, line 516]
Event: 0.151 Thread 0x000001e3db14c720 Exception <a 'java/lang/ClassNotFoundException'{0x00000000cc303948}: sun/awt/resources/spi/awtProvider> (0x00000000cc303948) 
thrown [s\src\hotspot\share\classfile\systemDictionary.cpp, line 256]
Event: 0.173 Thread 0x000001e3db14c720 Exception <a 'java/io/FileNotFoundException'{0x00000000cc356e10}> (0x00000000cc356e10) 
thrown [s\src\hotspot\share\prims\jni.cpp, line 516]
Event: 0.180 Thread 0x000001e3db14c720 Exception <a 'java/io/FileNotFoundException'{0x00000000cc383d30}> (0x00000000cc383d30) 
thrown [s\src\hotspot\share\prims\jni.cpp, line 516]
Event: 0.222 Thread 0x000001e3db14c720 Exception <a 'java/lang/NoSuchMethodError'{0x00000000cc3c8738}: 'java.lang.Object java.lang.invoke.DirectMethodHandle$Holder.invokeStaticInit(java.lang.Object)'> (0x00000000cc3c8738) 
thrown [s\src\hotspot\share\interpreter\linkResolver.cpp, line 759]
Event: 0.311 Thread 0x000001e3db14c720 Exception <a 'java/lang/NoSuchMethodError'{0x00000000cc255800}: 'void java.lang.invoke.DirectMethodHandle$Holder.invokeSpecial(java.lang.Object, java.lang.Object, java.lang.Object)'> (0x00000000cc255800) 
thrown [s\src\hotspot\share\interpreter\linkResolver.cpp, line 759]
Event: 0.323 Thread 0x000001e3db14c720 Exception <a 'java/lang/NoSuchMethodError'{0x00000000cc27f9c0}: 'java.lang.Object java.lang.invoke.DirectMethodHandle$Holder.newInvokeSpecial(java.lang.Object, java.lang.Object, java.lang.Object, java.lang.Object, java.lang.Object)'> (0x00000000cc27f9c0) 
thrown [s\src\hotspot\share\interpreter\linkResolver.cpp, line 759]
Event: 0.325 Thread 0x000001e3db14c720 Exception <a 'java/lang/NoSuchMethodError'{0x00000000cc28b5d8}: 'java.lang.Object java.lang.invoke.DirectMethodHandle$Holder.invokeStatic(java.lang.Object, int, java.lang.Object, java.lang.Object, java.lang.Object, java.lang.Object)'> (0x00000000cc28b5d8) 
thrown [s\src\hotspot\share\interpreter\linkResolver.cpp, line 759]
Event: 0.329 Thread 0x000001e3db14c720 Exception <a 'java/lang/NoSuchMethodError'{0x00000000cc2b0d98}: 'java.lang.Object java.lang.invoke.DirectMethodHandle$Holder.invokeStatic(java.lang.Object, int, java.lang.Object)'> (0x00000000cc2b0d98) 
thrown [s\src\hotspot\share\interpreter\linkResolver.cpp, line 759]
Event: 0.362 Thread 0x000001e3db14c720 Exception <a 'java/lang/ClassNotFoundException'{0x00000000cc1694a8}: com/sun/swing/internal/plaf/metal/resources/spi/metalProvider> (0x00000000cc1694a8) 
thrown [s\src\hotspot\share\classfile\systemDictionary.cpp, line 256]
Event: 0.366 Thread 0x000001e3db14c720 Exception <a 'java/lang/ClassNotFoundException'{0x00000000cc16d350}: com/sun/swing/internal/plaf/basic/resources/spi/basicProvider> (0x00000000cc16d350) 
thrown [s\src\hotspot\share\classfile\systemDictionary.cpp, line 256]
Event: 0.405 Thread 0x000001e3f8ea6450 Exception <a 'java/lang/NoSuchMethodError'{0x00000000cc210280}: 'void java.lang.invoke.DirectMethodHandle$Holder.invokeVirtual(java.lang.Object, java.lang.Object)'> (0x00000000cc210280) 
thrown [s\src\hotspot\share\interpreter\linkResolver.cpp, line 759]
Event: 0.429 Thread 0x000001e3db14c720 Exception <a 'java/lang/NoSuchMethodError'{0x00000000cc1b44c8}: 'void java.lang.invoke.DirectMethodHandle$Holder.invokeStaticInit(java.lang.Object)'> (0x00000000cc1b44c8) 
thrown [s\src\hotspot\share\interpreter\linkResolver.cpp, line 759]

VM Operations (8 events):
Event: 0.088 Executing VM operation: HandshakeAllThreads
Event: 0.088 Executing VM operation: HandshakeAllThreads done
Event: 0.383 Executing VM operation: HandshakeAllThreads
Event: 0.384 Executing VM operation: HandshakeAllThreads done
Event: 0.484 Executing VM operation: HandshakeAllThreads
Event: 0.484 Executing VM operation: HandshakeAllThreads done
Event: 0.539 Executing VM operation: HandshakeAllThreads
Event: 0.539 Executing VM operation: HandshakeAllThreads done

Events (20 events):
Event: 0.600 loading class java/nio/ByteBufferAsIntBufferB
Event: 0.600 loading class java/nio/ByteBufferAsIntBufferB done
Event: 0.600 loading class sun/font/TrueTypeFont$DirectoryEntry
Event: 0.600 loading class sun/font/TrueTypeFont$DirectoryEntry done
Event: 0.600 loading class java/nio/ByteBufferAsShortBufferB
Event: 0.600 loading class java/nio/ShortBuffer
Event: 0.600 loading class java/nio/ShortBuffer done
Event: 0.600 loading class java/nio/ByteBufferAsShortBufferB done
Event: 0.601 loading class sun/nio/cs/UTF_16$Decoder
Event: 0.601 loading class sun/nio/cs/UnicodeDecoder
Event: 0.601 loading class sun/nio/cs/UnicodeDecoder done
Event: 0.601 loading class sun/nio/cs/UTF_16$Decoder done
Event: 0.612 loading class sun/font/SunFontManager$4
Event: 0.612 loading class sun/font/SunFontManager$4 done
Event: 0.625 loading class jdk/internal/misc/ScopedMemoryAccess$Scope
Event: 0.625 loading class jdk/internal/misc/ScopedMemoryAccess$Scope done
Event: 0.638 loading class sun/font/SunFontManager$9
Event: 0.638 loading class sun/font/SunFontManager$9 done
Event: 0.639 loading class sun/font/SunFontManager$10
Event: 0.639 loading class sun/font/SunFontManager$10 done


Dynamic libraries:
0x00007ff68ff30000 - 0x00007ff68ff3e000 	C:\Users\hp\AppData\Local\Programs\Eclipse Adoptium\jdk-17.0.5.8-hotspot\bin\java.exe
0x00007fff1da70000 - 0x00007fff1dc87000 	C:\WINDOWS\SYSTEM32\ntdll.dll
0x00007fff1c720000 - 0x00007fff1c7e4000 	C:\WINDOWS\System32\KERNEL32.DLL
0x00007fff1b1c0000 - 0x00007fff1b56d000 	C:\WINDOWS\System32\KERNELBASE.dll
0x00007fff1ae70000 - 0x00007fff1af81000 	C:\WINDOWS\System32\ucrtbase.dll
0x00007fff124a0000 - 0x00007fff124b9000 	C:\Users\hp\AppData\Local\Programs\Eclipse Adoptium\jdk-17.0.5.8-hotspot\bin\VCRUNTIME140.dll
0x00007fff124c0000 - 0x00007fff124d7000 	C:\Users\hp\AppData\Local\Programs\Eclipse Adoptium\jdk-17.0.5.8-hotspot\bin\jli.dll
0x00007fff1bd40000 - 0x00007fff1beee000 	C:\WINDOWS\System32\USER32.dll
0x00007fff1ae40000 - 0x00007fff1ae66000 	C:\WINDOWS\System32\win32u.dll
0x00007fff1c9b0000 - 0x00007fff1c9d9000 	C:\WINDOWS\System32\GDI32.dll
0x00007fff06820000 - 0x00007fff06ab3000 	C:\WINDOWS\WinSxS\amd64_microsoft.windows.common-controls_6595b64144ccf1df_6.0.22621.3672_none_2713b9d173822955\COMCTL32.dll
0x00007fff1b610000 - 0x00007fff1b729000 	C:\WINDOWS\System32\gdi32full.dll
0x00007fff1c8b0000 - 0x00007fff1c957000 	C:\WINDOWS\System32\msvcrt.dll
0x00007fff1ada0000 - 0x00007fff1ae3a000 	C:\WINDOWS\System32\msvcp_win.dll
0x00007fff1cb90000 - 0x00007fff1cbc1000 	C:\WINDOWS\System32\IMM32.DLL
0x00007fff16400000 - 0x00007fff1640c000 	C:\Users\hp\AppData\Local\Programs\Eclipse Adoptium\jdk-17.0.5.8-hotspot\bin\vcruntime140_1.dll
0x00007ffed8eb0000 - 0x00007ffed8f41000 	C:\Users\hp\AppData\Local\Programs\Eclipse Adoptium\jdk-17.0.5.8-hotspot\bin\msvcp140.dll
0x00007ffed90e0000 - 0x00007ffed9d24000 	C:\Users\hp\AppData\Local\Programs\Eclipse Adoptium\jdk-17.0.5.8-hotspot\bin\server\jvm.dll
0x00007fff1ce80000 - 0x00007fff1cf32000 	C:\WINDOWS\System32\ADVAPI32.dll
0x00007fff1c7f0000 - 0x00007fff1c899000 	C:\WINDOWS\System32\sechost.dll
0x00007fff1b5e0000 - 0x00007fff1b608000 	C:\WINDOWS\System32\bcrypt.dll
0x00007fff1bc20000 - 0x00007fff1bd34000 	C:\WINDOWS\System32\RPCRT4.dll
0x00007fff15fa0000 - 0x00007fff15fd4000 	C:\WINDOWS\SYSTEM32\WINMM.dll
0x00007fff115f0000 - 0x00007fff115fa000 	C:\WINDOWS\SYSTEM32\VERSION.dll
0x00007ffef39d0000 - 0x00007ffef39d9000 	C:\WINDOWS\SYSTEM32\WSOCK32.dll
0x00007fff1bba0000 - 0x00007fff1bc11000 	C:\WINDOWS\System32\WS2_32.dll
0x00007fff19dd0000 - 0x00007fff19de8000 	C:\WINDOWS\SYSTEM32\kernel.appcore.dll
0x00007fff12490000 - 0x00007fff1249a000 	C:\Users\hp\AppData\Local\Programs\Eclipse Adoptium\jdk-17.0.5.8-hotspot\bin\jimage.dll
0x00007fff187c0000 - 0x00007fff189f2000 	C:\WINDOWS\SYSTEM32\DBGHELP.DLL
0x00007fff1b810000 - 0x00007fff1bb98000 	C:\WINDOWS\System32\combase.dll
0x00007fff1c5e0000 - 0x00007fff1c6b7000 	C:\WINDOWS\System32\OLEAUT32.dll
0x00007ffeffef0000 - 0x00007ffefff22000 	C:\WINDOWS\SYSTEM32\dbgcore.DLL
0x00007fff1b730000 - 0x00007fff1b7ab000 	C:\WINDOWS\System32\bcryptPrimitives.dll
0x00007fff12340000 - 0x00007fff12365000 	C:\Users\hp\AppData\Local\Programs\Eclipse Adoptium\jdk-17.0.5.8-hotspot\bin\java.dll
0x00007fff054e0000 - 0x00007fff055b6000 	C:\Users\hp\AppData\Local\Programs\Eclipse Adoptium\jdk-17.0.5.8-hotspot\bin\jsvml.dll
0x00007fff1d050000 - 0x00007fff1d8af000 	C:\WINDOWS\System32\SHELL32.dll
0x00007fff18cf0000 - 0x00007fff195ec000 	C:\WINDOWS\SYSTEM32\windows.storage.dll
0x00007fff18bb0000 - 0x00007fff18cef000 	C:\WINDOWS\SYSTEM32\wintypes.dll
0x00007fff1bef0000 - 0x00007fff1bfe4000 	C:\WINDOWS\System32\SHCORE.dll
0x00007fff1c6c0000 - 0x00007fff1c71e000 	C:\WINDOWS\System32\shlwapi.dll
0x00007fff1acd0000 - 0x00007fff1acf1000 	C:\WINDOWS\SYSTEM32\profapi.dll
0x00007fff10d40000 - 0x00007fff10d59000 	C:\Users\hp\AppData\Local\Programs\Eclipse Adoptium\jdk-17.0.5.8-hotspot\bin\net.dll
0x00007fff16ea0000 - 0x00007fff16fd6000 	C:\WINDOWS\SYSTEM32\WINHTTP.dll
0x00007fff1a240000 - 0x00007fff1a2a9000 	C:\WINDOWS\system32\mswsock.dll
0x00007fff05c10000 - 0x00007fff05c25000 	C:\Users\hp\AppData\Local\Programs\Eclipse Adoptium\jdk-17.0.5.8-hotspot\bin\nio.dll
0x00007fff054c0000 - 0x00007fff054d8000 	C:\Users\hp\AppData\Local\Programs\Eclipse Adoptium\jdk-17.0.5.8-hotspot\bin\zip.dll
0x00007ffed8f50000 - 0x00007ffed90de000 	C:\Users\hp\AppData\Local\Programs\Eclipse Adoptium\jdk-17.0.5.8-hotspot\bin\awt.dll
0x00007fff16c30000 - 0x00007fff16cc7000 	C:\WINDOWS\SYSTEM32\apphelp.dll
0x00007fff18430000 - 0x00007fff1845b000 	C:\WINDOWS\system32\DWMAPI.DLL
0x00007fff18020000 - 0x00007fff180cf000 	C:\WINDOWS\system32\uxtheme.dll
0x00007ffed8db0000 - 0x00007ffed8eb0000 	C:\WINDOWS\system32\opengl32.dll
0x00007fff05490000 - 0x00007fff054bd000 	C:\WINDOWS\SYSTEM32\GLU32.dll
0x00007fff182e0000 - 0x00007fff18319000 	C:\WINDOWS\SYSTEM32\dxcore.dll
0x00007fff1d8b0000 - 0x00007fff1da03000 	C:\WINDOWS\System32\MSCTF.dll
0x00007fff1c9e0000 - 0x00007fff1cb85000 	C:\WINDOWS\System32\ole32.dll
0x00007ffec38f0000 - 0x00007ffec3a98000 	C:\WINDOWS\system32\d3d9.dll
0x00007fff11190000 - 0x00007fff11348000 	C:\WINDOWS\System32\DriverStore\FileRepository\u0376648.inf_amd64_10263edfe9a1aa63\B374868\aticfx64.dll
0x00007ffedeb40000 - 0x00007ffedeb74000 	C:\WINDOWS\System32\DriverStore\FileRepository\u0376648.inf_amd64_10263edfe9a1aa63\B374868\atiu9p64.dll
0x00007ffec5460000 - 0x00007ffec61b4000 	C:\WINDOWS\System32\DriverStore\FileRepository\u0376648.inf_amd64_10263edfe9a1aa63\B374868\atiumd64.dll
0x00007fff11560000 - 0x00007fff11590000 	C:\WINDOWS\SYSTEM32\amdihk64.dll
0x00007fff138e0000 - 0x00007fff13929000 	C:\WINDOWS\SYSTEM32\directxdatabasehelper.dll
0x00007fff04a50000 - 0x00007fff04ad6000 	C:\Users\hp\AppData\Local\Programs\Eclipse Adoptium\jdk-17.0.5.8-hotspot\bin\freetype.dll
0x00007ffed8ce0000 - 0x00007ffed8da5000 	C:\Users\hp\AppData\Local\Programs\Eclipse Adoptium\jdk-17.0.5.8-hotspot\bin\fontmanager.dll
0x00007fff08fd0000 - 0x00007fff0911e000 	C:\WINDOWS\SYSTEM32\textinputframework.dll

dbghelp: loaded successfully - version: 4.0.5 - missing functions: none
symbol engine: initialized successfully - sym options: 0x614 - pdb path: .;C:\Users\hp\AppData\Local\Programs\Eclipse Adoptium\jdk-17.0.5.8-hotspot\bin;C:\WINDOWS\SYSTEM32;C:\WINDOWS\WinSxS\amd64_microsoft.windows.common-controls_6595b64144ccf1df_6.0.22621.3672_none_2713b9d173822955;C:\Users\hp\AppData\Local\Programs\Eclipse Adoptium\jdk-17.0.5.8-hotspot\bin\server;C:\WINDOWS\System32\DriverStore\FileRepository\u0376648.inf_amd64_10263edfe9a1aa63\B374868

VM Arguments:
jvm_args: -Dfile.encoding=UTF-8 --module-path=C:\Users\hp\Documents\NetBeansProjects\bank management system\build\classes 
java_command: bank.management.system.SignupThree
java_class_path (initial): C:\Users\hp\Downloads\jcalendar-tz-1.3.3-4.jar;C:\Users\hp\Downloads\mysql-connector-java-8.0.28.jar;C:\Users\hp\Documents\NetBeansProjects\bank management system\build\classes
Launcher Type: SUN_STANDARD

[Global flags]
     intx CICompilerCount                          = 3                                         {product} {ergonomic}
     uint ConcGCThreads                            = 1                                         {product} {ergonomic}
     uint G1ConcRefinementThreads                  = 4                                         {product} {ergonomic}
   size_t G1HeapRegionSize                         = 1048576                                   {product} {ergonomic}
    uintx GCDrainStackTargetSize                   = 64                                        {product} {ergonomic}
   size_t InitialHeapSize                          = 58720256                                  {product} {ergonomic}
   size_t MarkStackSize                            = 4194304                                   {product} {ergonomic}
   size_t MaxHeapSize                              = 924844032                                 {product} {ergonomic}
   size_t MaxNewSize                               = 554696704                                 {product} {ergonomic}
   size_t MinHeapDeltaBytes                        = 1048576                                   {product} {ergonomic}
   size_t MinHeapSize                              = 8388608                                   {product} {ergonomic}
    uintx NonNMethodCodeHeapSize                   = 5832780                                {pd product} {ergonomic}
    uintx NonProfiledCodeHeapSize                  = 122912730                              {pd product} {ergonomic}
    uintx ProfiledCodeHeapSize                     = 122912730                              {pd product} {ergonomic}
    uintx ReservedCodeCacheSize                    = 251658240                              {pd product} {ergonomic}
     bool SegmentedCodeCache                       = true                                      {product} {ergonomic}
   size_t SoftMaxHeapSize                          = 924844032                              {manageable} {ergonomic}
     bool UseCompressedClassPointers               = true                           {product lp64_product} {ergonomic}
     bool UseCompressedOops                        = true                           {product lp64_product} {ergonomic}
     bool UseG1GC                                  = true                                      {product} {ergonomic}
     bool UseLargePagesIndividualAllocation        = false                                  {pd product} {ergonomic}

Logging:
Log output configuration:
 #0: stdout all=warning uptime,level,tags
 #1: stderr all=off uptime,level,tags

Environment Variables:
JAVA_HOME=C:\Users\hp\AppData\Local\Programs\Eclipse Adoptium\jdk-17.0.5.8-hotspot\
PATH=C:\Program Files (x86)\Common Files\Oracle\Java\javapath;C:\Program Files (x86)\Common Files\Intel\Shared Libraries\redist\intel64\compiler;C:\WINDOWS\system32;C:\WINDOWS;C:\WINDOWS\System32\Wbem;C:\WINDOWS\System32\WindowsPowerShell\v1.0\;C:\WINDOWS\System32\OpenSSH\;C:\MinGW\bin;C:\Program Files\Cloudflare\Cloudflare WARP\;C:\Users\hp\AppData\Local\Programs\Eclipse Adoptium\jdk-17.0.5.8-hotspot\bin;C:\Users\hp\AppData\Local\Microsoft\WindowsApps;;D:\New folder\Microsoft VS Code\bin
USERNAME=hp
OS=Windows_NT
PROCESSOR_IDENTIFIER=AMD64 Family 23 Model 24 Stepping 1, AuthenticAMD
TMP=C:\Users\hp\AppData\Local\Temp
TEMP=C:\Users\hp\AppData\Local\Temp



---------------  S Y S T E M  ---------------

OS:
 Windows 11 , 64 bit Build 22621 (10.0.22621.3672)
OS uptime: 0 days 1:02 hours

CPU: total 4 (initial active 4) (4 cores per cpu, 2 threads per core) family 23 model 24 stepping 1 microcode 0x0, cx8, cmov, fxsr, ht, mmx, 3dnowpref, sse, sse2, sse3, ssse3, sse4a, sse4.1, sse4.2, popcnt, lzcnt, tsc, tscinvbit, avx, avx2, aes, clmul, bmi1, bmi2, adx, sha, fma, vzeroupper, clflush, clflushopt

Memory: 4k page, system-wide physical 3526M (338M free)
TotalPageFile size 14278M (AvailPageFile size 0M)
current process WorkingSet (physical memory assigned to process): 59M, peak: 59M
current process commit charge ("private bytes"): 137M, peak: 140M

vm_info: OpenJDK 64-Bit Server VM (17.0.5+8) for windows-amd64 JRE (17.0.5+8), built on Oct 19 2022 04:48:13 by "temurin" with MS VC++ 16.7 (VS2019)

END.
