#
# There is insufficient memory for the Java Runtime Environment to continue.
# Native memory allocation (mmap) failed to map 65536 bytes for Failed to commit metaspace.
# Possible reasons:
#   The system is out of physical RAM or swap space
#   The process is running with CompressedOops enabled, and the Java Heap may be blocking the growth of the native heap
# Possible solutions:
#   Reduce memory load on the system
#   Increase physical memory or swap space
#   Check if swap backing store is full
#   Decrease Java heap size (-Xmx/-Xms)
#   Decrease number of Java threads
#   Decrease Java thread stack sizes (-Xss)
#   Set larger code cache with -XX:ReservedCodeCacheSize=
#   JVM is running with Unscaled Compressed Oops mode in which the Java heap is
#     placed in the first 4GB address space. The Java Heap base address is the
#     maximum limit for the native heap growth. Please use -XX:HeapBaseMinAddress
#     to set the Java Heap base and to place the Java Heap above 4GB virtual address.
# This output file may be truncated or incomplete.
#
#  Out of Memory Error (virtualSpaceNode.cpp:110), pid=18172, tid=11852
#
# JRE version: OpenJDK Runtime Environment Temurin-17.0.5+8 (17.0.5+8) (build 17.0.5+8)
# Java VM: OpenJDK 64-Bit Server VM Temurin-17.0.5+8 (17.0.5+8, mixed mode, sharing, tiered, compressed oops, compressed class ptrs, g1 gc, windows-amd64)
# No core dump will be written. Minidumps are not enabled by default on client versions of Windows
#

---------------  S U M M A R Y ------------

Command Line: -Dfile.encoding=UTF-8 --module-path=C:\Users\hp\Documents\NetBeansProjects\bank management system\build\classes bank.management.system.SignupThree

Host: AMD Ryzen 3 3250U with Radeon Graphics         , 4 cores, 3G,  Windows 11 , 64 bit Build 22621 (10.0.22621.3672)
Time: Sun Aug 11 20:32:16 2024 India Standard Time elapsed time: 0.663275 seconds (0d 0h 0m 0s)

---------------  T H R E A D  ---------------

Current thread (0x0000024212982680):  JavaThread "AWT-Windows" daemon [_thread_in_vm, id=11852, stack(0x0000006b1b900000,0x0000006b1ba00000)]

Stack: [0x0000006b1b900000,0x0000006b1ba00000]
Native frames: (J=compiled Java code, j=interpreted, Vv=VM code, C=native code)
V  [jvm.dll+0x676b3a]
V  [jvm.dll+0x831444]
V  [jvm.dll+0x832bee]
V  [jvm.dll+0x833253]
V  [jvm.dll+0x244ce5]
V  [jvm.dll+0x82d4db]
V  [jvm.dll+0x61b2f6]
V  [jvm.dll+0x61b35a]
V  [jvm.dll+0x61db7a]
V  [jvm.dll+0x61bc96]
V  [jvm.dll+0x23a7d0]
V  [jvm.dll+0x1ea39d]
V  [jvm.dll+0x1dfdd1]
V  [jvm.dll+0x53be30]
V  [jvm.dll+0x1f05a7]
V  [jvm.dll+0x7ab9db]
V  [jvm.dll+0x7acd82]
V  [jvm.dll+0x7ad0b8]
V  [jvm.dll+0x23d0ee]
V  [jvm.dll+0x37e55e]
C  0x000002420001b7f7

Java frames: (J=compiled Java code, j=interpreted, Vv=VM code)
j  javax.swing.RepaintManager.scheduleProcessingRunnable(Lsun/awt/AppContext;)V+25 java.desktop@17.0.5
j  javax.swing.RepaintManager.nativeQueueSurfaceDataRunnable(Lsun/awt/AppContext;Ljava/awt/Component;Ljava/lang/Runnable;)V+59 java.desktop@17.0.5
j  javax.swing.SwingPaintEventDispatcher.queueSurfaceDataReplacing(Ljava/awt/Component;Ljava/lang/Runnable;)Z+19 java.desktop@17.0.5
j  sun.awt.windows.WComponentPeer.replaceSurfaceDataLater()V+22 java.desktop@17.0.5
v  ~StubRoutines::call_stub
j  sun.awt.windows.WToolkit.eventLoop()V+0 java.desktop@17.0.5
j  sun.awt.windows.WToolkit.run()V+50 java.desktop@17.0.5
j  java.lang.Thread.run()V+11 java.base@17.0.5
v  ~StubRoutines::call_stub

---------------  P R O C E S S  ---------------

Threads class SMR info:
_java_thread_list=0x0000024212a5eb10, length=15, elements={
0x0000024276bbcaf0, 0x0000024276c60920, 0x0000024276c61f30, 0x0000024276c77080,
0x0000024276c77c30, 0x0000024276c7a5f0, 0x000002427fd61fe0, 0x0000024276c7bce0,
0x000002427fd636d0, 0x000002427fd65fe0, 0x000002427fe3e9d0, 0x0000024212903f90,
0x0000024212981990, 0x0000024212981e60, 0x0000024212982680
}

Java Threads: ( => current thread )
  0x0000024276bbcaf0 JavaThread "main" [_thread_in_native, id=3056, stack(0x0000006b1a400000,0x0000006b1a500000)]
  0x0000024276c60920 JavaThread "Reference Handler" daemon [_thread_blocked, id=17588, stack(0x0000006b1ab00000,0x0000006b1ac00000)]
  0x0000024276c61f30 JavaThread "Finalizer" daemon [_thread_blocked, id=17564, stack(0x0000006b1ac00000,0x0000006b1ad00000)]
  0x0000024276c77080 JavaThread "Signal Dispatcher" daemon [_thread_blocked, id=14540, stack(0x0000006b1ad00000,0x0000006b1ae00000)]
  0x0000024276c77c30 JavaThread "Attach Listener" daemon [_thread_blocked, id=10936, stack(0x0000006b1ae00000,0x0000006b1af00000)]
  0x0000024276c7a5f0 JavaThread "Service Thread" daemon [_thread_blocked, id=14628, stack(0x0000006b1af00000,0x0000006b1b000000)]
  0x000002427fd61fe0 JavaThread "Monitor Deflation Thread" daemon [_thread_blocked, id=9676, stack(0x0000006b1b000000,0x0000006b1b100000)]
  0x0000024276c7bce0 JavaThread "C2 CompilerThread0" daemon [_thread_blocked, id=2292, stack(0x0000006b1b100000,0x0000006b1b200000)]
  0x000002427fd636d0 JavaThread "C1 CompilerThread0" daemon [_thread_blocked, id=1908, stack(0x0000006b1b200000,0x0000006b1b300000)]
  0x000002427fd65fe0 JavaThread "Sweeper thread" daemon [_thread_blocked, id=13096, stack(0x0000006b1b300000,0x0000006b1b400000)]
  0x000002427fe3e9d0 JavaThread "Common-Cleaner" daemon [_thread_blocked, id=13272, stack(0x0000006b1b400000,0x0000006b1b500000)]
  0x0000024212903f90 JavaThread "Notification Thread" daemon [_thread_blocked, id=17584, stack(0x0000006b1b500000,0x0000006b1b600000)]
  0x0000024212981990 JavaThread "Java2D Disposer" daemon [_thread_blocked, id=10952, stack(0x0000006b1b700000,0x0000006b1b800000)]
  0x0000024212981e60 JavaThread "AWT-Shutdown" [_thread_blocked, id=15736, stack(0x0000006b1b800000,0x0000006b1b900000)]
=>0x0000024212982680 JavaThread "AWT-Windows" daemon [_thread_in_vm, id=11852, stack(0x0000006b1b900000,0x0000006b1ba00000)]

Other Threads:
  0x0000024276c59650 VMThread "VM Thread" [stack: 0x0000006b1aa00000,0x0000006b1ab00000] [id=1672]
  0x000002427fd5cde0 WatcherThread [stack: 0x0000006b1b600000,0x0000006b1b700000] [id=17004]
  0x0000024276bf5540 GCTaskThread "GC Thread#0" [stack: 0x0000006b1a500000,0x0000006b1a600000] [id=17036]
  0x0000024276bfd2c0 ConcurrentGCThread "G1 Main Marker" [stack: 0x0000006b1a600000,0x0000006b1a700000] [id=17684]
  0x0000024276bfdcd0 ConcurrentGCThread "G1 Conc#0" [stack: 0x0000006b1a700000,0x0000006b1a800000] [id=1332]
  0x0000024276c3a830 ConcurrentGCThread "G1 Refine#0" [stack: 0x0000006b1a800000,0x0000006b1a900000] [id=13608]
  0x0000024276c3b250 ConcurrentGCThread "G1 Service" [stack: 0x0000006b1a900000,0x0000006b1aa00000] [id=16096]

Threads with active compile tasks:

VM state: not at safepoint (normal execution)

VM Mutex/Monitor currently owned by a thread:  ([mutex/lock_event])
[0x0000024276bb62e0] Metaspace_lock - owner thread: 0x0000024212982680

Heap address: 0x00000000c8e00000, size: 882 MB, Compressed Oops mode: 32-bit

CDS archive(s) mapped at: [0x0000000800000000-0x0000000800bc0000-0x0000000800bc0000), size 12320768, SharedBaseAddress: 0x0000000800000000, ArchiveRelocationMode: 0.
Compressed class space mapped at: 0x0000000800c00000-0x0000000840c00000, reserved size: 1073741824
Narrow klass base: 0x0000000800000000, Narrow klass shift: 0, Narrow klass range: 0x100000000

GC Precious Log:
 CPUs: 4 total, 4 available
 Memory: 3526M
 Large Page Support: Disabled
 NUMA Support: Disabled
 Compressed Oops: Enabled (32-bit)
 Heap Region Size: 1M
 Heap Min Capacity: 8M
 Heap Initial Capacity: 56M
 Heap Max Capacity: 882M
 Pre-touch: Disabled
 Parallel Workers: 4
 Concurrent Workers: 1
 Concurrent Refinement Workers: 4
 Periodic GC: Disabled

Heap:
 garbage-first heap   total 57344K, used 4096K [0x00000000c8e00000, 0x0000000100000000)
  region size 1024K, 5 young (5120K), 0 survivors (0K)
 Metaspace       used 4463K, committed 4608K, reserved 1056768K
  class space    used 494K, committed 576K, reserved 1048576K

Heap Regions: E=young(eden), S=young(survivor), O=old, HS=humongous(starts), HC=humongous(continues), CS=collection set, F=free, OA=open archive, CA=closed archive, TAMS=top-at-mark-start (previous, next)
|   0|0x00000000c8e00000, 0x00000000c8e00000, 0x00000000c8f00000|  0%| F|  |TAMS 0x00000000c8e00000, 0x00000000c8e00000| Untracked 
|   1|0x00000000c8f00000, 0x00000000c8f00000, 0x00000000c9000000|  0%| F|  |TAMS 0x00000000c8f00000, 0x00000000c8f00000| Untracked 
|   2|0x00000000c9000000, 0x00000000c9000000, 0x00000000c9100000|  0%| F|  |TAMS 0x00000000c9000000, 0x00000000c9000000| Untracked 
|   3|0x00000000c9100000, 0x00000000c9100000, 0x00000000c9200000|  0%| F|  |TAMS 0x00000000c9100000, 0x00000000c9100000| Untracked 
|   4|0x00000000c9200000, 0x00000000c9200000, 0x00000000c9300000|  0%| F|  |TAMS 0x00000000c9200000, 0x00000000c9200000| Untracked 
|   5|0x00000000c9300000, 0x00000000c9300000, 0x00000000c9400000|  0%| F|  |TAMS 0x00000000c9300000, 0x00000000c9300000| Untracked 
|   6|0x00000000c9400000, 0x00000000c9400000, 0x00000000c9500000|  0%| F|  |TAMS 0x00000000c9400000, 0x00000000c9400000| Untracked 
|   7|0x00000000c9500000, 0x00000000c9500000, 0x00000000c9600000|  0%| F|  |TAMS 0x00000000c9500000, 0x00000000c9500000| Untracked 
|   8|0x00000000c9600000, 0x00000000c9600000, 0x00000000c9700000|  0%| F|  |TAMS 0x00000000c9600000, 0x00000000c9600000| Untracked 
|   9|0x00000000c9700000, 0x00000000c9700000, 0x00000000c9800000|  0%| F|  |TAMS 0x00000000c9700000, 0x00000000c9700000| Untracked 
|  10|0x00000000c9800000, 0x00000000c9800000, 0x00000000c9900000|  0%| F|  |TAMS 0x00000000c9800000, 0x00000000c9800000| Untracked 
|  11|0x00000000c9900000, 0x00000000c9900000, 0x00000000c9a00000|  0%| F|  |TAMS 0x00000000c9900000, 0x00000000c9900000| Untracked 
|  12|0x00000000c9a00000, 0x00000000c9a00000, 0x00000000c9b00000|  0%| F|  |TAMS 0x00000000c9a00000, 0x00000000c9a00000| Untracked 
|  13|0x00000000c9b00000, 0x00000000c9b00000, 0x00000000c9c00000|  0%| F|  |TAMS 0x00000000c9b00000, 0x00000000c9b00000| Untracked 
|  14|0x00000000c9c00000, 0x00000000c9c00000, 0x00000000c9d00000|  0%| F|  |TAMS 0x00000000c9c00000, 0x00000000c9c00000| Untracked 
|  15|0x00000000c9d00000, 0x00000000c9d00000, 0x00000000c9e00000|  0%| F|  |TAMS 0x00000000c9d00000, 0x00000000c9d00000| Untracked 
|  16|0x00000000c9e00000, 0x00000000c9e00000, 0x00000000c9f00000|  0%| F|  |TAMS 0x00000000c9e00000, 0x00000000c9e00000| Untracked 
|  17|0x00000000c9f00000, 0x00000000c9f00000, 0x00000000ca000000|  0%| F|  |TAMS 0x00000000c9f00000, 0x00000000c9f00000| Untracked 
|  18|0x00000000ca000000, 0x00000000ca000000, 0x00000000ca100000|  0%| F|  |TAMS 0x00000000ca000000, 0x00000000ca000000| Untracked 
|  19|0x00000000ca100000, 0x00000000ca100000, 0x00000000ca200000|  0%| F|  |TAMS 0x00000000ca100000, 0x00000000ca100000| Untracked 
|  20|0x00000000ca200000, 0x00000000ca200000, 0x00000000ca300000|  0%| F|  |TAMS 0x00000000ca200000, 0x00000000ca200000| Untracked 
|  21|0x00000000ca300000, 0x00000000ca300000, 0x00000000ca400000|  0%| F|  |TAMS 0x00000000ca300000, 0x00000000ca300000| Untracked 
|  22|0x00000000ca400000, 0x00000000ca400000, 0x00000000ca500000|  0%| F|  |TAMS 0x00000000ca400000, 0x00000000ca400000| Untracked 
|  23|0x00000000ca500000, 0x00000000ca500000, 0x00000000ca600000|  0%| F|  |TAMS 0x00000000ca500000, 0x00000000ca500000| Untracked 
|  24|0x00000000ca600000, 0x00000000ca600000, 0x00000000ca700000|  0%| F|  |TAMS 0x00000000ca600000, 0x00000000ca600000| Untracked 
|  25|0x00000000ca700000, 0x00000000ca700000, 0x00000000ca800000|  0%| F|  |TAMS 0x00000000ca700000, 0x00000000ca700000| Untracked 
|  26|0x00000000ca800000, 0x00000000ca800000, 0x00000000ca900000|  0%| F|  |TAMS 0x00000000ca800000, 0x00000000ca800000| Untracked 
|  27|0x00000000ca900000, 0x00000000ca900000, 0x00000000caa00000|  0%| F|  |TAMS 0x00000000ca900000, 0x00000000ca900000| Untracked 
|  28|0x00000000caa00000, 0x00000000caa00000, 0x00000000cab00000|  0%| F|  |TAMS 0x00000000caa00000, 0x00000000caa00000| Untracked 
|  29|0x00000000cab00000, 0x00000000cab00000, 0x00000000cac00000|  0%| F|  |TAMS 0x00000000cab00000, 0x00000000cab00000| Untracked 
|  30|0x00000000cac00000, 0x00000000cac00000, 0x00000000cad00000|  0%| F|  |TAMS 0x00000000cac00000, 0x00000000cac00000| Untracked 
|  31|0x00000000cad00000, 0x00000000cad00000, 0x00000000cae00000|  0%| F|  |TAMS 0x00000000cad00000, 0x00000000cad00000| Untracked 
|  32|0x00000000cae00000, 0x00000000cae00000, 0x00000000caf00000|  0%| F|  |TAMS 0x00000000cae00000, 0x00000000cae00000| Untracked 
|  33|0x00000000caf00000, 0x00000000caf00000, 0x00000000cb000000|  0%| F|  |TAMS 0x00000000caf00000, 0x00000000caf00000| Untracked 
|  34|0x00000000cb000000, 0x00000000cb000000, 0x00000000cb100000|  0%| F|  |TAMS 0x00000000cb000000, 0x00000000cb000000| Untracked 
|  35|0x00000000cb100000, 0x00000000cb100000, 0x00000000cb200000|  0%| F|  |TAMS 0x00000000cb100000, 0x00000000cb100000| Untracked 
|  36|0x00000000cb200000, 0x00000000cb200000, 0x00000000cb300000|  0%| F|  |TAMS 0x00000000cb200000, 0x00000000cb200000| Untracked 
|  37|0x00000000cb300000, 0x00000000cb300000, 0x00000000cb400000|  0%| F|  |TAMS 0x00000000cb300000, 0x00000000cb300000| Untracked 
|  38|0x00000000cb400000, 0x00000000cb400000, 0x00000000cb500000|  0%| F|  |TAMS 0x00000000cb400000, 0x00000000cb400000| Untracked 
|  39|0x00000000cb500000, 0x00000000cb500000, 0x00000000cb600000|  0%| F|  |TAMS 0x00000000cb500000, 0x00000000cb500000| Untracked 
|  40|0x00000000cb600000, 0x00000000cb600000, 0x00000000cb700000|  0%| F|  |TAMS 0x00000000cb600000, 0x00000000cb600000| Untracked 
|  41|0x00000000cb700000, 0x00000000cb700000, 0x00000000cb800000|  0%| F|  |TAMS 0x00000000cb700000, 0x00000000cb700000| Untracked 
|  42|0x00000000cb800000, 0x00000000cb800000, 0x00000000cb900000|  0%| F|  |TAMS 0x00000000cb800000, 0x00000000cb800000| Untracked 
|  43|0x00000000cb900000, 0x00000000cb900000, 0x00000000cba00000|  0%| F|  |TAMS 0x00000000cb900000, 0x00000000cb900000| Untracked 
|  44|0x00000000cba00000, 0x00000000cba00000, 0x00000000cbb00000|  0%| F|  |TAMS 0x00000000cba00000, 0x00000000cba00000| Untracked 
|  45|0x00000000cbb00000, 0x00000000cbb00000, 0x00000000cbc00000|  0%| F|  |TAMS 0x00000000cbb00000, 0x00000000cbb00000| Untracked 
|  46|0x00000000cbc00000, 0x00000000cbc00000, 0x00000000cbd00000|  0%| F|  |TAMS 0x00000000cbc00000, 0x00000000cbc00000| Untracked 
|  47|0x00000000cbd00000, 0x00000000cbd00000, 0x00000000cbe00000|  0%| F|  |TAMS 0x00000000cbd00000, 0x00000000cbd00000| Untracked 
|  48|0x00000000cbe00000, 0x00000000cbe00000, 0x00000000cbf00000|  0%| F|  |TAMS 0x00000000cbe00000, 0x00000000cbe00000| Untracked 
|  49|0x00000000cbf00000, 0x00000000cbf00000, 0x00000000cc000000|  0%| F|  |TAMS 0x00000000cbf00000, 0x00000000cbf00000| Untracked 
|  50|0x00000000cc000000, 0x00000000cc000000, 0x00000000cc100000|  0%| F|  |TAMS 0x00000000cc000000, 0x00000000cc000000| Untracked 
|  51|0x00000000cc100000, 0x00000000cc1c8448, 0x00000000cc200000| 78%| E|  |TAMS 0x00000000cc100000, 0x00000000cc100000| Complete 
|  52|0x00000000cc200000, 0x00000000cc300000, 0x00000000cc300000|100%| E|CS|TAMS 0x00000000cc200000, 0x00000000cc200000| Complete 
|  53|0x00000000cc300000, 0x00000000cc400000, 0x00000000cc400000|100%| E|CS|TAMS 0x00000000cc300000, 0x00000000cc300000| Complete 
|  54|0x00000000cc400000, 0x00000000cc500000, 0x00000000cc500000|100%| E|CS|TAMS 0x00000000cc400000, 0x00000000cc400000| Complete 
|  55|0x00000000cc500000, 0x00000000cc600000, 0x00000000cc600000|100%| E|CS|TAMS 0x00000000cc500000, 0x00000000cc500000| Complete 

Card table byte_map: [0x000002427e6a0000,0x000002427e860000] _byte_map_base: 0x000002427e059000

Marking Bits (Prev, Next): (CMBitMap*) 0x0000024276bf5b50, (CMBitMap*) 0x0000024276bf5b90
 Prev Bits: [0x000002427ea20000, 0x000002427f7e8000)
 Next Bits: [0x000002420f000000, 0x000002420fdc8000)

Polling page: 0x0000024274b10000

Metaspace:

Usage:
  Non-class:      3.88 MB used.
      Class:    494.76 KB used.
       Both:      4.36 MB used.

Virtual space:
  Non-class space:        8.00 MB reserved,       3.94 MB ( 49%) committed,  1 nodes.
      Class space:        1.00 GB reserved,     576.00 KB ( <1%) committed,  1 nodes.
             Both:        1.01 GB reserved,       4.50 MB ( <1%) committed. 

Chunk freelists:
   Non-Class:  3.91 MB
       Class:  3.25 MB
        Both:  7.16 MB

MaxMetaspaceSize: unlimited
CompressedClassSpaceSize: 1.00 GB
Initial GC threshold: 21.00 MB
Current GC threshold: 21.00 MB
CDS: on
MetaspaceReclaimPolicy: balanced
 - commit_granule_bytes: 65536.
 - commit_granule_words: 8192.
 - virtual_space_node_default_size: 1048576.
 - enlarge_chunks_in_place: 1.
 - new_chunks_are_fully_committed: 0.
 - uncommit_free_chunks: 1.
 - use_allocation_guard: 0.
 - handle_deallocations: 1.


Internal statistics:

num_allocs_failed_limit: 0.
num_arena_births: 88.
num_arena_deaths: 0.
num_vsnodes_births: 2.
num_vsnodes_deaths: 0.
num_space_committed: 72.
num_space_uncommitted: 0.
num_chunks_returned_to_freelist: 0.
num_chunks_taken_from_freelist: 117.
num_chunk_merges: 0.
num_chunk_splits: 66.
num_chunks_enlarged: 20.
num_purges: 0.
num_inconsistent_stats: 0.

CodeHeap 'non-profiled nmethods': size=120000Kb used=153Kb max_used=153Kb free=119846Kb
 bounds [0x0000024207ad0000, 0x0000024207d40000, 0x000002420f000000]
CodeHeap 'profiled nmethods': size=120000Kb used=769Kb max_used=769Kb free=119230Kb
 bounds [0x00000242005a0000, 0x0000024200810000, 0x0000024207ad0000]
CodeHeap 'non-nmethods': size=5760Kb used=1187Kb max_used=1200Kb free=4572Kb
 bounds [0x0000024200000000, 0x0000024200270000, 0x00000242005a0000]
 total_blobs=1032 nmethods=544 adapters=401
 compilation: enabled
              stopped_count=0, restarted_count=0
 full_count=0

Compilation events (20 events):
Event: 0.622 Thread 0x000002427fd636d0  535       1       java.lang.Integer::intValue (5 bytes)
Event: 0.623 Thread 0x000002427fd636d0 nmethod 535 0x0000024207af5f90 code [0x0000024207af6120, 0x0000024207af61f8]
Event: 0.623 Thread 0x000002427fd636d0  536  s    3       java.util.Hashtable::get (69 bytes)
Event: 0.624 Thread 0x000002427fd636d0 nmethod 536 0x000002420065bf10 code [0x000002420065c0e0, 0x000002420065c638]
Event: 0.624 Thread 0x000002427fd636d0  537       3       java.lang.Class::reflectionData (43 bytes)
Event: 0.624 Thread 0x000002427fd636d0 nmethod 537 0x000002420065c810 code [0x000002420065c9e0, 0x000002420065cdf8]
Event: 0.624 Thread 0x000002427fd636d0  538       3       java.lang.StringConcatHelper::prepend (37 bytes)
Event: 0.625 Thread 0x000002427fd636d0 nmethod 538 0x000002420065cf10 code [0x000002420065d0e0, 0x000002420065d3b8]
Event: 0.625 Thread 0x000002427fd636d0  539   !   3       javax.swing.UIDefaults::getFromHashtable (239 bytes)
Event: 0.627 Thread 0x000002427fd636d0 nmethod 539 0x000002420065d510 code [0x000002420065d820, 0x000002420065ed08]
Event: 0.627 Thread 0x000002427fd636d0  540       3       javax.swing.UIDefaults::get (21 bytes)
Event: 0.627 Thread 0x000002427fd636d0 nmethod 540 0x000002420065f290 code [0x000002420065f440, 0x000002420065f638]
Event: 0.627 Thread 0x000002427fd636d0  541       1       java.awt.Component::getObjectLock (5 bytes)
Event: 0.628 Thread 0x000002427fd636d0 nmethod 541 0x0000024207af6290 code [0x0000024207af6420, 0x0000024207af64f8]
Event: 0.633 Thread 0x000002427fd636d0  542       3       java.lang.Integer::valueOf (32 bytes)
Event: 0.633 Thread 0x000002427fd636d0 nmethod 542 0x000002420065f710 code [0x000002420065f8c0, 0x000002420065fbd8]
Event: 0.634 Thread 0x000002427fd636d0  543       3       java.lang.Integer::hashCode (8 bytes)
Event: 0.634 Thread 0x000002427fd636d0 nmethod 543 0x000002420065fd10 code [0x000002420065fea0, 0x000002420065fff8]
Event: 0.636 Thread 0x000002427fd636d0  544       3       java.lang.CharacterDataLatin1::toLowerCase (39 bytes)
Event: 0.636 Thread 0x000002427fd636d0 nmethod 544 0x0000024200660090 code [0x0000024200660240, 0x0000024200660498]

GC Heap History (0 events):
No events

Dll operation events (7 events):
Event: 0.026 Loaded shared library C:\Users\hp\AppData\Local\Programs\Eclipse Adoptium\jdk-17.0.5.8-hotspot\bin\java.dll
Event: 0.043 Loaded shared library C:\Users\hp\AppData\Local\Programs\Eclipse Adoptium\jdk-17.0.5.8-hotspot\bin\jsvml.dll
Event: 0.112 Loaded shared library C:\Users\hp\AppData\Local\Programs\Eclipse Adoptium\jdk-17.0.5.8-hotspot\bin\net.dll
Event: 0.115 Loaded shared library C:\Users\hp\AppData\Local\Programs\Eclipse Adoptium\jdk-17.0.5.8-hotspot\bin\nio.dll
Event: 0.157 Loaded shared library C:\Users\hp\AppData\Local\Programs\Eclipse Adoptium\jdk-17.0.5.8-hotspot\bin\zip.dll
Event: 0.180 Loaded shared library C:\Users\hp\AppData\Local\Programs\Eclipse Adoptium\jdk-17.0.5.8-hotspot\bin\jimage.dll
Event: 0.204 Loaded shared library C:\Users\hp\AppData\Local\Programs\Eclipse Adoptium\jdk-17.0.5.8-hotspot\bin\awt.dll

Deoptimization events (4 events):
Event: 0.166 Thread 0x0000024276bbcaf0 Uncommon trap: trap_request=0xffffff45 fr.pc=0x0000024207ade570 relative=0x0000000000000710
Event: 0.166 Thread 0x0000024276bbcaf0 Uncommon trap: reason=unstable_if action=reinterpret pc=0x0000024207ade570 method=java.util.HashMap.putVal(ILjava/lang/Object;Ljava/lang/Object;ZZ)Ljava/lang/Object; @ 236 c2
Event: 0.166 Thread 0x0000024276bbcaf0 DEOPT PACKING pc=0x0000024207ade570 sp=0x0000006b1a4fe1c0
Event: 0.166 Thread 0x0000024276bbcaf0 DEOPT UNPACKING pc=0x00000242000523a3 sp=0x0000006b1a4fe168 mode 2

Classes unloaded (0 events):
No events

Classes redefined (0 events):
No events

Internal exceptions (15 events):
Event: 0.117 Thread 0x0000024276bbcaf0 Exception <a 'sun/nio/fs/WindowsException'{0x00000000cc430978}> (0x00000000cc430978) 
thrown [s\src\hotspot\share\prims\jni.cpp, line 516]
Event: 0.118 Thread 0x0000024276bbcaf0 Exception <a 'sun/nio/fs/WindowsException'{0x00000000cc430ed8}> (0x00000000cc430ed8) 
thrown [s\src\hotspot\share\prims\jni.cpp, line 516]
Event: 0.121 Thread 0x0000024276bbcaf0 Exception <a 'sun/nio/fs/WindowsException'{0x00000000cc4332a8}> (0x00000000cc4332a8) 
thrown [s\src\hotspot\share\prims\jni.cpp, line 516]
Event: 0.121 Thread 0x0000024276bbcaf0 Exception <a 'sun/nio/fs/WindowsException'{0x00000000cc433d80}> (0x00000000cc433d80) 
thrown [s\src\hotspot\share\prims\jni.cpp, line 516]
Event: 0.121 Thread 0x0000024276bbcaf0 Exception <a 'sun/nio/fs/WindowsException'{0x00000000cc434870}> (0x00000000cc434870) 
thrown [s\src\hotspot\share\prims\jni.cpp, line 516]
Event: 0.190 Thread 0x0000024276bbcaf0 Exception <a 'java/lang/ClassNotFoundException'{0x00000000cc3039e0}: sun/awt/resources/spi/awtProvider> (0x00000000cc3039e0) 
thrown [s\src\hotspot\share\classfile\systemDictionary.cpp, line 256]
Event: 0.227 Thread 0x0000024276bbcaf0 Exception <a 'java/io/FileNotFoundException'{0x00000000cc356eb0}> (0x00000000cc356eb0) 
thrown [s\src\hotspot\share\prims\jni.cpp, line 516]
Event: 0.240 Thread 0x0000024276bbcaf0 Exception <a 'java/io/FileNotFoundException'{0x00000000cc383dd0}> (0x00000000cc383dd0) 
thrown [s\src\hotspot\share\prims\jni.cpp, line 516]
Event: 0.304 Thread 0x0000024276bbcaf0 Exception <a 'java/lang/NoSuchMethodError'{0x00000000cc3c87e8}: 'java.lang.Object java.lang.invoke.DirectMethodHandle$Holder.invokeStaticInit(java.lang.Object)'> (0x00000000cc3c87e8) 
thrown [s\src\hotspot\share\interpreter\linkResolver.cpp, line 759]
Event: 0.482 Thread 0x0000024276bbcaf0 Exception <a 'java/lang/NoSuchMethodError'{0x00000000cc2566d8}: 'void java.lang.invoke.DirectMethodHandle$Holder.invokeSpecial(java.lang.Object, java.lang.Object, java.lang.Object)'> (0x00000000cc2566d8) 
thrown [s\src\hotspot\share\interpreter\linkResolver.cpp, line 759]
Event: 0.505 Thread 0x0000024276bbcaf0 Exception <a 'java/lang/NoSuchMethodError'{0x00000000cc280898}: 'java.lang.Object java.lang.invoke.DirectMethodHandle$Holder.newInvokeSpecial(java.lang.Object, java.lang.Object, java.lang.Object, java.lang.Object, java.lang.Object)'> (0x00000000cc280898) 
thrown [s\src\hotspot\share\interpreter\linkResolver.cpp, line 759]
Event: 0.508 Thread 0x0000024276bbcaf0 Exception <a 'java/lang/NoSuchMethodError'{0x00000000cc28c570}: 'java.lang.Object java.lang.invoke.DirectMethodHandle$Holder.invokeStatic(java.lang.Object, int, java.lang.Object, java.lang.Object, java.lang.Object, java.lang.Object)'> (0x00000000cc28c570) 
thrown [s\src\hotspot\share\interpreter\linkResolver.cpp, line 759]
Event: 0.521 Thread 0x0000024276bbcaf0 Exception <a 'java/lang/NoSuchMethodError'{0x00000000cc2b1d30}: 'java.lang.Object java.lang.invoke.DirectMethodHandle$Holder.invokeStatic(java.lang.Object, int, java.lang.Object)'> (0x00000000cc2b1d30) 
thrown [s\src\hotspot\share\interpreter\linkResolver.cpp, line 759]
Event: 0.584 Thread 0x0000024276bbcaf0 Exception <a 'java/lang/ClassNotFoundException'{0x00000000cc16a508}: com/sun/swing/internal/plaf/metal/resources/spi/metalProvider> (0x00000000cc16a508) 
thrown [s\src\hotspot\share\classfile\systemDictionary.cpp, line 256]
Event: 0.587 Thread 0x0000024276bbcaf0 Exception <a 'java/lang/ClassNotFoundException'{0x00000000cc16e3b0}: com/sun/swing/internal/plaf/basic/resources/spi/basicProvider> (0x00000000cc16e3b0) 
thrown [s\src\hotspot\share\classfile\systemDictionary.cpp, line 256]

VM Operations (4 events):
Event: 0.122 Executing VM operation: HandshakeAllThreads
Event: 0.122 Executing VM operation: HandshakeAllThreads done
Event: 0.611 Executing VM operation: HandshakeAllThreads
Event: 0.611 Executing VM operation: HandshakeAllThreads done

Events (20 events):
Event: 0.629 loading class sun/awt/windows/WFramePeer done
Event: 0.630 loading class sun/awt/windows/WWindowPeer$ActiveWindowListener
Event: 0.630 loading class sun/awt/windows/WWindowPeer$ActiveWindowListener done
Event: 0.631 loading class sun/awt/windows/WWindowPeer$GuiDisposedListener
Event: 0.631 loading class sun/awt/windows/WWindowPeer$GuiDisposedListener done
Event: 0.632 loading class sun/awt/RepaintArea
Event: 0.632 loading class sun/awt/RepaintArea done
Event: 0.632 loading class sun/awt/ExtendedKeyCodes
Event: 0.632 loading class sun/awt/ExtendedKeyCodes done
Event: 0.638 loading class sun/awt/EmbeddedFrame
Event: 0.639 loading class sun/awt/EmbeddedFrame done
Event: 0.639 loading class sun/awt/LightweightFrame
Event: 0.639 loading class sun/awt/LightweightFrame done
Event: 0.640 loading class sun/awt/im/InputMethodWindow
Event: 0.640 loading class sun/awt/im/InputMethodWindow done
Event: 0.647 loading class sun/awt/windows/WComponentPeer$2
Event: 0.647 loading class sun/awt/windows/WComponentPeer$2 done
Event: 0.648 loading class javax/swing/RepaintManager$2
Event: 0.648 loading class javax/swing/RepaintManager$2 done
Event: 0.648 loading class java/awt/event/InvocationEvent


Dynamic libraries:
0x00007ff68ff30000 - 0x00007ff68ff3e000 	C:\Users\hp\AppData\Local\Programs\Eclipse Adoptium\jdk-17.0.5.8-hotspot\bin\java.exe
0x00007fff1da70000 - 0x00007fff1dc87000 	C:\WINDOWS\SYSTEM32\ntdll.dll
0x00007fff1c720000 - 0x00007fff1c7e4000 	C:\WINDOWS\System32\KERNEL32.DLL
0x00007fff1b1c0000 - 0x00007fff1b56d000 	C:\WINDOWS\System32\KERNELBASE.dll
0x00007fff1ae70000 - 0x00007fff1af81000 	C:\WINDOWS\System32\ucrtbase.dll
0x00007fff124a0000 - 0x00007fff124b9000 	C:\Users\hp\AppData\Local\Programs\Eclipse Adoptium\jdk-17.0.5.8-hotspot\bin\VCRUNTIME140.dll
0x00007fff124c0000 - 0x00007fff124d7000 	C:\Users\hp\AppData\Local\Programs\Eclipse Adoptium\jdk-17.0.5.8-hotspot\bin\jli.dll
0x00007fff1bd40000 - 0x00007fff1beee000 	C:\WINDOWS\System32\USER32.dll
0x00007fff1ae40000 - 0x00007fff1ae66000 	C:\WINDOWS\System32\win32u.dll
0x00007fff1c9b0000 - 0x00007fff1c9d9000 	C:\WINDOWS\System32\GDI32.dll
0x00007fff06820000 - 0x00007fff06ab3000 	C:\WINDOWS\WinSxS\amd64_microsoft.windows.common-controls_6595b64144ccf1df_6.0.22621.3672_none_2713b9d173822955\COMCTL32.dll
0x00007fff1b610000 - 0x00007fff1b729000 	C:\WINDOWS\System32\gdi32full.dll
0x00007fff1c8b0000 - 0x00007fff1c957000 	C:\WINDOWS\System32\msvcrt.dll
0x00007fff1ada0000 - 0x00007fff1ae3a000 	C:\WINDOWS\System32\msvcp_win.dll
0x00007fff1cb90000 - 0x00007fff1cbc1000 	C:\WINDOWS\System32\IMM32.DLL
0x00007fff16400000 - 0x00007fff1640c000 	C:\Users\hp\AppData\Local\Programs\Eclipse Adoptium\jdk-17.0.5.8-hotspot\bin\vcruntime140_1.dll
0x00007ffed8eb0000 - 0x00007ffed8f41000 	C:\Users\hp\AppData\Local\Programs\Eclipse Adoptium\jdk-17.0.5.8-hotspot\bin\msvcp140.dll
0x00007ffed90e0000 - 0x00007ffed9d24000 	C:\Users\hp\AppData\Local\Programs\Eclipse Adoptium\jdk-17.0.5.8-hotspot\bin\server\jvm.dll
0x00007fff1ce80000 - 0x00007fff1cf32000 	C:\WINDOWS\System32\ADVAPI32.dll
0x00007fff1c7f0000 - 0x00007fff1c899000 	C:\WINDOWS\System32\sechost.dll
0x00007fff1b5e0000 - 0x00007fff1b608000 	C:\WINDOWS\System32\bcrypt.dll
0x00007fff1bc20000 - 0x00007fff1bd34000 	C:\WINDOWS\System32\RPCRT4.dll
0x00007fff15fa0000 - 0x00007fff15fd4000 	C:\WINDOWS\SYSTEM32\WINMM.dll
0x00007ffef39d0000 - 0x00007ffef39d9000 	C:\WINDOWS\SYSTEM32\WSOCK32.dll
0x00007fff115f0000 - 0x00007fff115fa000 	C:\WINDOWS\SYSTEM32\VERSION.dll
0x00007fff1bba0000 - 0x00007fff1bc11000 	C:\WINDOWS\System32\WS2_32.dll
0x00007fff19dd0000 - 0x00007fff19de8000 	C:\WINDOWS\SYSTEM32\kernel.appcore.dll
0x00007fff12490000 - 0x00007fff1249a000 	C:\Users\hp\AppData\Local\Programs\Eclipse Adoptium\jdk-17.0.5.8-hotspot\bin\jimage.dll
0x00007fff187c0000 - 0x00007fff189f2000 	C:\WINDOWS\SYSTEM32\DBGHELP.DLL
0x00007fff1b810000 - 0x00007fff1bb98000 	C:\WINDOWS\System32\combase.dll
0x00007fff1c5e0000 - 0x00007fff1c6b7000 	C:\WINDOWS\System32\OLEAUT32.dll
0x00007ffeffef0000 - 0x00007ffefff22000 	C:\WINDOWS\SYSTEM32\dbgcore.DLL
0x00007fff1b730000 - 0x00007fff1b7ab000 	C:\WINDOWS\System32\bcryptPrimitives.dll
0x00007fff12340000 - 0x00007fff12365000 	C:\Users\hp\AppData\Local\Programs\Eclipse Adoptium\jdk-17.0.5.8-hotspot\bin\java.dll
0x00007fff054e0000 - 0x00007fff055b6000 	C:\Users\hp\AppData\Local\Programs\Eclipse Adoptium\jdk-17.0.5.8-hotspot\bin\jsvml.dll
0x00007fff1d050000 - 0x00007fff1d8af000 	C:\WINDOWS\System32\SHELL32.dll
0x00007fff18cf0000 - 0x00007fff195ec000 	C:\WINDOWS\SYSTEM32\windows.storage.dll
0x00007fff18bb0000 - 0x00007fff18cef000 	C:\WINDOWS\SYSTEM32\wintypes.dll
0x00007fff1bef0000 - 0x00007fff1bfe4000 	C:\WINDOWS\System32\SHCORE.dll
0x00007fff1c6c0000 - 0x00007fff1c71e000 	C:\WINDOWS\System32\shlwapi.dll
0x00007fff1acd0000 - 0x00007fff1acf1000 	C:\WINDOWS\SYSTEM32\profapi.dll
0x00007fff10d40000 - 0x00007fff10d59000 	C:\Users\hp\AppData\Local\Programs\Eclipse Adoptium\jdk-17.0.5.8-hotspot\bin\net.dll
0x00007fff16ea0000 - 0x00007fff16fd6000 	C:\WINDOWS\SYSTEM32\WINHTTP.dll
0x00007fff1a240000 - 0x00007fff1a2a9000 	C:\WINDOWS\system32\mswsock.dll
0x00007fff05c10000 - 0x00007fff05c25000 	C:\Users\hp\AppData\Local\Programs\Eclipse Adoptium\jdk-17.0.5.8-hotspot\bin\nio.dll
0x00007fff054c0000 - 0x00007fff054d8000 	C:\Users\hp\AppData\Local\Programs\Eclipse Adoptium\jdk-17.0.5.8-hotspot\bin\zip.dll
0x00007ffed8f50000 - 0x00007ffed90de000 	C:\Users\hp\AppData\Local\Programs\Eclipse Adoptium\jdk-17.0.5.8-hotspot\bin\awt.dll
0x00007fff16c30000 - 0x00007fff16cc7000 	C:\WINDOWS\SYSTEM32\apphelp.dll
0x00007fff18430000 - 0x00007fff1845b000 	C:\WINDOWS\system32\DWMAPI.DLL
0x00007fff18020000 - 0x00007fff180cf000 	C:\WINDOWS\system32\uxtheme.dll
0x00007ffed8db0000 - 0x00007ffed8eb0000 	C:\WINDOWS\system32\opengl32.dll
0x00007fff05490000 - 0x00007fff054bd000 	C:\WINDOWS\SYSTEM32\GLU32.dll
0x00007fff182e0000 - 0x00007fff18319000 	C:\WINDOWS\SYSTEM32\dxcore.dll
0x00007fff1d8b0000 - 0x00007fff1da03000 	C:\WINDOWS\System32\MSCTF.dll
0x00007fff1c9e0000 - 0x00007fff1cb85000 	C:\WINDOWS\System32\ole32.dll
0x00007ffec38f0000 - 0x00007ffec3a98000 	C:\WINDOWS\system32\d3d9.dll
0x00007fff11190000 - 0x00007fff11348000 	C:\WINDOWS\System32\DriverStore\FileRepository\u0376648.inf_amd64_10263edfe9a1aa63\B374868\aticfx64.dll
0x00007ffedeb40000 - 0x00007ffedeb74000 	C:\WINDOWS\System32\DriverStore\FileRepository\u0376648.inf_amd64_10263edfe9a1aa63\B374868\atiu9p64.dll
0x00007ffec5460000 - 0x00007ffec61b4000 	C:\WINDOWS\System32\DriverStore\FileRepository\u0376648.inf_amd64_10263edfe9a1aa63\B374868\atiumd64.dll
0x00000000730f0000 - 0x0000000073f63000 	C:\WINDOWS\System32\DriverStore\FileRepository\u0376648.inf_amd64_10263edfe9a1aa63\B374868\atiumd6a.dll
0x00007fff1c070000 - 0x00007fff1c4e4000 	C:\WINDOWS\System32\SETUPAPI.dll
0x00007fff1ac60000 - 0x00007fff1acad000 	C:\WINDOWS\SYSTEM32\POWRPROF.dll
0x00007fff1ac40000 - 0x00007fff1ac53000 	C:\WINDOWS\SYSTEM32\UMPDC.dll
0x00007fff11560000 - 0x00007fff11590000 	C:\WINDOWS\SYSTEM32\amdihk64.dll
0x00007fff138e0000 - 0x00007fff13929000 	C:\WINDOWS\SYSTEM32\directxdatabasehelper.dll

dbghelp: loaded successfully - version: 4.0.5 - missing functions: none
symbol engine: initialized successfully - sym options: 0x614 - pdb path: .;C:\Users\hp\AppData\Local\Programs\Eclipse Adoptium\jdk-17.0.5.8-hotspot\bin;C:\WINDOWS\SYSTEM32;C:\WINDOWS\WinSxS\amd64_microsoft.windows.common-controls_6595b64144ccf1df_6.0.22621.3672_none_2713b9d173822955;C:\Users\hp\AppData\Local\Programs\Eclipse Adoptium\jdk-17.0.5.8-hotspot\bin\server;C:\WINDOWS\System32\DriverStore\FileRepository\u0376648.inf_amd64_10263edfe9a1aa63\B374868

VM Arguments:
jvm_args: -Dfile.encoding=UTF-8 --module-path=C:\Users\hp\Documents\NetBeansProjects\bank management system\build\classes 
java_command: bank.management.system.SignupThree
java_class_path (initial): C:\Users\hp\Downloads\jcalendar-tz-1.3.3-4.jar;C:\Users\hp\Downloads\mysql-connector-java-8.0.28.jar;C:\Users\hp\Documents\NetBeansProjects\bank management system\build\classes
Launcher Type: SUN_STANDARD

[Global flags]
     intx CICompilerCount                          = 3                                         {product} {ergonomic}
     uint ConcGCThreads                            = 1                                         {product} {ergonomic}
     uint G1ConcRefinementThreads                  = 4                                         {product} {ergonomic}
   size_t G1HeapRegionSize                         = 1048576                                   {product} {ergonomic}
    uintx GCDrainStackTargetSize                   = 64                                        {product} {ergonomic}
   size_t InitialHeapSize                          = 58720256                                  {product} {ergonomic}
   size_t MarkStackSize                            = 4194304                                   {product} {ergonomic}
   size_t MaxHeapSize                              = 924844032                                 {product} {ergonomic}
   size_t MaxNewSize                               = 554696704                                 {product} {ergonomic}
   size_t MinHeapDeltaBytes                        = 1048576                                   {product} {ergonomic}
   size_t MinHeapSize                              = 8388608                                   {product} {ergonomic}
    uintx NonNMethodCodeHeapSize                   = 5832780                                {pd product} {ergonomic}
    uintx NonProfiledCodeHeapSize                  = 122912730                              {pd product} {ergonomic}
    uintx ProfiledCodeHeapSize                     = 122912730                              {pd product} {ergonomic}
    uintx ReservedCodeCacheSize                    = 251658240                              {pd product} {ergonomic}
     bool SegmentedCodeCache                       = true                                      {product} {ergonomic}
   size_t SoftMaxHeapSize                          = 924844032                              {manageable} {ergonomic}
     bool UseCompressedClassPointers               = true                           {product lp64_product} {ergonomic}
     bool UseCompressedOops                        = true                           {product lp64_product} {ergonomic}
     bool UseG1GC                                  = true                                      {product} {ergonomic}
     bool UseLargePagesIndividualAllocation        = false                                  {pd product} {ergonomic}

Logging:
Log output configuration:
 #0: stdout all=warning uptime,level,tags
 #1: stderr all=off uptime,level,tags

Environment Variables:
JAVA_HOME=C:\Users\hp\AppData\Local\Programs\Eclipse Adoptium\jdk-17.0.5.8-hotspot\
PATH=C:\Program Files (x86)\Common Files\Oracle\Java\javapath;C:\Program Files (x86)\Common Files\Intel\Shared Libraries\redist\intel64\compiler;C:\WINDOWS\system32;C:\WINDOWS;C:\WINDOWS\System32\Wbem;C:\WINDOWS\System32\WindowsPowerShell\v1.0\;C:\WINDOWS\System32\OpenSSH\;C:\MinGW\bin;C:\Program Files\Cloudflare\Cloudflare WARP\;C:\Users\hp\AppData\Local\Programs\Eclipse Adoptium\jdk-17.0.5.8-hotspot\bin;C:\Users\hp\AppData\Local\Microsoft\WindowsApps;;D:\New folder\Microsoft VS Code\bin
USERNAME=hp
OS=Windows_NT
PROCESSOR_IDENTIFIER=AMD64 Family 23 Model 24 Stepping 1, AuthenticAMD
TMP=C:\Users\hp\AppData\Local\Temp
TEMP=C:\Users\hp\AppData\Local\Temp



---------------  S Y S T E M  ---------------

OS:
 Windows 11 , 64 bit Build 22621 (10.0.22621.3672)
OS uptime: 0 days 1:09 hours

CPU: total 4 (initial active 4) (4 cores per cpu, 2 threads per core) family 23 model 24 stepping 1 microcode 0x0, cx8, cmov, fxsr, ht, mmx, 3dnowpref, sse, sse2, sse3, ssse3, sse4a, sse4.1, sse4.2, popcnt, lzcnt, tsc, tscinvbit, avx, avx2, aes, clmul, bmi1, bmi2, adx, sha, fma, vzeroupper, clflush, clflushopt

Memory: 4k page, system-wide physical 3526M (252M free)
TotalPageFile size 14278M (AvailPageFile size 6M)
current process WorkingSet (physical memory assigned to process): 55M, peak: 55M
current process commit charge ("private bytes"): 147M, peak: 147M

vm_info: OpenJDK 64-Bit Server VM (17.0.5+8) for windows-amd64 JRE (17.0.5+8), built on Oct 19 2022 04:48:13 by "temurin" with MS VC++ 16.7 (VS2019)

END.
