#
# There is insufficient memory for the Java Runtime Environment to continue.
# Native memory allocation (malloc) failed to allocate 738336 bytes for Chunk::new
# Possible reasons:
#   The system is out of physical RAM or swap space
#   The process is running with CompressedOops enabled, and the Java Heap may be blocking the growth of the native heap
# Possible solutions:
#   Reduce memory load on the system
#   Increase physical memory or swap space
#   Check if swap backing store is full
#   Decrease Java heap size (-Xmx/-Xms)
#   Decrease number of Java threads
#   Decrease Java thread stack sizes (-Xss)
#   Set larger code cache with -XX:ReservedCodeCacheSize=
#   JVM is running with Unscaled Compressed Oops mode in which the Java heap is
#     placed in the first 4GB address space. The Java Heap base address is the
#     maximum limit for the native heap growth. Please use -XX:HeapBaseMinAddress
#     to set the Java Heap base and to place the Java Heap above 4GB virtual address.
# This output file may be truncated or incomplete.
#
#  Out of Memory Error (arena.cpp:189), pid=10656, tid=14920
#
# JRE version: OpenJDK Runtime Environment Temurin-17.0.5+8 (17.0.5+8) (build 17.0.5+8)
# Java VM: OpenJDK 64-Bit Server VM Temurin-17.0.5+8 (17.0.5+8, mixed mode, sharing, tiered, compressed oops, compressed class ptrs, g1 gc, windows-amd64)
# No core dump will be written. Minidumps are not enabled by default on client versions of Windows
#

---------------  S U M M A R Y ------------

Command Line: -Dfile.encoding=UTF-8 --module-path=C:\Users\hp\Documents\NetBeansProjects\bank management system\build\classes bank.management.system.Signup

Host: AMD Ryzen 3 3250U with Radeon Graphics         , 4 cores, 3G,  Windows 11 , 64 bit Build 22621 (10.0.22621.3672)
Time: Thu Aug  8 23:32:31 2024 India Standard Time elapsed time: 0.598734 seconds (0d 0h 0m 0s)

---------------  T H R E A D  ---------------

Current thread (0x0000016a7115e0e0):  JavaThread "C2 CompilerThread0" daemon [_thread_in_native, id=14920, stack(0x000000471dd00000,0x000000471de00000)]


Current CompileTask:
C2:    598  726       4       sun.util.locale.BaseLocale::getInstance (149 bytes)

Stack: [0x000000471dd00000,0x000000471de00000]
Native frames: (J=compiled Java code, j=interpreted, Vv=VM code, C=native code)
V  [jvm.dll+0x676b3a]
V  [jvm.dll+0x831444]
V  [jvm.dll+0x832bee]
V  [jvm.dll+0x833253]
V  [jvm.dll+0x244ce5]
V  [jvm.dll+0xabbac]
V  [jvm.dll+0xac17c]
V  [jvm.dll+0x362d57]
V  [jvm.dll+0x32d591]
V  [jvm.dll+0x32ca3a]
V  [jvm.dll+0x217b51]
V  [jvm.dll+0x216f71]
V  [jvm.dll+0x1a343d]
V  [jvm.dll+0x22698a]
V  [jvm.dll+0x224ac5]
V  [jvm.dll+0x7e727b]
V  [jvm.dll+0x7e17ea]
V  [jvm.dll+0x6759e5]
C  [ucrtbase.dll+0x29333]
C  [KERNEL32.DLL+0x1257d]
C  [ntdll.dll+0x5af28]


---------------  P R O C E S S  ---------------

Threads class SMR info:
_java_thread_list=0x0000016a7f00e210, length=16, elements={
0x0000016a7109ca50, 0x0000016a71144a10, 0x0000016a71145790, 0x0000016a711598a0,
0x0000016a7115a360, 0x0000016a7115cc30, 0x0000016a7115d4f0, 0x0000016a7115e0e0,
0x0000016a7d0adfd0, 0x0000016a7d0b9100, 0x0000016a7dc28500, 0x0000016a7dcc2030,
0x0000016a7dea8ca0, 0x0000016a7deadc40, 0x0000016a7deb0bd0, 0x0000016a7f30ea80
}

Java Threads: ( => current thread )
  0x0000016a7109ca50 JavaThread "main" [_thread_in_native, id=5708, stack(0x000000471d000000,0x000000471d100000)]
  0x0000016a71144a10 JavaThread "Reference Handler" daemon [_thread_blocked, id=16100, stack(0x000000471d700000,0x000000471d800000)]
  0x0000016a71145790 JavaThread "Finalizer" daemon [_thread_blocked, id=16116, stack(0x000000471d800000,0x000000471d900000)]
  0x0000016a711598a0 JavaThread "Signal Dispatcher" daemon [_thread_blocked, id=12292, stack(0x000000471d900000,0x000000471da00000)]
  0x0000016a7115a360 JavaThread "Attach Listener" daemon [_thread_blocked, id=19256, stack(0x000000471da00000,0x000000471db00000)]
  0x0000016a7115cc30 JavaThread "Service Thread" daemon [_thread_blocked, id=10856, stack(0x000000471db00000,0x000000471dc00000)]
  0x0000016a7115d4f0 JavaThread "Monitor Deflation Thread" daemon [_thread_blocked, id=5636, stack(0x000000471dc00000,0x000000471dd00000)]
=>0x0000016a7115e0e0 JavaThread "C2 CompilerThread0" daemon [_thread_in_native, id=14920, stack(0x000000471dd00000,0x000000471de00000)]
  0x0000016a7d0adfd0 JavaThread "C1 CompilerThread0" daemon [_thread_in_native, id=11872, stack(0x000000471de00000,0x000000471df00000)]
  0x0000016a7d0b9100 JavaThread "Sweeper thread" daemon [_thread_blocked, id=19272, stack(0x000000471df00000,0x000000471e000000)]
  0x0000016a7dc28500 JavaThread "Common-Cleaner" daemon [_thread_blocked, id=14812, stack(0x000000471e000000,0x000000471e100000)]
  0x0000016a7dcc2030 JavaThread "Notification Thread" daemon [_thread_blocked, id=4020, stack(0x000000471e100000,0x000000471e200000)]
  0x0000016a7dea8ca0 JavaThread "Java2D Disposer" daemon [_thread_blocked, id=17648, stack(0x000000471e300000,0x000000471e400000)]
  0x0000016a7deadc40 JavaThread "AWT-Shutdown" [_thread_blocked, id=18604, stack(0x000000471e400000,0x000000471e500000)]
  0x0000016a7deb0bd0 JavaThread "AWT-Windows" daemon [_thread_in_native, id=8316, stack(0x000000471e500000,0x000000471e600000)]
  0x0000016a7f30ea80 JavaThread "AWT-EventQueue-0" [_thread_blocked, id=10524, stack(0x000000471ec00000,0x000000471ed00000)]

Other Threads:
  0x0000016a7113dee0 VMThread "VM Thread" [stack: 0x000000471d600000,0x000000471d700000] [id=15736]
  0x0000016a7dcdf050 WatcherThread [stack: 0x000000471e200000,0x000000471e300000] [id=15884]
  0x0000016a710d69d0 GCTaskThread "GC Thread#0" [stack: 0x000000471d100000,0x000000471d200000] [id=8224]
  0x0000016a710de660 ConcurrentGCThread "G1 Main Marker" [stack: 0x000000471d200000,0x000000471d300000] [id=19168]
  0x0000016a710def80 ConcurrentGCThread "G1 Conc#0" [stack: 0x000000471d300000,0x000000471d400000] [id=16836]
  0x0000016a7111ec00 ConcurrentGCThread "G1 Refine#0" [stack: 0x000000471d400000,0x000000471d500000] [id=17868]
  0x0000016a7111f530 ConcurrentGCThread "G1 Service" [stack: 0x000000471d500000,0x000000471d600000] [id=14716]

Threads with active compile tasks:
C2 CompilerThread0      633  726       4       sun.util.locale.BaseLocale::getInstance (149 bytes)
C1 CompilerThread0      633  853       1       java.awt.Color::getRGB (5 bytes)

VM state: not at safepoint (normal execution)

VM Mutex/Monitor currently owned by a thread: None

Heap address: 0x00000000c8e00000, size: 882 MB, Compressed Oops mode: 32-bit

CDS archive(s) mapped at: [0x0000000800000000-0x0000000800bc0000-0x0000000800bc0000), size 12320768, SharedBaseAddress: 0x0000000800000000, ArchiveRelocationMode: 0.
Compressed class space mapped at: 0x0000000800c00000-0x0000000840c00000, reserved size: 1073741824
Narrow klass base: 0x0000000800000000, Narrow klass shift: 0, Narrow klass range: 0x100000000

GC Precious Log:
 CPUs: 4 total, 4 available
 Memory: 3526M
 Large Page Support: Disabled
 NUMA Support: Disabled
 Compressed Oops: Enabled (32-bit)
 Heap Region Size: 1M
 Heap Min Capacity: 8M
 Heap Initial Capacity: 56M
 Heap Max Capacity: 882M
 Pre-touch: Disabled
 Parallel Workers: 4
 Concurrent Workers: 1
 Concurrent Refinement Workers: 4
 Periodic GC: Disabled

Heap:
 garbage-first heap   total 57344K, used 7168K [0x00000000c8e00000, 0x0000000100000000)
  region size 1024K, 8 young (8192K), 0 survivors (0K)
 Metaspace       used 7895K, committed 8064K, reserved 1056768K
  class space    used 1005K, committed 1088K, reserved 1048576K

Heap Regions: E=young(eden), S=young(survivor), O=old, HS=humongous(starts), HC=humongous(continues), CS=collection set, F=free, OA=open archive, CA=closed archive, TAMS=top-at-mark-start (previous, next)
|   0|0x00000000c8e00000, 0x00000000c8e00000, 0x00000000c8f00000|  0%| F|  |TAMS 0x00000000c8e00000, 0x00000000c8e00000| Untracked 
|   1|0x00000000c8f00000, 0x00000000c8f00000, 0x00000000c9000000|  0%| F|  |TAMS 0x00000000c8f00000, 0x00000000c8f00000| Untracked 
|   2|0x00000000c9000000, 0x00000000c9000000, 0x00000000c9100000|  0%| F|  |TAMS 0x00000000c9000000, 0x00000000c9000000| Untracked 
|   3|0x00000000c9100000, 0x00000000c9100000, 0x00000000c9200000|  0%| F|  |TAMS 0x00000000c9100000, 0x00000000c9100000| Untracked 
|   4|0x00000000c9200000, 0x00000000c9200000, 0x00000000c9300000|  0%| F|  |TAMS 0x00000000c9200000, 0x00000000c9200000| Untracked 
|   5|0x00000000c9300000, 0x00000000c9300000, 0x00000000c9400000|  0%| F|  |TAMS 0x00000000c9300000, 0x00000000c9300000| Untracked 
|   6|0x00000000c9400000, 0x00000000c9400000, 0x00000000c9500000|  0%| F|  |TAMS 0x00000000c9400000, 0x00000000c9400000| Untracked 
|   7|0x00000000c9500000, 0x00000000c9500000, 0x00000000c9600000|  0%| F|  |TAMS 0x00000000c9500000, 0x00000000c9500000| Untracked 
|   8|0x00000000c9600000, 0x00000000c9600000, 0x00000000c9700000|  0%| F|  |TAMS 0x00000000c9600000, 0x00000000c9600000| Untracked 
|   9|0x00000000c9700000, 0x00000000c9700000, 0x00000000c9800000|  0%| F|  |TAMS 0x00000000c9700000, 0x00000000c9700000| Untracked 
|  10|0x00000000c9800000, 0x00000000c9800000, 0x00000000c9900000|  0%| F|  |TAMS 0x00000000c9800000, 0x00000000c9800000| Untracked 
|  11|0x00000000c9900000, 0x00000000c9900000, 0x00000000c9a00000|  0%| F|  |TAMS 0x00000000c9900000, 0x00000000c9900000| Untracked 
|  12|0x00000000c9a00000, 0x00000000c9a00000, 0x00000000c9b00000|  0%| F|  |TAMS 0x00000000c9a00000, 0x00000000c9a00000| Untracked 
|  13|0x00000000c9b00000, 0x00000000c9b00000, 0x00000000c9c00000|  0%| F|  |TAMS 0x00000000c9b00000, 0x00000000c9b00000| Untracked 
|  14|0x00000000c9c00000, 0x00000000c9c00000, 0x00000000c9d00000|  0%| F|  |TAMS 0x00000000c9c00000, 0x00000000c9c00000| Untracked 
|  15|0x00000000c9d00000, 0x00000000c9d00000, 0x00000000c9e00000|  0%| F|  |TAMS 0x00000000c9d00000, 0x00000000c9d00000| Untracked 
|  16|0x00000000c9e00000, 0x00000000c9e00000, 0x00000000c9f00000|  0%| F|  |TAMS 0x00000000c9e00000, 0x00000000c9e00000| Untracked 
|  17|0x00000000c9f00000, 0x00000000c9f00000, 0x00000000ca000000|  0%| F|  |TAMS 0x00000000c9f00000, 0x00000000c9f00000| Untracked 
|  18|0x00000000ca000000, 0x00000000ca000000, 0x00000000ca100000|  0%| F|  |TAMS 0x00000000ca000000, 0x00000000ca000000| Untracked 
|  19|0x00000000ca100000, 0x00000000ca100000, 0x00000000ca200000|  0%| F|  |TAMS 0x00000000ca100000, 0x00000000ca100000| Untracked 
|  20|0x00000000ca200000, 0x00000000ca200000, 0x00000000ca300000|  0%| F|  |TAMS 0x00000000ca200000, 0x00000000ca200000| Untracked 
|  21|0x00000000ca300000, 0x00000000ca300000, 0x00000000ca400000|  0%| F|  |TAMS 0x00000000ca300000, 0x00000000ca300000| Untracked 
|  22|0x00000000ca400000, 0x00000000ca400000, 0x00000000ca500000|  0%| F|  |TAMS 0x00000000ca400000, 0x00000000ca400000| Untracked 
|  23|0x00000000ca500000, 0x00000000ca500000, 0x00000000ca600000|  0%| F|  |TAMS 0x00000000ca500000, 0x00000000ca500000| Untracked 
|  24|0x00000000ca600000, 0x00000000ca600000, 0x00000000ca700000|  0%| F|  |TAMS 0x00000000ca600000, 0x00000000ca600000| Untracked 
|  25|0x00000000ca700000, 0x00000000ca700000, 0x00000000ca800000|  0%| F|  |TAMS 0x00000000ca700000, 0x00000000ca700000| Untracked 
|  26|0x00000000ca800000, 0x00000000ca800000, 0x00000000ca900000|  0%| F|  |TAMS 0x00000000ca800000, 0x00000000ca800000| Untracked 
|  27|0x00000000ca900000, 0x00000000ca900000, 0x00000000caa00000|  0%| F|  |TAMS 0x00000000ca900000, 0x00000000ca900000| Untracked 
|  28|0x00000000caa00000, 0x00000000caa00000, 0x00000000cab00000|  0%| F|  |TAMS 0x00000000caa00000, 0x00000000caa00000| Untracked 
|  29|0x00000000cab00000, 0x00000000cab00000, 0x00000000cac00000|  0%| F|  |TAMS 0x00000000cab00000, 0x00000000cab00000| Untracked 
|  30|0x00000000cac00000, 0x00000000cac00000, 0x00000000cad00000|  0%| F|  |TAMS 0x00000000cac00000, 0x00000000cac00000| Untracked 
|  31|0x00000000cad00000, 0x00000000cad00000, 0x00000000cae00000|  0%| F|  |TAMS 0x00000000cad00000, 0x00000000cad00000| Untracked 
|  32|0x00000000cae00000, 0x00000000cae00000, 0x00000000caf00000|  0%| F|  |TAMS 0x00000000cae00000, 0x00000000cae00000| Untracked 
|  33|0x00000000caf00000, 0x00000000caf00000, 0x00000000cb000000|  0%| F|  |TAMS 0x00000000caf00000, 0x00000000caf00000| Untracked 
|  34|0x00000000cb000000, 0x00000000cb000000, 0x00000000cb100000|  0%| F|  |TAMS 0x00000000cb000000, 0x00000000cb000000| Untracked 
|  35|0x00000000cb100000, 0x00000000cb100000, 0x00000000cb200000|  0%| F|  |TAMS 0x00000000cb100000, 0x00000000cb100000| Untracked 
|  36|0x00000000cb200000, 0x00000000cb200000, 0x00000000cb300000|  0%| F|  |TAMS 0x00000000cb200000, 0x00000000cb200000| Untracked 
|  37|0x00000000cb300000, 0x00000000cb300000, 0x00000000cb400000|  0%| F|  |TAMS 0x00000000cb300000, 0x00000000cb300000| Untracked 
|  38|0x00000000cb400000, 0x00000000cb400000, 0x00000000cb500000|  0%| F|  |TAMS 0x00000000cb400000, 0x00000000cb400000| Untracked 
|  39|0x00000000cb500000, 0x00000000cb500000, 0x00000000cb600000|  0%| F|  |TAMS 0x00000000cb500000, 0x00000000cb500000| Untracked 
|  40|0x00000000cb600000, 0x00000000cb600000, 0x00000000cb700000|  0%| F|  |TAMS 0x00000000cb600000, 0x00000000cb600000| Untracked 
|  41|0x00000000cb700000, 0x00000000cb700000, 0x00000000cb800000|  0%| F|  |TAMS 0x00000000cb700000, 0x00000000cb700000| Untracked 
|  42|0x00000000cb800000, 0x00000000cb800000, 0x00000000cb900000|  0%| F|  |TAMS 0x00000000cb800000, 0x00000000cb800000| Untracked 
|  43|0x00000000cb900000, 0x00000000cb900000, 0x00000000cba00000|  0%| F|  |TAMS 0x00000000cb900000, 0x00000000cb900000| Untracked 
|  44|0x00000000cba00000, 0x00000000cba00000, 0x00000000cbb00000|  0%| F|  |TAMS 0x00000000cba00000, 0x00000000cba00000| Untracked 
|  45|0x00000000cbb00000, 0x00000000cbb00000, 0x00000000cbc00000|  0%| F|  |TAMS 0x00000000cbb00000, 0x00000000cbb00000| Untracked 
|  46|0x00000000cbc00000, 0x00000000cbc00000, 0x00000000cbd00000|  0%| F|  |TAMS 0x00000000cbc00000, 0x00000000cbc00000| Untracked 
|  47|0x00000000cbd00000, 0x00000000cbd00000, 0x00000000cbe00000|  0%| F|  |TAMS 0x00000000cbd00000, 0x00000000cbd00000| Untracked 
|  48|0x00000000cbe00000, 0x00000000cbf00000, 0x00000000cbf00000|100%| E|  |TAMS 0x00000000cbe00000, 0x00000000cbe00000| Complete 
|  49|0x00000000cbf00000, 0x00000000cc000000, 0x00000000cc000000|100%| E|CS|TAMS 0x00000000cbf00000, 0x00000000cbf00000| Complete 
|  50|0x00000000cc000000, 0x00000000cc100000, 0x00000000cc100000|100%| E|CS|TAMS 0x00000000cc000000, 0x00000000cc000000| Complete 
|  51|0x00000000cc100000, 0x00000000cc200000, 0x00000000cc200000|100%| E|CS|TAMS 0x00000000cc100000, 0x00000000cc100000| Complete 
|  52|0x00000000cc200000, 0x00000000cc300000, 0x00000000cc300000|100%| E|CS|TAMS 0x00000000cc200000, 0x00000000cc200000| Complete 
|  53|0x00000000cc300000, 0x00000000cc400000, 0x00000000cc400000|100%| E|CS|TAMS 0x00000000cc300000, 0x00000000cc300000| Complete 
|  54|0x00000000cc400000, 0x00000000cc500000, 0x00000000cc500000|100%| E|CS|TAMS 0x00000000cc400000, 0x00000000cc400000| Complete 
|  55|0x00000000cc500000, 0x00000000cc600000, 0x00000000cc600000|100%| E|CS|TAMS 0x00000000cc500000, 0x00000000cc500000| Complete 

Card table byte_map: [0x0000016a78d40000,0x0000016a78f00000] _byte_map_base: 0x0000016a786f9000

Marking Bits (Prev, Next): (CMBitMap*) 0x0000016a710d6ef0, (CMBitMap*) 0x0000016a710d6f30
 Prev Bits: [0x0000016a790c0000, 0x0000016a79e88000)
 Next Bits: [0x0000016a79e90000, 0x0000016a7ac58000)

Polling page: 0x0000016a70860000

Metaspace:

Usage:
  Non-class:      6.74 MB used.
      Class:   1005.29 KB used.
       Both:      7.72 MB used.

Virtual space:
  Non-class space:        8.00 MB reserved,       6.81 MB ( 85%) committed,  1 nodes.
      Class space:        1.00 GB reserved,       1.06 MB ( <1%) committed,  1 nodes.
             Both:        1.01 GB reserved,       7.88 MB ( <1%) committed. 

Chunk freelists:
   Non-Class:  1.00 MB
       Class:  2.75 MB
        Both:  3.75 MB

MaxMetaspaceSize: unlimited
CompressedClassSpaceSize: 1.00 GB
Initial GC threshold: 21.00 MB
Current GC threshold: 21.00 MB
CDS: on
MetaspaceReclaimPolicy: balanced
 - commit_granule_bytes: 65536.
 - commit_granule_words: 8192.
 - virtual_space_node_default_size: 1048576.
 - enlarge_chunks_in_place: 1.
 - new_chunks_are_fully_committed: 0.
 - uncommit_free_chunks: 1.
 - use_allocation_guard: 0.
 - handle_deallocations: 1.


Internal statistics:

num_allocs_failed_limit: 0.
num_arena_births: 104.
num_arena_deaths: 0.
num_vsnodes_births: 2.
num_vsnodes_deaths: 0.
num_space_committed: 126.
num_space_uncommitted: 0.
num_chunks_returned_to_freelist: 0.
num_chunks_taken_from_freelist: 163.
num_chunk_merges: 0.
num_chunk_splits: 88.
num_chunks_enlarged: 27.
num_purges: 0.
num_inconsistent_stats: 0.

CodeHeap 'non-profiled nmethods': size=120000Kb used=233Kb max_used=233Kb free=119766Kb
 bounds [0x0000016a07ad0000, 0x0000016a07d40000, 0x0000016a0f000000]
CodeHeap 'profiled nmethods': size=120000Kb used=1325Kb max_used=1325Kb free=118675Kb
 bounds [0x0000016a005a0000, 0x0000016a00810000, 0x0000016a07ad0000]
CodeHeap 'non-nmethods': size=5760Kb used=1237Kb max_used=1237Kb free=4522Kb
 bounds [0x0000016a00000000, 0x0000016a00270000, 0x0000016a005a0000]
 total_blobs=1406 nmethods=851 adapters=468
 compilation: enabled
              stopped_count=0, restarted_count=0
 full_count=0

Compilation events (20 events):
Event: 0.585 Thread 0x0000016a7d0adfd0  794       3       java.nio.ByteBufferAsShortBufferB::byteOffset (9 bytes)
Event: 0.585 Thread 0x0000016a7d0adfd0 nmethod 794 0x0000016a006cd910 code [0x0000016a006cdaa0, 0x0000016a006cdbb8]
Event: 0.585 Thread 0x0000016a7d0adfd0  796       3       java.nio.Buffer::position (52 bytes)
Event: 0.585 Thread 0x0000016a7d0adfd0 nmethod 796 0x0000016a006cdc90 code [0x0000016a006cde40, 0x0000016a006ce0c8]
Event: 0.585 Thread 0x0000016a7d0adfd0  797   !   3       jdk.internal.misc.ScopedMemoryAccess::getIntUnaligned (22 bytes)
Event: 0.585 Thread 0x0000016a7d0adfd0 nmethod 797 0x0000016a006ce190 code [0x0000016a006ce380, 0x0000016a006ce8c8]
Event: 0.585 Thread 0x0000016a7d0adfd0  798   !   3       jdk.internal.misc.ScopedMemoryAccess::getIntUnalignedInternal (38 bytes)
Event: 0.585 Thread 0x0000016a7d0adfd0 nmethod 798 0x0000016a006ceb10 code [0x0000016a006cece0, 0x0000016a006cefd8]
Event: 0.585 Thread 0x0000016a7d0adfd0  799       3       java.nio.ByteBuffer::position (8 bytes)
Event: 0.586 Thread 0x0000016a7d0adfd0 nmethod 799 0x0000016a006cf190 code [0x0000016a006cf320, 0x0000016a006cf468]
Event: 0.588 Thread 0x0000016a7d0adfd0  800       1       java.lang.Thread::isInterrupted (5 bytes)
Event: 0.588 Thread 0x0000016a7d0adfd0 nmethod 800 0x0000016a07b08110 code [0x0000016a07b082a0, 0x0000016a07b08378]
Event: 0.588 Thread 0x0000016a7d0adfd0  802       3       java.nio.channels.spi.AbstractInterruptibleChannel::blockedOn (10 bytes)
Event: 0.588 Thread 0x0000016a7d0adfd0 nmethod 802 0x0000016a006cf510 code [0x0000016a006cf6c0, 0x0000016a006cf8e8]
Event: 0.588 Thread 0x0000016a7d0adfd0  801       1       sun.nio.ch.NativeThread::current (2 bytes)
Event: 0.588 Thread 0x0000016a7d0adfd0 nmethod 801 0x0000016a07b08410 code [0x0000016a07b085a0, 0x0000016a07b08658]
Event: 0.591 Thread 0x0000016a7d0adfd0  804   !   3       java.lang.invoke.MemberName::clone (14 bytes)
Event: 0.592 Thread 0x0000016a7d0adfd0 nmethod 804 0x0000016a006cfa10 code [0x0000016a006cfbe0, 0x0000016a006cff58]
Event: 0.592 Thread 0x0000016a7d0adfd0  805       3       java.security.AccessController::doPrivileged (9 bytes)
Event: 0.593 Thread 0x0000016a7d0adfd0 nmethod 805 0x0000016a006d0110 code [0x0000016a006d02e0, 0x0000016a006d0618]

GC Heap History (0 events):
No events

Dll operation events (10 events):
Event: 0.020 Loaded shared library C:\Users\hp\AppData\Local\Programs\Eclipse Adoptium\jdk-17.0.5.8-hotspot\bin\java.dll
Event: 0.034 Loaded shared library C:\Users\hp\AppData\Local\Programs\Eclipse Adoptium\jdk-17.0.5.8-hotspot\bin\jsvml.dll
Event: 0.106 Loaded shared library C:\Users\hp\AppData\Local\Programs\Eclipse Adoptium\jdk-17.0.5.8-hotspot\bin\net.dll
Event: 0.109 Loaded shared library C:\Users\hp\AppData\Local\Programs\Eclipse Adoptium\jdk-17.0.5.8-hotspot\bin\nio.dll
Event: 0.139 Loaded shared library C:\Users\hp\AppData\Local\Programs\Eclipse Adoptium\jdk-17.0.5.8-hotspot\bin\zip.dll
Event: 0.167 Loaded shared library C:\Users\hp\AppData\Local\Programs\Eclipse Adoptium\jdk-17.0.5.8-hotspot\bin\jimage.dll
Event: 0.185 Loaded shared library C:\Users\hp\AppData\Local\Programs\Eclipse Adoptium\jdk-17.0.5.8-hotspot\bin\awt.dll
Event: 0.446 Loaded shared library C:\Users\hp\AppData\Local\Programs\Eclipse Adoptium\jdk-17.0.5.8-hotspot\bin\verify.dll
Event: 0.543 Loaded shared library C:\Users\hp\AppData\Local\Programs\Eclipse Adoptium\jdk-17.0.5.8-hotspot\bin\freetype.dll
Event: 0.545 Loaded shared library C:\Users\hp\AppData\Local\Programs\Eclipse Adoptium\jdk-17.0.5.8-hotspot\bin\fontmanager.dll

Deoptimization events (20 events):
Event: 0.160 Thread 0x0000016a7109ca50 Uncommon trap: trap_request=0xffffffde fr.pc=0x0000016a07adedd0 relative=0x00000000000007f0
Event: 0.160 Thread 0x0000016a7109ca50 Uncommon trap: reason=class_check action=maybe_recompile pc=0x0000016a07adedd0 method=java.util.HashMap.putVal(ILjava/lang/Object;Ljava/lang/Object;ZZ)Ljava/lang/Object; @ 152 c2
Event: 0.160 Thread 0x0000016a7109ca50 DEOPT PACKING pc=0x0000016a07adedd0 sp=0x000000471d0fab20
Event: 0.160 Thread 0x0000016a7109ca50 DEOPT UNPACKING pc=0x0000016a000523a3 sp=0x000000471d0faaa0 mode 2
Event: 0.355 Thread 0x0000016a7109ca50 Uncommon trap: trap_request=0xffffff45 fr.pc=0x0000016a07adee40 relative=0x0000000000000860
Event: 0.355 Thread 0x0000016a7109ca50 Uncommon trap: reason=unstable_if action=reinterpret pc=0x0000016a07adee40 method=java.util.HashMap.putVal(ILjava/lang/Object;Ljava/lang/Object;ZZ)Ljava/lang/Object; @ 81 c2
Event: 0.355 Thread 0x0000016a7109ca50 DEOPT PACKING pc=0x0000016a07adee40 sp=0x000000471d0fe3b0
Event: 0.355 Thread 0x0000016a7109ca50 DEOPT UNPACKING pc=0x0000016a000523a3 sp=0x000000471d0fe350 mode 2
Event: 0.507 Thread 0x0000016a7109ca50 Uncommon trap: trap_request=0xffffff45 fr.pc=0x0000016a07aff570 relative=0x00000000000003d0
Event: 0.507 Thread 0x0000016a7109ca50 Uncommon trap: reason=unstable_if action=reinterpret pc=0x0000016a07aff570 method=java.lang.StringLatin1.newString([BII)Ljava/lang/String; @ 1 c2
Event: 0.507 Thread 0x0000016a7109ca50 DEOPT PACKING pc=0x0000016a07aff570 sp=0x000000471d0feaa0
Event: 0.507 Thread 0x0000016a7109ca50 DEOPT UNPACKING pc=0x0000016a000523a3 sp=0x000000471d0fea80 mode 2
Event: 0.556 Thread 0x0000016a7109ca50 Uncommon trap: trap_request=0xffffff45 fr.pc=0x0000016a07b04d40 relative=0x0000000000000340
Event: 0.556 Thread 0x0000016a7109ca50 Uncommon trap: reason=unstable_if action=reinterpret pc=0x0000016a07b04d40 method=java.lang.StringUTF16.compress([CI[BII)I @ 20 c2
Event: 0.556 Thread 0x0000016a7109ca50 DEOPT PACKING pc=0x0000016a07b04d40 sp=0x000000471d0fcf70
Event: 0.556 Thread 0x0000016a7109ca50 DEOPT UNPACKING pc=0x0000016a000523a3 sp=0x000000471d0fcef0 mode 2
Event: 0.557 Thread 0x0000016a7109ca50 Uncommon trap: trap_request=0xffffff45 fr.pc=0x0000016a07afe238 relative=0x0000000000000218
Event: 0.557 Thread 0x0000016a7109ca50 Uncommon trap: reason=unstable_if action=reinterpret pc=0x0000016a07afe238 method=java.util.StringTokenizer.scanToken(I)I @ 42 c2
Event: 0.557 Thread 0x0000016a7109ca50 DEOPT PACKING pc=0x0000016a07afe238 sp=0x000000471d0fd290
Event: 0.557 Thread 0x0000016a7109ca50 DEOPT UNPACKING pc=0x0000016a000523a3 sp=0x000000471d0fd220 mode 2

Classes unloaded (0 events):
No events

Classes redefined (0 events):
No events

Internal exceptions (15 events):
Event: 0.111 Thread 0x0000016a7109ca50 Exception <a 'sun/nio/fs/WindowsException'{0x00000000cc430978}> (0x00000000cc430978) 
thrown [s\src\hotspot\share\prims\jni.cpp, line 516]
Event: 0.111 Thread 0x0000016a7109ca50 Exception <a 'sun/nio/fs/WindowsException'{0x00000000cc430ed8}> (0x00000000cc430ed8) 
thrown [s\src\hotspot\share\prims\jni.cpp, line 516]
Event: 0.113 Thread 0x0000016a7109ca50 Exception <a 'sun/nio/fs/WindowsException'{0x00000000cc4332a8}> (0x00000000cc4332a8) 
thrown [s\src\hotspot\share\prims\jni.cpp, line 516]
Event: 0.114 Thread 0x0000016a7109ca50 Exception <a 'sun/nio/fs/WindowsException'{0x00000000cc433d80}> (0x00000000cc433d80) 
thrown [s\src\hotspot\share\prims\jni.cpp, line 516]
Event: 0.114 Thread 0x0000016a7109ca50 Exception <a 'sun/nio/fs/WindowsException'{0x00000000cc434870}> (0x00000000cc434870) 
thrown [s\src\hotspot\share\prims\jni.cpp, line 516]
Event: 0.173 Thread 0x0000016a7109ca50 Exception <a 'java/lang/ClassNotFoundException'{0x00000000cc315010}: sun/awt/resources/spi/awtProvider> (0x00000000cc315010) 
thrown [s\src\hotspot\share\classfile\systemDictionary.cpp, line 256]
Event: 0.199 Thread 0x0000016a7109ca50 Exception <a 'java/io/FileNotFoundException'{0x00000000cc3684e8}> (0x00000000cc3684e8) 
thrown [s\src\hotspot\share\prims\jni.cpp, line 516]
Event: 0.207 Thread 0x0000016a7109ca50 Exception <a 'java/io/FileNotFoundException'{0x00000000cc395678}> (0x00000000cc395678) 
thrown [s\src\hotspot\share\prims\jni.cpp, line 516]
Event: 0.254 Thread 0x0000016a7109ca50 Exception <a 'java/lang/NoSuchMethodError'{0x00000000cc3d9c70}: 'java.lang.Object java.lang.invoke.DirectMethodHandle$Holder.invokeStaticInit(java.lang.Object)'> (0x00000000cc3d9c70) 
thrown [s\src\hotspot\share\interpreter\linkResolver.cpp, line 759]
Event: 0.357 Thread 0x0000016a7109ca50 Exception <a 'java/lang/NoSuchMethodError'{0x00000000cc267ab0}: 'void java.lang.invoke.DirectMethodHandle$Holder.invokeSpecial(java.lang.Object, java.lang.Object, java.lang.Object)'> (0x00000000cc267ab0) 
thrown [s\src\hotspot\share\interpreter\linkResolver.cpp, line 759]
Event: 0.366 Thread 0x0000016a7109ca50 Exception <a 'java/lang/NoSuchMethodError'{0x00000000cc291e60}: 'java.lang.Object java.lang.invoke.DirectMethodHandle$Holder.newInvokeSpecial(java.lang.Object, java.lang.Object, java.lang.Object, java.lang.Object, java.lang.Object)'> (0x00000000cc291e60) 
thrown [s\src\hotspot\share\interpreter\linkResolver.cpp, line 759]
Event: 0.367 Thread 0x0000016a7109ca50 Exception <a 'java/lang/NoSuchMethodError'{0x00000000cc29d828}: 'java.lang.Object java.lang.invoke.DirectMethodHandle$Holder.invokeStatic(java.lang.Object, int, java.lang.Object, java.lang.Object, java.lang.Object, java.lang.Object)'> (0x00000000cc29d828) 
thrown [s\src\hotspot\share\interpreter\linkResolver.cpp, line 759]
Event: 0.372 Thread 0x0000016a7109ca50 Exception <a 'java/lang/NoSuchMethodError'{0x00000000cc2c3070}: 'java.lang.Object java.lang.invoke.DirectMethodHandle$Holder.invokeStatic(java.lang.Object, int, java.lang.Object)'> (0x00000000cc2c3070) 
thrown [s\src\hotspot\share\interpreter\linkResolver.cpp, line 759]
Event: 0.402 Thread 0x0000016a7109ca50 Exception <a 'java/lang/ClassNotFoundException'{0x00000000cc17b780}: com/sun/swing/internal/plaf/metal/resources/spi/metalProvider> (0x00000000cc17b780) 
thrown [s\src\hotspot\share\classfile\systemDictionary.cpp, line 256]
Event: 0.403 Thread 0x0000016a7109ca50 Exception <a 'java/lang/ClassNotFoundException'{0x00000000cc17f628}: com/sun/swing/internal/plaf/basic/resources/spi/basicProvider> (0x00000000cc17f628) 
thrown [s\src\hotspot\share\classfile\systemDictionary.cpp, line 256]

VM Operations (6 events):
Event: 0.115 Executing VM operation: HandshakeAllThreads
Event: 0.115 Executing VM operation: HandshakeAllThreads done
Event: 0.437 Executing VM operation: HandshakeAllThreads
Event: 0.437 Executing VM operation: HandshakeAllThreads done
Event: 0.569 Executing VM operation: HandshakeAllThreads
Event: 0.569 Executing VM operation: HandshakeAllThreads done

Events (20 events):
Event: 0.594 loading class java/awt/EventDispatchThread$HierarchyEventFilter done
Event: 0.594 loading class java/awt/ModalEventFilter
Event: 0.594 loading class java/awt/ModalEventFilter done
Event: 0.594 loading class java/awt/EventFilter$FilterAction
Event: 0.594 loading class java/awt/EventFilter$FilterAction done
Event: 0.594 loading class sun/awt/dnd/SunDragSourceContextPeer
Event: 0.594 loading class javax/swing/plaf/basic/BasicSpinnerUI
Event: 0.594 loading class java/awt/dnd/peer/DragSourceContextPeer
Event: 0.594 loading class java/awt/dnd/peer/DragSourceContextPeer done
Event: 0.594 loading class javax/swing/plaf/SpinnerUI
Event: 0.594 loading class sun/awt/dnd/SunDragSourceContextPeer done
Event: 0.594 loading class javax/swing/plaf/SpinnerUI done
Event: 0.594 loading class javax/swing/plaf/basic/BasicSpinnerUI done
Event: 0.594 loading class java/awt/EventQueue$4
Event: 0.594 loading class javax/swing/plaf/basic/BasicSpinnerUI$ArrowButtonHandler
Event: 0.594 loading class java/awt/EventQueue$4 done
Event: 0.594 loading class java/awt/EventQueue$5
Event: 0.594 loading class java/awt/EventQueue$5 done
Event: 0.595 loading class javax/swing/plaf/basic/BasicSpinnerUI$ArrowButtonHandler done
Event: 0.595 loading class java/awt/event/InputMethodEvent


Dynamic libraries:
0x00007ff7b7310000 - 0x00007ff7b731e000 	C:\Users\hp\AppData\Local\Programs\Eclipse Adoptium\jdk-17.0.5.8-hotspot\bin\java.exe
0x00007ffbb68d0000 - 0x00007ffbb6ae7000 	C:\WINDOWS\SYSTEM32\ntdll.dll
0x00007ffbb4fd0000 - 0x00007ffbb5094000 	C:\WINDOWS\System32\KERNEL32.DLL
0x00007ffbb4100000 - 0x00007ffbb44ad000 	C:\WINDOWS\System32\KERNELBASE.dll
0x00007ffbb3fe0000 - 0x00007ffbb40f1000 	C:\WINDOWS\System32\ucrtbase.dll
0x00007ffbaf620000 - 0x00007ffbaf637000 	C:\Users\hp\AppData\Local\Programs\Eclipse Adoptium\jdk-17.0.5.8-hotspot\bin\jli.dll
0x00007ffbaf880000 - 0x00007ffbaf899000 	C:\Users\hp\AppData\Local\Programs\Eclipse Adoptium\jdk-17.0.5.8-hotspot\bin\VCRUNTIME140.dll
0x00007ffbb4610000 - 0x00007ffbb47be000 	C:\WINDOWS\System32\USER32.dll
0x00007ffbb3fb0000 - 0x00007ffbb3fd6000 	C:\WINDOWS\System32\win32u.dll
0x00007ffb9ed10000 - 0x00007ffb9efa3000 	C:\WINDOWS\WinSxS\amd64_microsoft.windows.common-controls_6595b64144ccf1df_6.0.22621.3672_none_2713b9d173822955\COMCTL32.dll
0x00007ffbb62a0000 - 0x00007ffbb6347000 	C:\WINDOWS\System32\msvcrt.dll
0x00007ffbb4e40000 - 0x00007ffbb4e69000 	C:\WINDOWS\System32\GDI32.dll
0x00007ffbb3c00000 - 0x00007ffbb3d19000 	C:\WINDOWS\System32\gdi32full.dll
0x00007ffbb4570000 - 0x00007ffbb460a000 	C:\WINDOWS\System32\msvcp_win.dll
0x00007ffbb6410000 - 0x00007ffbb6441000 	C:\WINDOWS\System32\IMM32.DLL
0x00007ffbb03c0000 - 0x00007ffbb03cc000 	C:\Users\hp\AppData\Local\Programs\Eclipse Adoptium\jdk-17.0.5.8-hotspot\bin\vcruntime140_1.dll
0x00007ffb796c0000 - 0x00007ffb79751000 	C:\Users\hp\AppData\Local\Programs\Eclipse Adoptium\jdk-17.0.5.8-hotspot\bin\msvcp140.dll
0x00007ffb6ec60000 - 0x00007ffb6f8a4000 	C:\Users\hp\AppData\Local\Programs\Eclipse Adoptium\jdk-17.0.5.8-hotspot\bin\server\jvm.dll
0x00007ffbb6350000 - 0x00007ffbb6402000 	C:\WINDOWS\System32\ADVAPI32.dll
0x00007ffbb4820000 - 0x00007ffbb48c9000 	C:\WINDOWS\System32\sechost.dll
0x00007ffbb3f10000 - 0x00007ffbb3f38000 	C:\WINDOWS\System32\bcrypt.dll
0x00007ffbb5360000 - 0x00007ffbb5474000 	C:\WINDOWS\System32\RPCRT4.dll
0x00007ffbaf740000 - 0x00007ffbaf774000 	C:\WINDOWS\SYSTEM32\WINMM.dll
0x00007ffb74040000 - 0x00007ffb74049000 	C:\WINDOWS\SYSTEM32\WSOCK32.dll
0x00007ffbb5590000 - 0x00007ffbb5601000 	C:\WINDOWS\System32\WS2_32.dll
0x00007ffbab160000 - 0x00007ffbab16a000 	C:\WINDOWS\SYSTEM32\VERSION.dll
0x00007ffbb2c30000 - 0x00007ffbb2c48000 	C:\WINDOWS\SYSTEM32\kernel.appcore.dll
0x00007ffbaf910000 - 0x00007ffbaf91a000 	C:\Users\hp\AppData\Local\Programs\Eclipse Adoptium\jdk-17.0.5.8-hotspot\bin\jimage.dll
0x00007ffbb1650000 - 0x00007ffbb1882000 	C:\WINDOWS\SYSTEM32\DBGHELP.DLL
0x00007ffbb6450000 - 0x00007ffbb67d8000 	C:\WINDOWS\System32\combase.dll
0x00007ffbb48d0000 - 0x00007ffbb49a7000 	C:\WINDOWS\System32\OLEAUT32.dll
0x00007ffb998d0000 - 0x00007ffb99902000 	C:\WINDOWS\SYSTEM32\dbgcore.DLL
0x00007ffbb3e90000 - 0x00007ffbb3f0b000 	C:\WINDOWS\System32\bcryptPrimitives.dll
0x00007ffbac8b0000 - 0x00007ffbac8d5000 	C:\Users\hp\AppData\Local\Programs\Eclipse Adoptium\jdk-17.0.5.8-hotspot\bin\java.dll
0x00007ffb79760000 - 0x00007ffb79836000 	C:\Users\hp\AppData\Local\Programs\Eclipse Adoptium\jdk-17.0.5.8-hotspot\bin\jsvml.dll
0x00007ffbb5920000 - 0x00007ffbb617f000 	C:\WINDOWS\System32\SHELL32.dll
0x00007ffbb1b50000 - 0x00007ffbb244c000 	C:\WINDOWS\SYSTEM32\windows.storage.dll
0x00007ffbb1a10000 - 0x00007ffbb1b4f000 	C:\WINDOWS\SYSTEM32\wintypes.dll
0x00007ffbb6180000 - 0x00007ffbb6274000 	C:\WINDOWS\System32\SHCORE.dll
0x00007ffbb4f70000 - 0x00007ffbb4fce000 	C:\WINDOWS\System32\shlwapi.dll
0x00007ffbb3b30000 - 0x00007ffbb3b51000 	C:\WINDOWS\SYSTEM32\profapi.dll
0x00007ffbaee80000 - 0x00007ffbaee99000 	C:\Users\hp\AppData\Local\Programs\Eclipse Adoptium\jdk-17.0.5.8-hotspot\bin\net.dll
0x00007ffbafcf0000 - 0x00007ffbafe26000 	C:\WINDOWS\SYSTEM32\WINHTTP.dll
0x00007ffbb30a0000 - 0x00007ffbb3109000 	C:\WINDOWS\system32\mswsock.dll
0x00007ffbabc20000 - 0x00007ffbabc35000 	C:\Users\hp\AppData\Local\Programs\Eclipse Adoptium\jdk-17.0.5.8-hotspot\bin\nio.dll
0x00007ffbab2d0000 - 0x00007ffbab2e8000 	C:\Users\hp\AppData\Local\Programs\Eclipse Adoptium\jdk-17.0.5.8-hotspot\bin\zip.dll
0x00007ffb6ead0000 - 0x00007ffb6ec5e000 	C:\Users\hp\AppData\Local\Programs\Eclipse Adoptium\jdk-17.0.5.8-hotspot\bin\awt.dll
0x00007ffbaf530000 - 0x00007ffbaf5c7000 	C:\WINDOWS\SYSTEM32\apphelp.dll
0x00007ffbb1290000 - 0x00007ffbb12bb000 	C:\WINDOWS\system32\DWMAPI.DLL
0x00007ffbb0e50000 - 0x00007ffbb0eff000 	C:\WINDOWS\system32\uxtheme.dll
0x00007ffb6e9d0000 - 0x00007ffb6ead0000 	C:\WINDOWS\system32\opengl32.dll
0x00007ffb9d5a0000 - 0x00007ffb9d5cd000 	C:\WINDOWS\SYSTEM32\GLU32.dll
0x00007ffbb0f50000 - 0x00007ffbb0f89000 	C:\WINDOWS\SYSTEM32\dxcore.dll
0x00007ffbb5610000 - 0x00007ffbb5763000 	C:\WINDOWS\System32\MSCTF.dll
0x00007ffbb5770000 - 0x00007ffbb5915000 	C:\WINDOWS\System32\ole32.dll
0x00007ffb48670000 - 0x00007ffb48818000 	C:\WINDOWS\system32\d3d9.dll
0x00007ffba9f40000 - 0x00007ffbaa0f8000 	C:\WINDOWS\System32\DriverStore\FileRepository\u0376648.inf_amd64_10263edfe9a1aa63\B374868\aticfx64.dll
0x00007ffb48f00000 - 0x00007ffb48f34000 	C:\WINDOWS\System32\DriverStore\FileRepository\u0376648.inf_amd64_10263edfe9a1aa63\B374868\atiu9p64.dll
0x00007ffb46e50000 - 0x00007ffb47ba4000 	C:\WINDOWS\System32\DriverStore\FileRepository\u0376648.inf_amd64_10263edfe9a1aa63\B374868\atiumd64.dll
0x0000000067a00000 - 0x0000000068873000 	C:\WINDOWS\System32\DriverStore\FileRepository\u0376648.inf_amd64_10263edfe9a1aa63\B374868\atiumd6a.dll
0x00007ffbb49b0000 - 0x00007ffbb4e24000 	C:\WINDOWS\System32\SETUPAPI.dll
0x00007ffbb3ac0000 - 0x00007ffbb3b0d000 	C:\WINDOWS\SYSTEM32\POWRPROF.dll
0x00007ffbb3aa0000 - 0x00007ffbb3ab3000 	C:\WINDOWS\SYSTEM32\UMPDC.dll
0x00007ffba9c00000 - 0x00007ffba9c30000 	C:\WINDOWS\SYSTEM32\amdihk64.dll
0x00007ffbac450000 - 0x00007ffbac499000 	C:\WINDOWS\SYSTEM32\directxdatabasehelper.dll
0x00007ffbaf870000 - 0x00007ffbaf880000 	C:\Users\hp\AppData\Local\Programs\Eclipse Adoptium\jdk-17.0.5.8-hotspot\bin\verify.dll
0x00007ffb74a70000 - 0x00007ffb74af6000 	C:\Users\hp\AppData\Local\Programs\Eclipse Adoptium\jdk-17.0.5.8-hotspot\bin\freetype.dll
0x00007ffb6e900000 - 0x00007ffb6e9c5000 	C:\Users\hp\AppData\Local\Programs\Eclipse Adoptium\jdk-17.0.5.8-hotspot\bin\fontmanager.dll

dbghelp: loaded successfully - version: 4.0.5 - missing functions: none
symbol engine: initialized successfully - sym options: 0x614 - pdb path: .;C:\Users\hp\AppData\Local\Programs\Eclipse Adoptium\jdk-17.0.5.8-hotspot\bin;C:\WINDOWS\SYSTEM32;C:\WINDOWS\WinSxS\amd64_microsoft.windows.common-controls_6595b64144ccf1df_6.0.22621.3672_none_2713b9d173822955;C:\Users\hp\AppData\Local\Programs\Eclipse Adoptium\jdk-17.0.5.8-hotspot\bin\server;C:\WINDOWS\System32\DriverStore\FileRepository\u0376648.inf_amd64_10263edfe9a1aa63\B374868

VM Arguments:
jvm_args: -Dfile.encoding=UTF-8 --module-path=C:\Users\hp\Documents\NetBeansProjects\bank management system\build\classes 
java_command: bank.management.system.Signup
java_class_path (initial): C:\Users\hp\Downloads\jcalendar-tz-1.3.3-4.jar;C:\Users\hp\Downloads\mysql-connector-java-8.0.28.jar;C:\Users\hp\Documents\NetBeansProjects\bank management system\build\classes
Launcher Type: SUN_STANDARD

[Global flags]
     intx CICompilerCount                          = 3                                         {product} {ergonomic}
     uint ConcGCThreads                            = 1                                         {product} {ergonomic}
     uint G1ConcRefinementThreads                  = 4                                         {product} {ergonomic}
   size_t G1HeapRegionSize                         = 1048576                                   {product} {ergonomic}
    uintx GCDrainStackTargetSize                   = 64                                        {product} {ergonomic}
   size_t InitialHeapSize                          = 58720256                                  {product} {ergonomic}
   size_t MarkStackSize                            = 4194304                                   {product} {ergonomic}
   size_t MaxHeapSize                              = 924844032                                 {product} {ergonomic}
   size_t MaxNewSize                               = 554696704                                 {product} {ergonomic}
   size_t MinHeapDeltaBytes                        = 1048576                                   {product} {ergonomic}
   size_t MinHeapSize                              = 8388608                                   {product} {ergonomic}
    uintx NonNMethodCodeHeapSize                   = 5832780                                {pd product} {ergonomic}
    uintx NonProfiledCodeHeapSize                  = 122912730                              {pd product} {ergonomic}
    uintx ProfiledCodeHeapSize                     = 122912730                              {pd product} {ergonomic}
    uintx ReservedCodeCacheSize                    = 251658240                              {pd product} {ergonomic}
     bool SegmentedCodeCache                       = true                                      {product} {ergonomic}
   size_t SoftMaxHeapSize                          = 924844032                              {manageable} {ergonomic}
     bool UseCompressedClassPointers               = true                           {product lp64_product} {ergonomic}
     bool UseCompressedOops                        = true                           {product lp64_product} {ergonomic}
     bool UseG1GC                                  = true                                      {product} {ergonomic}
     bool UseLargePagesIndividualAllocation        = false                                  {pd product} {ergonomic}

Logging:
Log output configuration:
 #0: stdout all=warning uptime,level,tags
 #1: stderr all=off uptime,level,tags

Environment Variables:
JAVA_HOME=C:\Users\hp\AppData\Local\Programs\Eclipse Adoptium\jdk-17.0.5.8-hotspot\
PATH=C:\Program Files (x86)\Common Files\Oracle\Java\javapath;C:\Program Files (x86)\Common Files\Intel\Shared Libraries\redist\intel64\compiler;C:\WINDOWS\system32;C:\WINDOWS;C:\WINDOWS\System32\Wbem;C:\WINDOWS\System32\WindowsPowerShell\v1.0\;C:\WINDOWS\System32\OpenSSH\;C:\MinGW\bin;C:\Program Files\Cloudflare\Cloudflare WARP\;C:\Users\hp\AppData\Local\Programs\Eclipse Adoptium\jdk-17.0.5.8-hotspot\bin;C:\Users\hp\AppData\Local\Microsoft\WindowsApps;;D:\New folder\Microsoft VS Code\bin
USERNAME=hp
OS=Windows_NT
PROCESSOR_IDENTIFIER=AMD64 Family 23 Model 24 Stepping 1, AuthenticAMD
TMP=C:\Users\hp\AppData\Local\Temp
TEMP=C:\Users\hp\AppData\Local\Temp



---------------  S Y S T E M  ---------------

OS:
 Windows 11 , 64 bit Build 22621 (10.0.22621.3672)
OS uptime: 0 days 3:45 hours

CPU: total 4 (initial active 4) (4 cores per cpu, 2 threads per core) family 23 model 24 stepping 1 microcode 0x0, cx8, cmov, fxsr, ht, mmx, 3dnowpref, sse, sse2, sse3, ssse3, sse4a, sse4.1, sse4.2, popcnt, lzcnt, tsc, tscinvbit, avx, avx2, aes, clmul, bmi1, bmi2, adx, sha, fma, vzeroupper, clflush, clflushopt

Memory: 4k page, system-wide physical 3526M (265M free)
TotalPageFile size 14278M (AvailPageFile size 3M)
current process WorkingSet (physical memory assigned to process): 70M, peak: 70M
current process commit charge ("private bytes"): 157M, peak: 157M

vm_info: OpenJDK 64-Bit Server VM (17.0.5+8) for windows-amd64 JRE (17.0.5+8), built on Oct 19 2022 04:48:13 by "temurin" with MS VC++ 16.7 (VS2019)

END.
