#
# There is insufficient memory for the Java Runtime Environment to continue.
# Native memory allocation (malloc) failed to allocate 713776 bytes for Chunk::new
# Possible reasons:
#   The system is out of physical RAM or swap space
#   The process is running with CompressedOops enabled, and the Java Heap may be blocking the growth of the native heap
# Possible solutions:
#   Reduce memory load on the system
#   Increase physical memory or swap space
#   Check if swap backing store is full
#   Decrease Java heap size (-Xmx/-Xms)
#   Decrease number of Java threads
#   Decrease Java thread stack sizes (-Xss)
#   Set larger code cache with -XX:ReservedCodeCacheSize=
#   JVM is running with Unscaled Compressed Oops mode in which the Java heap is
#     placed in the first 4GB address space. The Java Heap base address is the
#     maximum limit for the native heap growth. Please use -XX:HeapBaseMinAddress
#     to set the Java Heap base and to place the Java Heap above 4GB virtual address.
# This output file may be truncated or incomplete.
#
#  Out of Memory Error (arena.cpp:189), pid=16900, tid=13396
#
# JRE version: OpenJDK Runtime Environment Temurin-17.0.5+8 (17.0.5+8) (build 17.0.5+8)
# Java VM: OpenJDK 64-Bit Server VM Temurin-17.0.5+8 (17.0.5+8, mixed mode, sharing, tiered, compressed oops, compressed class ptrs, g1 gc, windows-amd64)
# No core dump will be written. Minidumps are not enabled by default on client versions of Windows
#

---------------  S U M M A R Y ------------

Command Line: -Dfile.encoding=UTF-8 --module-path=C:\Users\hp\Documents\NetBeansProjects\bank management system\build\classes bank.management.system.Signup

Host: AMD Ryzen 3 3250U with Radeon Graphics         , 4 cores, 3G,  Windows 11 , 64 bit Build 22621 (10.0.22621.3672)
Time: Thu Aug  8 23:33:09 2024 India Standard Time elapsed time: 1.231805 seconds (0d 0h 0m 1s)

---------------  T H R E A D  ---------------

Current thread (0x000001211d2c0750):  JavaThread "C2 CompilerThread0" daemon [_thread_in_native, id=13396, stack(0x00000012ef100000,0x00000012ef200000)]


Current CompileTask:
C2:   1231 1399   !   4       sun.font.TrueTypeFont::getTableBuffer (215 bytes)

Stack: [0x00000012ef100000,0x00000012ef200000]
Native frames: (J=compiled Java code, j=interpreted, Vv=VM code, C=native code)
V  [jvm.dll+0x676b3a]
V  [jvm.dll+0x831444]
V  [jvm.dll+0x832bee]
V  [jvm.dll+0x833253]
V  [jvm.dll+0x244ce5]
V  [jvm.dll+0xabbac]
V  [jvm.dll+0xac17c]
V  [jvm.dll+0x362d02]
V  [jvm.dll+0x32d591]
V  [jvm.dll+0x32ca3a]
V  [jvm.dll+0x217b51]
V  [jvm.dll+0x216f71]
V  [jvm.dll+0x1a343d]
V  [jvm.dll+0x22698a]
V  [jvm.dll+0x224ac5]
V  [jvm.dll+0x7e727b]
V  [jvm.dll+0x7e17ea]
V  [jvm.dll+0x6759e5]
C  [ucrtbase.dll+0x29333]
C  [KERNEL32.DLL+0x1257d]
C  [ntdll.dll+0x5af28]


---------------  P R O C E S S  ---------------

Threads class SMR info:
_java_thread_list=0x0000012123210d70, length=18, elements={
0x0000012102401f20, 0x0000012102402ca0, 0x0000012102417da0, 0x0000012102418860,
0x000001210241d910, 0x000001210241e970, 0x000001211d2c0750, 0x000001211d2c1400,
0x000001211d2c44b0, 0x000001211d39e850, 0x000001211dda07c0, 0x000001211dfa6d70,
0x000001211dfaa050, 0x000001211dfad3f0, 0x0000012123346270, 0x00000121233c16e0,
0x00000121233bfed0, 0x00000121233bf530
}

Java Threads: ( => current thread )
  0x0000012102401f20 JavaThread "Reference Handler" daemon [_thread_blocked, id=19696, stack(0x00000012eeb00000,0x00000012eec00000)]
  0x0000012102402ca0 JavaThread "Finalizer" daemon [_thread_blocked, id=1828, stack(0x00000012eec00000,0x00000012eed00000)]
  0x0000012102417da0 JavaThread "Signal Dispatcher" daemon [_thread_blocked, id=12684, stack(0x00000012eed00000,0x00000012eee00000)]
  0x0000012102418860 JavaThread "Attach Listener" daemon [_thread_blocked, id=12036, stack(0x00000012eee00000,0x00000012eef00000)]
  0x000001210241d910 JavaThread "Service Thread" daemon [_thread_blocked, id=9084, stack(0x00000012eef00000,0x00000012ef000000)]
  0x000001210241e970 JavaThread "Monitor Deflation Thread" daemon [_thread_blocked, id=17004, stack(0x00000012ef000000,0x00000012ef100000)]
=>0x000001211d2c0750 JavaThread "C2 CompilerThread0" daemon [_thread_in_native, id=13396, stack(0x00000012ef100000,0x00000012ef200000)]
  0x000001211d2c1400 JavaThread "C1 CompilerThread0" daemon [_thread_blocked, id=19204, stack(0x00000012ef200000,0x00000012ef300000)]
  0x000001211d2c44b0 JavaThread "Sweeper thread" daemon [_thread_blocked, id=6092, stack(0x00000012ef300000,0x00000012ef400000)]
  0x000001211d39e850 JavaThread "Common-Cleaner" daemon [_thread_blocked, id=11392, stack(0x00000012ef400000,0x00000012ef500000)]
  0x000001211dda07c0 JavaThread "Notification Thread" daemon [_thread_blocked, id=17028, stack(0x00000012ef500000,0x00000012ef600000)]
  0x000001211dfa6d70 JavaThread "Java2D Disposer" daemon [_thread_blocked, id=14372, stack(0x00000012ef700000,0x00000012ef800000)]
  0x000001211dfaa050 JavaThread "AWT-Shutdown" [_thread_blocked, id=15952, stack(0x00000012ef800000,0x00000012ef900000)]
  0x000001211dfad3f0 JavaThread "AWT-Windows" daemon [_thread_in_native, id=15908, stack(0x00000012ef900000,0x00000012efa00000)]
  0x0000012123346270 JavaThread "AWT-EventQueue-0" [_thread_in_native, id=19252, stack(0x00000012f0000000,0x00000012f0100000)]
  0x00000121233c16e0 JavaThread "Image Fetcher 0" daemon [_thread_blocked, id=19216, stack(0x00000012f0100000,0x00000012f0200000)]
  0x00000121233bfed0 JavaThread "DestroyJavaVM" [_thread_blocked, id=19400, stack(0x00000012ee400000,0x00000012ee500000)]
  0x00000121233bf530 JavaThread "D3D Screen Updater" daemon [_thread_blocked, id=9264, stack(0x00000012f0300000,0x00000012f0400000)]

Other Threads:
  0x00000121023fac50 VMThread "VM Thread" [stack: 0x00000012eea00000,0x00000012eeb00000] [id=17656]
  0x000001211dda10a0 WatcherThread [stack: 0x00000012ef600000,0x00000012ef700000] [id=9612]
  0x0000012102397300 GCTaskThread "GC Thread#0" [stack: 0x00000012ee500000,0x00000012ee600000] [id=19200]
  0x0000012123742280 GCTaskThread "GC Thread#1" [stack: 0x00000012f0400000,0x00000012f0500000] [id=18880]
  0x0000012123742530 GCTaskThread "GC Thread#2" [stack: 0x00000012f0500000,0x00000012f0600000] [id=15460]
  0x00000121237427e0 GCTaskThread "GC Thread#3" [stack: 0x00000012f0600000,0x00000012f0700000] [id=2640]
  0x000001210239ef90 ConcurrentGCThread "G1 Main Marker" [stack: 0x00000012ee600000,0x00000012ee700000] [id=16548]
  0x00000121023a0050 ConcurrentGCThread "G1 Conc#0" [stack: 0x00000012ee700000,0x00000012ee800000] [id=19376]
  0x00000121023dcac0 ConcurrentGCThread "G1 Refine#0" [stack: 0x00000012ee800000,0x00000012ee900000] [id=20356]
  0x0000012123760b60 ConcurrentGCThread "G1 Refine#1" [stack: 0x00000012f0700000,0x00000012f0800000] [id=18216]
  0x00000121023dd3f0 ConcurrentGCThread "G1 Service" [stack: 0x00000012ee900000,0x00000012eea00000] [id=10676]

Threads with active compile tasks:
C2 CompilerThread0     1261 1399   !   4       sun.font.TrueTypeFont::getTableBuffer (215 bytes)

VM state: not at safepoint (normal execution)

VM Mutex/Monitor currently owned by a thread: None

Heap address: 0x00000000c8e00000, size: 882 MB, Compressed Oops mode: 32-bit

CDS archive(s) mapped at: [0x0000000800000000-0x0000000800bc0000-0x0000000800bc0000), size 12320768, SharedBaseAddress: 0x0000000800000000, ArchiveRelocationMode: 0.
Compressed class space mapped at: 0x0000000800c00000-0x0000000840c00000, reserved size: 1073741824
Narrow klass base: 0x0000000800000000, Narrow klass shift: 0, Narrow klass range: 0x100000000

GC Precious Log:
 CPUs: 4 total, 4 available
 Memory: 3526M
 Large Page Support: Disabled
 NUMA Support: Disabled
 Compressed Oops: Enabled (32-bit)
 Heap Region Size: 1M
 Heap Min Capacity: 8M
 Heap Initial Capacity: 56M
 Heap Max Capacity: 882M
 Pre-touch: Disabled
 Parallel Workers: 4
 Concurrent Workers: 1
 Concurrent Refinement Workers: 4
 Periodic GC: Disabled

Heap:
 garbage-first heap   total 57344K, used 9087K [0x00000000c8e00000, 0x0000000100000000)
  region size 1024K, 8 young (8192K), 2 survivors (2048K)
 Metaspace       used 10017K, committed 10240K, reserved 1064960K
  class space    used 1241K, committed 1344K, reserved 1048576K

Heap Regions: E=young(eden), S=young(survivor), O=old, HS=humongous(starts), HC=humongous(continues), CS=collection set, F=free, OA=open archive, CA=closed archive, TAMS=top-at-mark-start (previous, next)
|   0|0x00000000c8e00000, 0x00000000c8f00000, 0x00000000c8f00000|100%| O|  |TAMS 0x00000000c8e00000, 0x00000000c8e00000| Untracked 
|   1|0x00000000c8f00000, 0x00000000c8fdfe00, 0x00000000c9000000| 87%| O|  |TAMS 0x00000000c8f00000, 0x00000000c8f00000| Untracked 
|   2|0x00000000c9000000, 0x00000000c9000000, 0x00000000c9100000|  0%| F|  |TAMS 0x00000000c9000000, 0x00000000c9000000| Untracked 
|   3|0x00000000c9100000, 0x00000000c9100000, 0x00000000c9200000|  0%| F|  |TAMS 0x00000000c9100000, 0x00000000c9100000| Untracked 
|   4|0x00000000c9200000, 0x00000000c9200000, 0x00000000c9300000|  0%| F|  |TAMS 0x00000000c9200000, 0x00000000c9200000| Untracked 
|   5|0x00000000c9300000, 0x00000000c9300000, 0x00000000c9400000|  0%| F|  |TAMS 0x00000000c9300000, 0x00000000c9300000| Untracked 
|   6|0x00000000c9400000, 0x00000000c9400000, 0x00000000c9500000|  0%| F|  |TAMS 0x00000000c9400000, 0x00000000c9400000| Untracked 
|   7|0x00000000c9500000, 0x00000000c9500000, 0x00000000c9600000|  0%| F|  |TAMS 0x00000000c9500000, 0x00000000c9500000| Untracked 
|   8|0x00000000c9600000, 0x00000000c9600000, 0x00000000c9700000|  0%| F|  |TAMS 0x00000000c9600000, 0x00000000c9600000| Untracked 
|   9|0x00000000c9700000, 0x00000000c9700000, 0x00000000c9800000|  0%| F|  |TAMS 0x00000000c9700000, 0x00000000c9700000| Untracked 
|  10|0x00000000c9800000, 0x00000000c9800000, 0x00000000c9900000|  0%| F|  |TAMS 0x00000000c9800000, 0x00000000c9800000| Untracked 
|  11|0x00000000c9900000, 0x00000000c9900000, 0x00000000c9a00000|  0%| F|  |TAMS 0x00000000c9900000, 0x00000000c9900000| Untracked 
|  12|0x00000000c9a00000, 0x00000000c9a00000, 0x00000000c9b00000|  0%| F|  |TAMS 0x00000000c9a00000, 0x00000000c9a00000| Untracked 
|  13|0x00000000c9b00000, 0x00000000c9b00000, 0x00000000c9c00000|  0%| F|  |TAMS 0x00000000c9b00000, 0x00000000c9b00000| Untracked 
|  14|0x00000000c9c00000, 0x00000000c9c00000, 0x00000000c9d00000|  0%| F|  |TAMS 0x00000000c9c00000, 0x00000000c9c00000| Untracked 
|  15|0x00000000c9d00000, 0x00000000c9d00000, 0x00000000c9e00000|  0%| F|  |TAMS 0x00000000c9d00000, 0x00000000c9d00000| Untracked 
|  16|0x00000000c9e00000, 0x00000000c9e00000, 0x00000000c9f00000|  0%| F|  |TAMS 0x00000000c9e00000, 0x00000000c9e00000| Untracked 
|  17|0x00000000c9f00000, 0x00000000c9f00000, 0x00000000ca000000|  0%| F|  |TAMS 0x00000000c9f00000, 0x00000000c9f00000| Untracked 
|  18|0x00000000ca000000, 0x00000000ca000000, 0x00000000ca100000|  0%| F|  |TAMS 0x00000000ca000000, 0x00000000ca000000| Untracked 
|  19|0x00000000ca100000, 0x00000000ca100000, 0x00000000ca200000|  0%| F|  |TAMS 0x00000000ca100000, 0x00000000ca100000| Untracked 
|  20|0x00000000ca200000, 0x00000000ca200000, 0x00000000ca300000|  0%| F|  |TAMS 0x00000000ca200000, 0x00000000ca200000| Untracked 
|  21|0x00000000ca300000, 0x00000000ca300000, 0x00000000ca400000|  0%| F|  |TAMS 0x00000000ca300000, 0x00000000ca300000| Untracked 
|  22|0x00000000ca400000, 0x00000000ca400000, 0x00000000ca500000|  0%| F|  |TAMS 0x00000000ca400000, 0x00000000ca400000| Untracked 
|  23|0x00000000ca500000, 0x00000000ca500000, 0x00000000ca600000|  0%| F|  |TAMS 0x00000000ca500000, 0x00000000ca500000| Untracked 
|  24|0x00000000ca600000, 0x00000000ca600000, 0x00000000ca700000|  0%| F|  |TAMS 0x00000000ca600000, 0x00000000ca600000| Untracked 
|  25|0x00000000ca700000, 0x00000000ca700000, 0x00000000ca800000|  0%| F|  |TAMS 0x00000000ca700000, 0x00000000ca700000| Untracked 
|  26|0x00000000ca800000, 0x00000000ca800000, 0x00000000ca900000|  0%| F|  |TAMS 0x00000000ca800000, 0x00000000ca800000| Untracked 
|  27|0x00000000ca900000, 0x00000000ca900000, 0x00000000caa00000|  0%| F|  |TAMS 0x00000000ca900000, 0x00000000ca900000| Untracked 
|  28|0x00000000caa00000, 0x00000000caa00000, 0x00000000cab00000|  0%| F|  |TAMS 0x00000000caa00000, 0x00000000caa00000| Untracked 
|  29|0x00000000cab00000, 0x00000000cab00000, 0x00000000cac00000|  0%| F|  |TAMS 0x00000000cab00000, 0x00000000cab00000| Untracked 
|  30|0x00000000cac00000, 0x00000000cac00000, 0x00000000cad00000|  0%| F|  |TAMS 0x00000000cac00000, 0x00000000cac00000| Untracked 
|  31|0x00000000cad00000, 0x00000000cad00000, 0x00000000cae00000|  0%| F|  |TAMS 0x00000000cad00000, 0x00000000cad00000| Untracked 
|  32|0x00000000cae00000, 0x00000000cae00000, 0x00000000caf00000|  0%| F|  |TAMS 0x00000000cae00000, 0x00000000cae00000| Untracked 
|  33|0x00000000caf00000, 0x00000000caf00000, 0x00000000cb000000|  0%| F|  |TAMS 0x00000000caf00000, 0x00000000caf00000| Untracked 
|  34|0x00000000cb000000, 0x00000000cb000000, 0x00000000cb100000|  0%| F|  |TAMS 0x00000000cb000000, 0x00000000cb000000| Untracked 
|  35|0x00000000cb100000, 0x00000000cb100000, 0x00000000cb200000|  0%| F|  |TAMS 0x00000000cb100000, 0x00000000cb100000| Untracked 
|  36|0x00000000cb200000, 0x00000000cb200000, 0x00000000cb300000|  0%| F|  |TAMS 0x00000000cb200000, 0x00000000cb200000| Untracked 
|  37|0x00000000cb300000, 0x00000000cb300000, 0x00000000cb400000|  0%| F|  |TAMS 0x00000000cb300000, 0x00000000cb300000| Untracked 
|  38|0x00000000cb400000, 0x00000000cb400000, 0x00000000cb500000|  0%| F|  |TAMS 0x00000000cb400000, 0x00000000cb400000| Untracked 
|  39|0x00000000cb500000, 0x00000000cb500000, 0x00000000cb600000|  0%| F|  |TAMS 0x00000000cb500000, 0x00000000cb500000| Untracked 
|  40|0x00000000cb600000, 0x00000000cb600000, 0x00000000cb700000|  0%| F|  |TAMS 0x00000000cb600000, 0x00000000cb600000| Untracked 
|  41|0x00000000cb700000, 0x00000000cb800000, 0x00000000cb800000|100%| S|CS|TAMS 0x00000000cb700000, 0x00000000cb700000| Complete 
|  42|0x00000000cb800000, 0x00000000cb900000, 0x00000000cb900000|100%| S|CS|TAMS 0x00000000cb800000, 0x00000000cb800000| Complete 
|  43|0x00000000cb900000, 0x00000000cb900000, 0x00000000cba00000|  0%| F|  |TAMS 0x00000000cb900000, 0x00000000cb900000| Untracked 
|  44|0x00000000cba00000, 0x00000000cba00000, 0x00000000cbb00000|  0%| F|  |TAMS 0x00000000cba00000, 0x00000000cba00000| Untracked 
|  45|0x00000000cbb00000, 0x00000000cbb00000, 0x00000000cbc00000|  0%| F|  |TAMS 0x00000000cbb00000, 0x00000000cbb00000| Untracked 
|  46|0x00000000cbc00000, 0x00000000cbc00000, 0x00000000cbd00000|  0%| F|  |TAMS 0x00000000cbc00000, 0x00000000cbc00000| Untracked 
|  47|0x00000000cbd00000, 0x00000000cbd00000, 0x00000000cbe00000|  0%| F|  |TAMS 0x00000000cbd00000, 0x00000000cbd00000| Untracked 
|  48|0x00000000cbe00000, 0x00000000cbe00000, 0x00000000cbf00000|  0%| F|  |TAMS 0x00000000cbe00000, 0x00000000cbe00000| Untracked 
|  49|0x00000000cbf00000, 0x00000000cbf00000, 0x00000000cc000000|  0%| F|  |TAMS 0x00000000cbf00000, 0x00000000cbf00000| Untracked 
|  50|0x00000000cc000000, 0x00000000cc078ac8, 0x00000000cc100000| 47%| E|  |TAMS 0x00000000cc000000, 0x00000000cc000000| Complete 
|  51|0x00000000cc100000, 0x00000000cc200000, 0x00000000cc200000|100%| E|CS|TAMS 0x00000000cc100000, 0x00000000cc100000| Complete 
|  52|0x00000000cc200000, 0x00000000cc300000, 0x00000000cc300000|100%| E|CS|TAMS 0x00000000cc200000, 0x00000000cc200000| Complete 
|  53|0x00000000cc300000, 0x00000000cc400000, 0x00000000cc400000|100%| E|CS|TAMS 0x00000000cc300000, 0x00000000cc300000| Complete 
|  54|0x00000000cc400000, 0x00000000cc500000, 0x00000000cc500000|100%| E|CS|TAMS 0x00000000cc400000, 0x00000000cc400000| Complete 
|  55|0x00000000cc500000, 0x00000000cc600000, 0x00000000cc600000|100%| E|CS|TAMS 0x00000000cc500000, 0x00000000cc500000| Complete 

Card table byte_map: [0x0000012118e40000,0x0000012119000000] _byte_map_base: 0x00000121187f9000

Marking Bits (Prev, Next): (CMBitMap*) 0x0000012102397820, (CMBitMap*) 0x0000012102397860
 Prev Bits: [0x00000121191c0000, 0x0000012119f88000)
 Next Bits: [0x0000012119f90000, 0x000001211ad58000)

Polling page: 0x00000121002d0000

Metaspace:

Usage:
  Non-class:      8.57 MB used.
      Class:      1.21 MB used.
       Both:      9.78 MB used.

Virtual space:
  Non-class space:       16.00 MB reserved,       8.69 MB ( 54%) committed,  2 nodes.
      Class space:        1.00 GB reserved,       1.31 MB ( <1%) committed,  1 nodes.
             Both:        1.02 GB reserved,      10.00 MB ( <1%) committed. 

Chunk freelists:
   Non-Class:  2.98 MB
       Class:  2.72 MB
        Both:  5.70 MB

MaxMetaspaceSize: unlimited
CompressedClassSpaceSize: 1.00 GB
Initial GC threshold: 21.00 MB
Current GC threshold: 21.00 MB
CDS: on
MetaspaceReclaimPolicy: balanced
 - commit_granule_bytes: 65536.
 - commit_granule_words: 8192.
 - virtual_space_node_default_size: 1048576.
 - enlarge_chunks_in_place: 1.
 - new_chunks_are_fully_committed: 0.
 - uncommit_free_chunks: 1.
 - use_allocation_guard: 0.
 - handle_deallocations: 1.


Internal statistics:

num_allocs_failed_limit: 0.
num_arena_births: 134.
num_arena_deaths: 0.
num_vsnodes_births: 3.
num_vsnodes_deaths: 0.
num_space_committed: 160.
num_space_uncommitted: 0.
num_chunks_returned_to_freelist: 0.
num_chunks_taken_from_freelist: 203.
num_chunk_merges: 0.
num_chunk_splits: 113.
num_chunks_enlarged: 40.
num_purges: 0.
num_inconsistent_stats: 0.

CodeHeap 'non-profiled nmethods': size=120000Kb used=401Kb max_used=401Kb free=119598Kb
 bounds [0x0000012111910000, 0x0000012111b80000, 0x0000012118e40000]
CodeHeap 'profiled nmethods': size=120000Kb used=2357Kb max_used=2357Kb free=117642Kb
 bounds [0x000001210a3e0000, 0x000001210a650000, 0x0000012111910000]
CodeHeap 'non-nmethods': size=5760Kb used=1295Kb max_used=1309Kb free=4464Kb
 bounds [0x0000012109e40000, 0x000001210a0b0000, 0x000001210a3e0000]
 total_blobs=2047 nmethods=1418 adapters=542
 compilation: enabled
              stopped_count=0, restarted_count=0
 full_count=0

Compilation events (20 events):
Event: 1.180 Thread 0x000001211d2c1400 1400       3       java.util.HashSet::toArray (16 bytes)
Event: 1.180 Thread 0x000001211d2c1400 nmethod 1400 0x000001210a626610 code [0x000001210a6267c0, 0x000001210a6269d8]
Event: 1.180 Thread 0x000001211d2c1400 1401       3       java.util.HashMap::prepareArray (38 bytes)
Event: 1.181 Thread 0x000001211d2c1400 nmethod 1401 0x000001210a626a90 code [0x000001210a626c80, 0x000001210a627298]
Event: 1.182 Thread 0x000001211d2c1400 1403       3       java.lang.StringUTF16::newBytesFor (61 bytes)
Event: 1.183 Thread 0x000001211d2c1400 nmethod 1403 0x000001210a627490 code [0x000001210a627700, 0x000001210a627fe8]
Event: 1.185 Thread 0x000001211d2c1400 1405       3       sun.nio.ch.FileChannelImpl::open (16 bytes)
Event: 1.185 Thread 0x000001211d2c1400 nmethod 1405 0x000001210a628310 code [0x000001210a6284c0, 0x000001210a628688]
Event: 1.193 Thread 0x000001211d2c1400 1406       3       java.lang.Character::toLowerCase (9 bytes)
Event: 1.194 Thread 0x000001211d2c1400 nmethod 1406 0x000001210a628790 code [0x000001210a628940, 0x000001210a628b38]
Event: 1.199 Thread 0x000001211d2c1400 1407       3       sun.nio.ch.FileDispatcherImpl::size (5 bytes)
Event: 1.200 Thread 0x000001211d2c1400 nmethod 1407 0x000001210a628c10 code [0x000001210a628da0, 0x000001210a628ee8]
Event: 1.206 Thread 0x000001211d2c1400 1410   !   3       sun.font.TrueTypeFont::getAllFullNames (30 bytes)
Event: 1.206 Thread 0x000001211d2c1400 nmethod 1410 0x000001210a628f90 code [0x000001210a6291a0, 0x000001210a629a88]
Event: 1.206 Thread 0x000001211d2c1400 1412  s    3       sun.font.FontFamily::addLocaleNames (45 bytes)
Event: 1.207 Thread 0x000001211d2c1400 nmethod 1412 0x000001210a629d90 code [0x000001210a629fc0, 0x000001210a62a848]
Event: 1.207 Thread 0x000001211d2c1400 1411   !   3       sun.font.TrueTypeFont::getAllFamilyNames (30 bytes)
Event: 1.207 Thread 0x000001211d2c1400 nmethod 1411 0x000001210a62ab10 code [0x000001210a62ad20, 0x000001210a62b608]
Event: 1.228 Thread 0x000001211d2c1400 1413       3       java.lang.Double::isNaN (12 bytes)
Event: 1.228 Thread 0x000001211d2c1400 nmethod 1413 0x000001210a62b910 code [0x000001210a62baa0, 0x000001210a62bc18]

GC Heap History (2 events):
Event: 1.126 GC heap before
{Heap before GC invocations=0 (full 0):
 garbage-first heap   total 57344K, used 13312K [0x00000000c8e00000, 0x0000000100000000)
  region size 1024K, 13 young (13312K), 0 survivors (0K)
 Metaspace       used 9954K, committed 10176K, reserved 1064960K
  class space    used 1237K, committed 1344K, reserved 1048576K
}
Event: 1.134 GC heap after
{Heap after GC invocations=1 (full 0):
 garbage-first heap   total 57344K, used 3967K [0x00000000c8e00000, 0x0000000100000000)
  region size 1024K, 2 young (2048K), 2 survivors (2048K)
 Metaspace       used 9954K, committed 10176K, reserved 1064960K
  class space    used 1237K, committed 1344K, reserved 1048576K
}

Dll operation events (10 events):
Event: 0.012 Loaded shared library C:\Users\hp\AppData\Local\Programs\Eclipse Adoptium\jdk-17.0.5.8-hotspot\bin\java.dll
Event: 0.021 Loaded shared library C:\Users\hp\AppData\Local\Programs\Eclipse Adoptium\jdk-17.0.5.8-hotspot\bin\jsvml.dll
Event: 0.073 Loaded shared library C:\Users\hp\AppData\Local\Programs\Eclipse Adoptium\jdk-17.0.5.8-hotspot\bin\net.dll
Event: 0.076 Loaded shared library C:\Users\hp\AppData\Local\Programs\Eclipse Adoptium\jdk-17.0.5.8-hotspot\bin\nio.dll
Event: 0.101 Loaded shared library C:\Users\hp\AppData\Local\Programs\Eclipse Adoptium\jdk-17.0.5.8-hotspot\bin\zip.dll
Event: 0.124 Loaded shared library C:\Users\hp\AppData\Local\Programs\Eclipse Adoptium\jdk-17.0.5.8-hotspot\bin\jimage.dll
Event: 0.141 Loaded shared library C:\Users\hp\AppData\Local\Programs\Eclipse Adoptium\jdk-17.0.5.8-hotspot\bin\awt.dll
Event: 0.402 Loaded shared library C:\Users\hp\AppData\Local\Programs\Eclipse Adoptium\jdk-17.0.5.8-hotspot\bin\verify.dll
Event: 0.498 Loaded shared library C:\Users\hp\AppData\Local\Programs\Eclipse Adoptium\jdk-17.0.5.8-hotspot\bin\freetype.dll
Event: 0.500 Loaded shared library C:\Users\hp\AppData\Local\Programs\Eclipse Adoptium\jdk-17.0.5.8-hotspot\bin\fontmanager.dll

Deoptimization events (20 events):
Event: 0.680 Thread 0x00000121233c16e0 Uncommon trap: trap_request=0xffffff45 fr.pc=0x000001211193aef0 relative=0x00000000000004b0
Event: 0.680 Thread 0x00000121233c16e0 Uncommon trap: reason=unstable_if action=reinterpret pc=0x000001211193aef0 method=java.lang.StringLatin1.replace([BCC)Ljava/lang/String; @ 19 c2
Event: 0.680 Thread 0x00000121233c16e0 DEOPT PACKING pc=0x000001211193aef0 sp=0x00000012f01fe920
Event: 0.680 Thread 0x00000121233c16e0 DEOPT UNPACKING pc=0x0000012109e923a3 sp=0x00000012f01fe8a0 mode 2
Event: 0.853 Thread 0x0000012123346270 Uncommon trap: trap_request=0xffffff45 fr.pc=0x000001211196495c relative=0x000000000000049c
Event: 0.853 Thread 0x0000012123346270 Uncommon trap: reason=unstable_if action=reinterpret pc=0x000001211196495c method=java.lang.StringLatin1.toLowerCase(Ljava/lang/String;[BLjava/util/Locale;)Ljava/lang/String; @ 43 c2
Event: 0.853 Thread 0x0000012123346270 DEOPT PACKING pc=0x000001211196495c sp=0x00000012f00fd2e0
Event: 0.853 Thread 0x0000012123346270 DEOPT UNPACKING pc=0x0000012109e923a3 sp=0x00000012f00fd250 mode 2
Event: 1.152 Thread 0x0000012123346270 Uncommon trap: trap_request=0xffffff45 fr.pc=0x000001211191ad30 relative=0x00000000000001b0
Event: 1.152 Thread 0x0000012123346270 Uncommon trap: reason=unstable_if action=reinterpret pc=0x000001211191ad30 method=java.lang.String.isLatin1()Z @ 10 c2
Event: 1.152 Thread 0x0000012123346270 DEOPT PACKING pc=0x000001211191ad30 sp=0x00000012f00fd110
Event: 1.152 Thread 0x0000012123346270 DEOPT UNPACKING pc=0x0000012109e923a3 sp=0x00000012f00fd040 mode 2
Event: 1.178 Thread 0x0000012123346270 Uncommon trap: trap_request=0xffffff45 fr.pc=0x0000012111971fbc relative=0x00000000000003fc
Event: 1.178 Thread 0x0000012123346270 Uncommon trap: reason=unstable_if action=reinterpret pc=0x0000012111971fbc method=java.lang.Character.isSurrogate(C)Z @ 3 c2
Event: 1.178 Thread 0x0000012123346270 DEOPT PACKING pc=0x0000012111971fbc sp=0x00000012f00fcdd0
Event: 1.178 Thread 0x0000012123346270 DEOPT UNPACKING pc=0x0000012109e923a3 sp=0x00000012f00fccf8 mode 2
Event: 1.225 Thread 0x0000012123346270 Uncommon trap: trap_request=0xffffff45 fr.pc=0x00000121119558d8 relative=0x00000000000000d8
Event: 1.225 Thread 0x0000012123346270 Uncommon trap: reason=unstable_if action=reinterpret pc=0x00000121119558d8 method=java.lang.ref.SoftReference.get()Ljava/lang/Object; @ 17 c2
Event: 1.225 Thread 0x0000012123346270 DEOPT PACKING pc=0x00000121119558d8 sp=0x00000012f00fd610
Event: 1.225 Thread 0x0000012123346270 DEOPT UNPACKING pc=0x0000012109e923a3 sp=0x00000012f00fd5c8 mode 2

Classes unloaded (0 events):
No events

Classes redefined (0 events):
No events

Internal exceptions (18 events):
Event: 0.078 Thread 0x000001210235d990 Exception <a 'sun/nio/fs/WindowsException'{0x00000000cc430978}> (0x00000000cc430978) 
thrown [s\src\hotspot\share\prims\jni.cpp, line 516]
Event: 0.078 Thread 0x000001210235d990 Exception <a 'sun/nio/fs/WindowsException'{0x00000000cc430ed8}> (0x00000000cc430ed8) 
thrown [s\src\hotspot\share\prims\jni.cpp, line 516]
Event: 0.080 Thread 0x000001210235d990 Exception <a 'sun/nio/fs/WindowsException'{0x00000000cc4332a8}> (0x00000000cc4332a8) 
thrown [s\src\hotspot\share\prims\jni.cpp, line 516]
Event: 0.080 Thread 0x000001210235d990 Exception <a 'sun/nio/fs/WindowsException'{0x00000000cc433d80}> (0x00000000cc433d80) 
thrown [s\src\hotspot\share\prims\jni.cpp, line 516]
Event: 0.080 Thread 0x000001210235d990 Exception <a 'sun/nio/fs/WindowsException'{0x00000000cc434870}> (0x00000000cc434870) 
thrown [s\src\hotspot\share\prims\jni.cpp, line 516]
Event: 0.131 Thread 0x000001210235d990 Exception <a 'java/lang/ClassNotFoundException'{0x00000000cc315010}: sun/awt/resources/spi/awtProvider> (0x00000000cc315010) 
thrown [s\src\hotspot\share\classfile\systemDictionary.cpp, line 256]
Event: 0.154 Thread 0x000001210235d990 Exception <a 'java/io/FileNotFoundException'{0x00000000cc3684e8}> (0x00000000cc3684e8) 
thrown [s\src\hotspot\share\prims\jni.cpp, line 516]
Event: 0.164 Thread 0x000001210235d990 Exception <a 'java/io/FileNotFoundException'{0x00000000cc3956d0}> (0x00000000cc3956d0) 
thrown [s\src\hotspot\share\prims\jni.cpp, line 516]
Event: 0.207 Thread 0x000001210235d990 Exception <a 'java/lang/NoSuchMethodError'{0x00000000cc3d9c68}: 'java.lang.Object java.lang.invoke.DirectMethodHandle$Holder.invokeStaticInit(java.lang.Object)'> (0x00000000cc3d9c68) 
thrown [s\src\hotspot\share\interpreter\linkResolver.cpp, line 759]
Event: 0.323 Thread 0x000001210235d990 Exception <a 'java/lang/NoSuchMethodError'{0x00000000cc267ab0}: 'void java.lang.invoke.DirectMethodHandle$Holder.invokeSpecial(java.lang.Object, java.lang.Object, java.lang.Object)'> (0x00000000cc267ab0) 
thrown [s\src\hotspot\share\interpreter\linkResolver.cpp, line 759]
Event: 0.332 Thread 0x000001210235d990 Exception <a 'java/lang/NoSuchMethodError'{0x00000000cc291e60}: 'java.lang.Object java.lang.invoke.DirectMethodHandle$Holder.newInvokeSpecial(java.lang.Object, java.lang.Object, java.lang.Object, java.lang.Object, java.lang.Object)'> (0x00000000cc291e60) 
thrown [s\src\hotspot\share\interpreter\linkResolver.cpp, line 759]
Event: 0.334 Thread 0x000001210235d990 Exception <a 'java/lang/NoSuchMethodError'{0x00000000cc29d828}: 'java.lang.Object java.lang.invoke.DirectMethodHandle$Holder.invokeStatic(java.lang.Object, int, java.lang.Object, java.lang.Object, java.lang.Object, java.lang.Object)'> (0x00000000cc29d828) 
thrown [s\src\hotspot\share\interpreter\linkResolver.cpp, line 759]
Event: 0.339 Thread 0x000001210235d990 Exception <a 'java/lang/NoSuchMethodError'{0x00000000cc2c3070}: 'java.lang.Object java.lang.invoke.DirectMethodHandle$Holder.invokeStatic(java.lang.Object, int, java.lang.Object)'> (0x00000000cc2c3070) 
thrown [s\src\hotspot\share\interpreter\linkResolver.cpp, line 759]
Event: 0.362 Thread 0x000001210235d990 Exception <a 'java/lang/ClassNotFoundException'{0x00000000cc17b378}: com/sun/swing/internal/plaf/metal/resources/spi/metalProvider> (0x00000000cc17b378) 
thrown [s\src\hotspot\share\classfile\systemDictionary.cpp, line 256]
Event: 0.363 Thread 0x000001210235d990 Exception <a 'java/lang/ClassNotFoundException'{0x00000000cc17f220}: com/sun/swing/internal/plaf/basic/resources/spi/basicProvider> (0x00000000cc17f220) 
thrown [s\src\hotspot\share\classfile\systemDictionary.cpp, line 256]
Event: 0.684 Thread 0x00000121233c16e0 Exception <a 'java/lang/NoSuchMethodError'{0x00000000cbd9ad00}: 'java.lang.Object java.lang.invoke.DirectMethodHandle$Holder.newInvokeSpecial(java.lang.Object, java.lang.Object, java.lang.Object, int, int, int, int, int)'> (0x00000000cbd9ad00) 
thrown [s\src\hotspot\share\interpreter\linkResolver.cpp, line 759]
Event: 0.708 Thread 0x000001211dfad3f0 Exception <a 'java/lang/NoSuchMethodError'{0x00000000cc20fad0}: 'void java.lang.invoke.DirectMethodHandle$Holder.invokeVirtual(java.lang.Object, java.lang.Object)'> (0x00000000cc20fad0) 
thrown [s\src\hotspot\share\interpreter\linkResolver.cpp, line 759]
Event: 0.728 Thread 0x000001210235d990 Exception <a 'java/lang/NoSuchMethodError'{0x00000000cbde7b68}: 'void java.lang.invoke.DirectMethodHandle$Holder.invokeStaticInit(java.lang.Object)'> (0x00000000cbde7b68) 
thrown [s\src\hotspot\share\interpreter\linkResolver.cpp, line 759]

VM Operations (12 events):
Event: 0.081 Executing VM operation: HandshakeAllThreads
Event: 0.082 Executing VM operation: HandshakeAllThreads done
Event: 0.396 Executing VM operation: HandshakeAllThreads
Event: 0.396 Executing VM operation: HandshakeAllThreads done
Event: 0.527 Executing VM operation: HandshakeAllThreads
Event: 0.527 Executing VM operation: HandshakeAllThreads done
Event: 0.701 Executing VM operation: HandshakeAllThreads
Event: 0.701 Executing VM operation: HandshakeAllThreads done
Event: 0.878 Executing VM operation: ICBufferFull
Event: 0.879 Executing VM operation: ICBufferFull done
Event: 1.126 Executing VM operation: G1CollectForAllocation
Event: 1.134 Executing VM operation: G1CollectForAllocation done

Events (20 events):
Event: 0.802 loading class sun/java2d/loops/FontInfo
Event: 0.803 loading class sun/java2d/loops/FontInfo done
Event: 0.803 loading class javax/swing/plaf/metal/MetalUtils
Event: 0.804 loading class javax/swing/plaf/metal/MetalUtils done
Event: 0.804 loading class sun/font/SunFontManager$FamilyDescription
Event: 0.804 loading class sun/font/SunFontManager$FamilyDescription done
Event: 0.811 loading class sun/awt/WeakIdentityHashMap$WeakKey
Event: 0.811 loading class sun/awt/WeakIdentityHashMap$WeakKey done
Event: 0.813 loading class java/awt/event/MouseEvent$1
Event: 0.813 loading class sun/awt/AWTAccessor$MouseEventAccessor
Event: 0.813 loading class sun/awt/AWTAccessor$MouseEventAccessor done
Event: 0.813 loading class java/awt/event/MouseEvent$1 done
Event: 0.854 loading class sun/font/SunFontManager$4
Event: 0.855 loading class sun/font/SunFontManager$4 done
Event: 0.885 loading class sun/font/SunFontManager$9
Event: 0.885 loading class sun/font/SunFontManager$9 done
Event: 0.886 loading class sun/font/SunFontManager$10
Event: 0.886 loading class sun/font/SunFontManager$10 done
Event: 1.154 loading class jdk/internal/access/foreign/MemorySegmentProxy
Event: 1.155 loading class jdk/internal/access/foreign/MemorySegmentProxy done


Dynamic libraries:
0x00007ff7b7310000 - 0x00007ff7b731e000 	C:\Users\hp\AppData\Local\Programs\Eclipse Adoptium\jdk-17.0.5.8-hotspot\bin\java.exe
0x00007ffbb68d0000 - 0x00007ffbb6ae7000 	C:\WINDOWS\SYSTEM32\ntdll.dll
0x00007ffbb4fd0000 - 0x00007ffbb5094000 	C:\WINDOWS\System32\KERNEL32.DLL
0x00007ffbb4100000 - 0x00007ffbb44ad000 	C:\WINDOWS\System32\KERNELBASE.dll
0x00007ffbb3fe0000 - 0x00007ffbb40f1000 	C:\WINDOWS\System32\ucrtbase.dll
0x00007ffbaf620000 - 0x00007ffbaf637000 	C:\Users\hp\AppData\Local\Programs\Eclipse Adoptium\jdk-17.0.5.8-hotspot\bin\jli.dll
0x00007ffbaf880000 - 0x00007ffbaf899000 	C:\Users\hp\AppData\Local\Programs\Eclipse Adoptium\jdk-17.0.5.8-hotspot\bin\VCRUNTIME140.dll
0x00007ffbb4610000 - 0x00007ffbb47be000 	C:\WINDOWS\System32\USER32.dll
0x00007ffbb3fb0000 - 0x00007ffbb3fd6000 	C:\WINDOWS\System32\win32u.dll
0x00007ffb9ed10000 - 0x00007ffb9efa3000 	C:\WINDOWS\WinSxS\amd64_microsoft.windows.common-controls_6595b64144ccf1df_6.0.22621.3672_none_2713b9d173822955\COMCTL32.dll
0x00007ffbb4e40000 - 0x00007ffbb4e69000 	C:\WINDOWS\System32\GDI32.dll
0x00007ffbb62a0000 - 0x00007ffbb6347000 	C:\WINDOWS\System32\msvcrt.dll
0x00007ffbb3c00000 - 0x00007ffbb3d19000 	C:\WINDOWS\System32\gdi32full.dll
0x00007ffbb4570000 - 0x00007ffbb460a000 	C:\WINDOWS\System32\msvcp_win.dll
0x00007ffbb6410000 - 0x00007ffbb6441000 	C:\WINDOWS\System32\IMM32.DLL
0x00007ffbb03c0000 - 0x00007ffbb03cc000 	C:\Users\hp\AppData\Local\Programs\Eclipse Adoptium\jdk-17.0.5.8-hotspot\bin\vcruntime140_1.dll
0x00007ffb796c0000 - 0x00007ffb79751000 	C:\Users\hp\AppData\Local\Programs\Eclipse Adoptium\jdk-17.0.5.8-hotspot\bin\msvcp140.dll
0x00007ffb6ec60000 - 0x00007ffb6f8a4000 	C:\Users\hp\AppData\Local\Programs\Eclipse Adoptium\jdk-17.0.5.8-hotspot\bin\server\jvm.dll
0x00007ffbb6350000 - 0x00007ffbb6402000 	C:\WINDOWS\System32\ADVAPI32.dll
0x00007ffbb4820000 - 0x00007ffbb48c9000 	C:\WINDOWS\System32\sechost.dll
0x00007ffbb3f10000 - 0x00007ffbb3f38000 	C:\WINDOWS\System32\bcrypt.dll
0x00007ffbb5360000 - 0x00007ffbb5474000 	C:\WINDOWS\System32\RPCRT4.dll
0x00007ffb74040000 - 0x00007ffb74049000 	C:\WINDOWS\SYSTEM32\WSOCK32.dll
0x00007ffbaf740000 - 0x00007ffbaf774000 	C:\WINDOWS\SYSTEM32\WINMM.dll
0x00007ffbab160000 - 0x00007ffbab16a000 	C:\WINDOWS\SYSTEM32\VERSION.dll
0x00007ffbb5590000 - 0x00007ffbb5601000 	C:\WINDOWS\System32\WS2_32.dll
0x00007ffbb2c30000 - 0x00007ffbb2c48000 	C:\WINDOWS\SYSTEM32\kernel.appcore.dll
0x00007ffbaf910000 - 0x00007ffbaf91a000 	C:\Users\hp\AppData\Local\Programs\Eclipse Adoptium\jdk-17.0.5.8-hotspot\bin\jimage.dll
0x00007ffbb1650000 - 0x00007ffbb1882000 	C:\WINDOWS\SYSTEM32\DBGHELP.DLL
0x00007ffbb6450000 - 0x00007ffbb67d8000 	C:\WINDOWS\System32\combase.dll
0x00007ffbb48d0000 - 0x00007ffbb49a7000 	C:\WINDOWS\System32\OLEAUT32.dll
0x00007ffb998d0000 - 0x00007ffb99902000 	C:\WINDOWS\SYSTEM32\dbgcore.DLL
0x00007ffbb3e90000 - 0x00007ffbb3f0b000 	C:\WINDOWS\System32\bcryptPrimitives.dll
0x00007ffbac8b0000 - 0x00007ffbac8d5000 	C:\Users\hp\AppData\Local\Programs\Eclipse Adoptium\jdk-17.0.5.8-hotspot\bin\java.dll
0x00007ffb79760000 - 0x00007ffb79836000 	C:\Users\hp\AppData\Local\Programs\Eclipse Adoptium\jdk-17.0.5.8-hotspot\bin\jsvml.dll
0x00007ffbb5920000 - 0x00007ffbb617f000 	C:\WINDOWS\System32\SHELL32.dll
0x00007ffbb1b50000 - 0x00007ffbb244c000 	C:\WINDOWS\SYSTEM32\windows.storage.dll
0x00007ffbb1a10000 - 0x00007ffbb1b4f000 	C:\WINDOWS\SYSTEM32\wintypes.dll
0x00007ffbb6180000 - 0x00007ffbb6274000 	C:\WINDOWS\System32\SHCORE.dll
0x00007ffbb4f70000 - 0x00007ffbb4fce000 	C:\WINDOWS\System32\shlwapi.dll
0x00007ffbb3b30000 - 0x00007ffbb3b51000 	C:\WINDOWS\SYSTEM32\profapi.dll
0x00007ffbaee80000 - 0x00007ffbaee99000 	C:\Users\hp\AppData\Local\Programs\Eclipse Adoptium\jdk-17.0.5.8-hotspot\bin\net.dll
0x00007ffbafcf0000 - 0x00007ffbafe26000 	C:\WINDOWS\SYSTEM32\WINHTTP.dll
0x00007ffbb30a0000 - 0x00007ffbb3109000 	C:\WINDOWS\system32\mswsock.dll
0x00007ffbabc20000 - 0x00007ffbabc35000 	C:\Users\hp\AppData\Local\Programs\Eclipse Adoptium\jdk-17.0.5.8-hotspot\bin\nio.dll
0x00007ffbab2d0000 - 0x00007ffbab2e8000 	C:\Users\hp\AppData\Local\Programs\Eclipse Adoptium\jdk-17.0.5.8-hotspot\bin\zip.dll
0x00007ffb6ead0000 - 0x00007ffb6ec5e000 	C:\Users\hp\AppData\Local\Programs\Eclipse Adoptium\jdk-17.0.5.8-hotspot\bin\awt.dll
0x00007ffbaf530000 - 0x00007ffbaf5c7000 	C:\WINDOWS\SYSTEM32\apphelp.dll
0x00007ffbb1290000 - 0x00007ffbb12bb000 	C:\WINDOWS\system32\DWMAPI.DLL
0x00007ffbb0e50000 - 0x00007ffbb0eff000 	C:\WINDOWS\system32\uxtheme.dll
0x00007ffb6e9d0000 - 0x00007ffb6ead0000 	C:\WINDOWS\system32\opengl32.dll
0x00007ffb9d5a0000 - 0x00007ffb9d5cd000 	C:\WINDOWS\SYSTEM32\GLU32.dll
0x00007ffbb0f50000 - 0x00007ffbb0f89000 	C:\WINDOWS\SYSTEM32\dxcore.dll
0x00007ffbb5610000 - 0x00007ffbb5763000 	C:\WINDOWS\System32\MSCTF.dll
0x00007ffbb5770000 - 0x00007ffbb5915000 	C:\WINDOWS\System32\ole32.dll
0x00007ffb48670000 - 0x00007ffb48818000 	C:\WINDOWS\system32\d3d9.dll
0x00007ffba9f40000 - 0x00007ffbaa0f8000 	C:\WINDOWS\System32\DriverStore\FileRepository\u0376648.inf_amd64_10263edfe9a1aa63\B374868\aticfx64.dll
0x00007ffb48f00000 - 0x00007ffb48f34000 	C:\WINDOWS\System32\DriverStore\FileRepository\u0376648.inf_amd64_10263edfe9a1aa63\B374868\atiu9p64.dll
0x00007ffb46e50000 - 0x00007ffb47ba4000 	C:\WINDOWS\System32\DriverStore\FileRepository\u0376648.inf_amd64_10263edfe9a1aa63\B374868\atiumd64.dll
0x0000000067a00000 - 0x0000000068873000 	C:\WINDOWS\System32\DriverStore\FileRepository\u0376648.inf_amd64_10263edfe9a1aa63\B374868\atiumd6a.dll
0x00007ffbb49b0000 - 0x00007ffbb4e24000 	C:\WINDOWS\System32\SETUPAPI.dll
0x00007ffbb3ac0000 - 0x00007ffbb3b0d000 	C:\WINDOWS\SYSTEM32\POWRPROF.dll
0x00007ffbb3aa0000 - 0x00007ffbb3ab3000 	C:\WINDOWS\SYSTEM32\UMPDC.dll
0x00007ffba9c00000 - 0x00007ffba9c30000 	C:\WINDOWS\SYSTEM32\amdihk64.dll
0x00007ffbac450000 - 0x00007ffbac499000 	C:\WINDOWS\SYSTEM32\directxdatabasehelper.dll
0x00007ffbaf870000 - 0x00007ffbaf880000 	C:\Users\hp\AppData\Local\Programs\Eclipse Adoptium\jdk-17.0.5.8-hotspot\bin\verify.dll
0x00007ffb74a70000 - 0x00007ffb74af6000 	C:\Users\hp\AppData\Local\Programs\Eclipse Adoptium\jdk-17.0.5.8-hotspot\bin\freetype.dll
0x00007ffb6e900000 - 0x00007ffb6e9c5000 	C:\Users\hp\AppData\Local\Programs\Eclipse Adoptium\jdk-17.0.5.8-hotspot\bin\fontmanager.dll
0x00007ffbb52b0000 - 0x00007ffbb5360000 	C:\WINDOWS\System32\clbcatq.dll
0x00007ffbb0c50000 - 0x00007ffbb0e01000 	C:\WINDOWS\SYSTEM32\WindowsCodecs.dll
0x00007ffb87c30000 - 0x00007ffb87c8e000 	C:\WINDOWS\system32\dataexchange.dll
0x00007ffbaacf0000 - 0x00007ffbaaf7a000 	C:\WINDOWS\system32\twinapi.appcore.dll
0x00007ffba1140000 - 0x00007ffba128e000 	C:\WINDOWS\SYSTEM32\textinputframework.dll

dbghelp: loaded successfully - version: 4.0.5 - missing functions: none
symbol engine: initialized successfully - sym options: 0x614 - pdb path: .;C:\Users\hp\AppData\Local\Programs\Eclipse Adoptium\jdk-17.0.5.8-hotspot\bin;C:\WINDOWS\SYSTEM32;C:\WINDOWS\WinSxS\amd64_microsoft.windows.common-controls_6595b64144ccf1df_6.0.22621.3672_none_2713b9d173822955;C:\Users\hp\AppData\Local\Programs\Eclipse Adoptium\jdk-17.0.5.8-hotspot\bin\server;C:\WINDOWS\System32\DriverStore\FileRepository\u0376648.inf_amd64_10263edfe9a1aa63\B374868

VM Arguments:
jvm_args: -Dfile.encoding=UTF-8 --module-path=C:\Users\hp\Documents\NetBeansProjects\bank management system\build\classes 
java_command: bank.management.system.Signup
java_class_path (initial): C:\Users\hp\Downloads\jcalendar-tz-1.3.3-4.jar;C:\Users\hp\Downloads\mysql-connector-java-8.0.28.jar;C:\Users\hp\Documents\NetBeansProjects\bank management system\build\classes
Launcher Type: SUN_STANDARD

[Global flags]
     intx CICompilerCount                          = 3                                         {product} {ergonomic}
     uint ConcGCThreads                            = 1                                         {product} {ergonomic}
     uint G1ConcRefinementThreads                  = 4                                         {product} {ergonomic}
   size_t G1HeapRegionSize                         = 1048576                                   {product} {ergonomic}
    uintx GCDrainStackTargetSize                   = 64                                        {product} {ergonomic}
   size_t InitialHeapSize                          = 58720256                                  {product} {ergonomic}
   size_t MarkStackSize                            = 4194304                                   {product} {ergonomic}
   size_t MaxHeapSize                              = 924844032                                 {product} {ergonomic}
   size_t MaxNewSize                               = 554696704                                 {product} {ergonomic}
   size_t MinHeapDeltaBytes                        = 1048576                                   {product} {ergonomic}
   size_t MinHeapSize                              = 8388608                                   {product} {ergonomic}
    uintx NonNMethodCodeHeapSize                   = 5832780                                {pd product} {ergonomic}
    uintx NonProfiledCodeHeapSize                  = 122912730                              {pd product} {ergonomic}
    uintx ProfiledCodeHeapSize                     = 122912730                              {pd product} {ergonomic}
    uintx ReservedCodeCacheSize                    = 251658240                              {pd product} {ergonomic}
     bool SegmentedCodeCache                       = true                                      {product} {ergonomic}
   size_t SoftMaxHeapSize                          = 924844032                              {manageable} {ergonomic}
     bool UseCompressedClassPointers               = true                           {product lp64_product} {ergonomic}
     bool UseCompressedOops                        = true                           {product lp64_product} {ergonomic}
     bool UseG1GC                                  = true                                      {product} {ergonomic}
     bool UseLargePagesIndividualAllocation        = false                                  {pd product} {ergonomic}

Logging:
Log output configuration:
 #0: stdout all=warning uptime,level,tags
 #1: stderr all=off uptime,level,tags

Environment Variables:
JAVA_HOME=C:\Users\hp\AppData\Local\Programs\Eclipse Adoptium\jdk-17.0.5.8-hotspot\
PATH=C:\Program Files (x86)\Common Files\Oracle\Java\javapath;C:\Program Files (x86)\Common Files\Intel\Shared Libraries\redist\intel64\compiler;C:\WINDOWS\system32;C:\WINDOWS;C:\WINDOWS\System32\Wbem;C:\WINDOWS\System32\WindowsPowerShell\v1.0\;C:\WINDOWS\System32\OpenSSH\;C:\MinGW\bin;C:\Program Files\Cloudflare\Cloudflare WARP\;C:\Users\hp\AppData\Local\Programs\Eclipse Adoptium\jdk-17.0.5.8-hotspot\bin;C:\Users\hp\AppData\Local\Microsoft\WindowsApps;;D:\New folder\Microsoft VS Code\bin
USERNAME=hp
OS=Windows_NT
PROCESSOR_IDENTIFIER=AMD64 Family 23 Model 24 Stepping 1, AuthenticAMD
TMP=C:\Users\hp\AppData\Local\Temp
TEMP=C:\Users\hp\AppData\Local\Temp



---------------  S Y S T E M  ---------------

OS:
 Windows 11 , 64 bit Build 22621 (10.0.22621.3672)
OS uptime: 0 days 3:46 hours

CPU: total 4 (initial active 4) (4 cores per cpu, 2 threads per core) family 23 model 24 stepping 1 microcode 0x0, cx8, cmov, fxsr, ht, mmx, 3dnowpref, sse, sse2, sse3, ssse3, sse4a, sse4.1, sse4.2, popcnt, lzcnt, tsc, tscinvbit, avx, avx2, aes, clmul, bmi1, bmi2, adx, sha, fma, vzeroupper, clflush, clflushopt

Memory: 4k page, system-wide physical 3526M (263M free)
TotalPageFile size 14278M (AvailPageFile size 0M)
current process WorkingSet (physical memory assigned to process): 95M, peak: 95M
current process commit charge ("private bytes"): 182M, peak: 183M

vm_info: OpenJDK 64-Bit Server VM (17.0.5+8) for windows-amd64 JRE (17.0.5+8), built on Oct 19 2022 04:48:13 by "temurin" with MS VC++ 16.7 (VS2019)

END.
