#
# There is insufficient memory for the Java Runtime Environment to continue.
# Native memory allocation (mmap) failed to map 58720256 bytes for G1 virtual space
# Possible reasons:
#   The system is out of physical RAM or swap space
#   The process is running with CompressedOops enabled, and the Java Heap may be blocking the growth of the native heap
# Possible solutions:
#   Reduce memory load on the system
#   Increase physical memory or swap space
#   Check if swap backing store is full
#   Decrease Java heap size (-Xmx/-Xms)
#   Decrease number of Java threads
#   Decrease Java thread stack sizes (-Xss)
#   Set larger code cache with -XX:ReservedCodeCacheSize=
#   JVM is running with Unscaled Compressed Oops mode in which the Java heap is
#     placed in the first 4GB address space. The Java Heap base address is the
#     maximum limit for the native heap growth. Please use -XX:HeapBaseMinAddress
#     to set the Java Heap base and to place the Java Heap above 4GB virtual address.
# This output file may be truncated or incomplete.
#
#  Out of Memory Error (os_windows.cpp:3548), pid=3856, tid=18856
#
# JRE version:  (17.0.5+8) (build )
# Java VM: OpenJDK 64-Bit Server VM (17.0.5+8, mixed mode, sharing, tiered, compressed oops, compressed class ptrs, g1 gc, windows-amd64)
# No core dump will be written. Minidumps are not enabled by default on client versions of Windows
#

---------------  S U M M A R Y ------------

Command Line: -Dfile.encoding=UTF-8 --module-path=C:\Users\hp\Documents\NetBeansProjects\bank management system\build\classes bank.management.system.Signup

Host: AMD Ryzen 3 3250U with Radeon Graphics         , 4 cores, 3G,  Windows 11 , 64 bit Build 22621 (10.0.22621.3672)
Time: Thu Aug  8 23:00:59 2024 India Standard Time elapsed time: 0.020274 seconds (0d 0h 0m 0s)

---------------  T H R E A D  ---------------

Current thread (0x000001e952f8d7d0):  JavaThread "Unknown thread" [_thread_in_vm, id=18856, stack(0x0000009c9b000000,0x0000009c9b100000)]

Stack: [0x0000009c9b000000,0x0000009c9b100000]
Native frames: (J=compiled Java code, j=interpreted, Vv=VM code, C=native code)
V  [jvm.dll+0x676b3a]
V  [jvm.dll+0x831444]
V  [jvm.dll+0x832bee]
V  [jvm.dll+0x833253]
V  [jvm.dll+0x244ce5]
V  [jvm.dll+0x673a49]
V  [jvm.dll+0x66811a]
V  [jvm.dll+0x303ceb]
V  [jvm.dll+0x30b1e6]
V  [jvm.dll+0x35adbe]
V  [jvm.dll+0x35afef]
V  [jvm.dll+0x2dab88]
V  [jvm.dll+0x2dbaf4]
V  [jvm.dll+0x803121]
V  [jvm.dll+0x368bb1]
V  [jvm.dll+0x7e265c]
V  [jvm.dll+0x3eb17f]
V  [jvm.dll+0x3eccc1]
C  [jli.dll+0x5267]
C  [ucrtbase.dll+0x29333]
C  [KERNEL32.DLL+0x1257d]
C  [ntdll.dll+0x5af28]


---------------  P R O C E S S  ---------------

Threads class SMR info:
_java_thread_list=0x00007ffb6f772f18, length=0, elements={
}

Java Threads: ( => current thread )

Other Threads:
  0x000001e952fc5590 GCTaskThread "GC Thread#0" [stack: 0x0000009c9b100000,0x0000009c9b200000] [id=12604]
  0x000001e952fcd310 ConcurrentGCThread "G1 Main Marker" [stack: 0x0000009c9b200000,0x0000009c9b300000] [id=19284]
  0x000001e952fcdd20 ConcurrentGCThread "G1 Conc#0" [stack: 0x0000009c9b300000,0x0000009c9b400000] [id=18708]

[error occurred during error reporting (printing all threads), id 0xc0000005, EXCEPTION_ACCESS_VIOLATION (0xc0000005) at pc=0x00007ffb6ef4b617]

VM state: not at safepoint (not fully initialized)

VM Mutex/Monitor currently owned by a thread:  ([mutex/lock_event])
[0x000001e952f88970] Heap_lock - owner thread: 0x000001e952f8d7d0

Heap address: 0x00000000c8e00000, size: 882 MB, Compressed Oops mode: 32-bit

CDS archive(s) mapped at: [0x0000000000000000-0x0000000000000000-0x0000000000000000), size 0, SharedBaseAddress: 0x0000000800000000, ArchiveRelocationMode: 0.
Narrow klass base: 0x0000000000000000, Narrow klass shift: 0, Narrow klass range: 0x0

GC Precious Log:
<Empty>

Heap:
 garbage-first heap   total 0K, used 0K [0x00000000c8e00000, 0x0000000100000000)
  region size 1024K, 0 young (0K), 0 survivors (0K)

[error occurred during error reporting (printing heap information), id 0xc0000005, EXCEPTION_ACCESS_VIOLATION (0xc0000005) at pc=0x00007ffb6f32fcb9]

GC Heap History (0 events):
No events

Dll operation events (1 events):
Event: 0.013 Loaded shared library C:\Users\hp\AppData\Local\Programs\Eclipse Adoptium\jdk-17.0.5.8-hotspot\bin\java.dll

Deoptimization events (0 events):
No events

Classes unloaded (0 events):
No events

Classes redefined (0 events):
No events

Internal exceptions (0 events):
No events

VM Operations (0 events):
No events

Events (0 events):
No events


Dynamic libraries:
0x00007ff7b7310000 - 0x00007ff7b731e000 	C:\Users\hp\AppData\Local\Programs\Eclipse Adoptium\jdk-17.0.5.8-hotspot\bin\java.exe
0x00007ffbb68d0000 - 0x00007ffbb6ae7000 	C:\WINDOWS\SYSTEM32\ntdll.dll
0x00007ffbb4fd0000 - 0x00007ffbb5094000 	C:\WINDOWS\System32\KERNEL32.DLL
0x00007ffbb4100000 - 0x00007ffbb44ad000 	C:\WINDOWS\System32\KERNELBASE.dll
0x00007ffbb3fe0000 - 0x00007ffbb40f1000 	C:\WINDOWS\System32\ucrtbase.dll
0x00007ffbaf880000 - 0x00007ffbaf899000 	C:\Users\hp\AppData\Local\Programs\Eclipse Adoptium\jdk-17.0.5.8-hotspot\bin\VCRUNTIME140.dll
0x00007ffbaf620000 - 0x00007ffbaf637000 	C:\Users\hp\AppData\Local\Programs\Eclipse Adoptium\jdk-17.0.5.8-hotspot\bin\jli.dll
0x00007ffbb4610000 - 0x00007ffbb47be000 	C:\WINDOWS\System32\USER32.dll
0x00007ffbb3fb0000 - 0x00007ffbb3fd6000 	C:\WINDOWS\System32\win32u.dll
0x00007ffb9ed10000 - 0x00007ffb9efa3000 	C:\WINDOWS\WinSxS\amd64_microsoft.windows.common-controls_6595b64144ccf1df_6.0.22621.3672_none_2713b9d173822955\COMCTL32.dll
0x00007ffbb4e40000 - 0x00007ffbb4e69000 	C:\WINDOWS\System32\GDI32.dll
0x00007ffbb62a0000 - 0x00007ffbb6347000 	C:\WINDOWS\System32\msvcrt.dll
0x00007ffbb3c00000 - 0x00007ffbb3d19000 	C:\WINDOWS\System32\gdi32full.dll
0x00007ffbb4570000 - 0x00007ffbb460a000 	C:\WINDOWS\System32\msvcp_win.dll
0x00007ffbb6410000 - 0x00007ffbb6441000 	C:\WINDOWS\System32\IMM32.DLL
0x00007ffbb03c0000 - 0x00007ffbb03cc000 	C:\Users\hp\AppData\Local\Programs\Eclipse Adoptium\jdk-17.0.5.8-hotspot\bin\vcruntime140_1.dll
0x00007ffb796c0000 - 0x00007ffb79751000 	C:\Users\hp\AppData\Local\Programs\Eclipse Adoptium\jdk-17.0.5.8-hotspot\bin\msvcp140.dll
0x00007ffb6ec60000 - 0x00007ffb6f8a4000 	C:\Users\hp\AppData\Local\Programs\Eclipse Adoptium\jdk-17.0.5.8-hotspot\bin\server\jvm.dll
0x00007ffbb6350000 - 0x00007ffbb6402000 	C:\WINDOWS\System32\ADVAPI32.dll
0x00007ffbb4820000 - 0x00007ffbb48c9000 	C:\WINDOWS\System32\sechost.dll
0x00007ffbb3f10000 - 0x00007ffbb3f38000 	C:\WINDOWS\System32\bcrypt.dll
0x00007ffbb5360000 - 0x00007ffbb5474000 	C:\WINDOWS\System32\RPCRT4.dll
0x00007ffb74040000 - 0x00007ffb74049000 	C:\WINDOWS\SYSTEM32\WSOCK32.dll
0x00007ffbb5590000 - 0x00007ffbb5601000 	C:\WINDOWS\System32\WS2_32.dll
0x00007ffbaf740000 - 0x00007ffbaf774000 	C:\WINDOWS\SYSTEM32\WINMM.dll
0x00007ffbab160000 - 0x00007ffbab16a000 	C:\WINDOWS\SYSTEM32\VERSION.dll
0x00007ffbb2c30000 - 0x00007ffbb2c48000 	C:\WINDOWS\SYSTEM32\kernel.appcore.dll
0x00007ffbaf910000 - 0x00007ffbaf91a000 	C:\Users\hp\AppData\Local\Programs\Eclipse Adoptium\jdk-17.0.5.8-hotspot\bin\jimage.dll
0x00007ffbb1650000 - 0x00007ffbb1882000 	C:\WINDOWS\SYSTEM32\DBGHELP.DLL
0x00007ffbb6450000 - 0x00007ffbb67d8000 	C:\WINDOWS\System32\combase.dll
0x00007ffbb48d0000 - 0x00007ffbb49a7000 	C:\WINDOWS\System32\OLEAUT32.dll
0x00007ffb998d0000 - 0x00007ffb99902000 	C:\WINDOWS\SYSTEM32\dbgcore.DLL
0x00007ffbb3e90000 - 0x00007ffbb3f0b000 	C:\WINDOWS\System32\bcryptPrimitives.dll
0x00007ffbac8b0000 - 0x00007ffbac8d5000 	C:\Users\hp\AppData\Local\Programs\Eclipse Adoptium\jdk-17.0.5.8-hotspot\bin\java.dll

dbghelp: loaded successfully - version: 4.0.5 - missing functions: none
symbol engine: initialized successfully - sym options: 0x614 - pdb path: .;C:\Users\hp\AppData\Local\Programs\Eclipse Adoptium\jdk-17.0.5.8-hotspot\bin;C:\WINDOWS\SYSTEM32;C:\WINDOWS\WinSxS\amd64_microsoft.windows.common-controls_6595b64144ccf1df_6.0.22621.3672_none_2713b9d173822955;C:\Users\hp\AppData\Local\Programs\Eclipse Adoptium\jdk-17.0.5.8-hotspot\bin\server

VM Arguments:
jvm_args: -Dfile.encoding=UTF-8 --module-path=C:\Users\hp\Documents\NetBeansProjects\bank management system\build\classes 
java_command: bank.management.system.Signup
java_class_path (initial): C:\Users\hp\Downloads\jcalendar-tz-1.3.3-4.jar;C:\Users\hp\Downloads\mysql-connector-java-8.0.28.jar;C:\Users\hp\Documents\NetBeansProjects\bank management system\build\classes
Launcher Type: SUN_STANDARD

[Global flags]
     intx CICompilerCount                          = 3                                         {product} {ergonomic}
     uint ConcGCThreads                            = 1                                         {product} {ergonomic}
     uint G1ConcRefinementThreads                  = 4                                         {product} {ergonomic}
   size_t G1HeapRegionSize                         = 1048576                                   {product} {ergonomic}
    uintx GCDrainStackTargetSize                   = 64                                        {product} {ergonomic}
   size_t InitialHeapSize                          = 58720256                                  {product} {ergonomic}
   size_t MarkStackSize                            = 4194304                                   {product} {ergonomic}
   size_t MaxHeapSize                              = 924844032                                 {product} {ergonomic}
   size_t MinHeapDeltaBytes                        = 1048576                                   {product} {ergonomic}
   size_t MinHeapSize                              = 8388608                                   {product} {ergonomic}
    uintx NonNMethodCodeHeapSize                   = 5832780                                {pd product} {ergonomic}
    uintx NonProfiledCodeHeapSize                  = 122912730                              {pd product} {ergonomic}
    uintx ProfiledCodeHeapSize                     = 122912730                              {pd product} {ergonomic}
    uintx ReservedCodeCacheSize                    = 251658240                              {pd product} {ergonomic}
     bool SegmentedCodeCache                       = true                                      {product} {ergonomic}
   size_t SoftMaxHeapSize                          = 924844032                              {manageable} {ergonomic}
     bool UseCompressedClassPointers               = true                           {product lp64_product} {ergonomic}
     bool UseCompressedOops                        = true                           {product lp64_product} {ergonomic}
     bool UseG1GC                                  = true                                      {product} {ergonomic}
     bool UseLargePagesIndividualAllocation        = false                                  {pd product} {ergonomic}

Logging:
Log output configuration:
 #0: stdout all=warning uptime,level,tags
 #1: stderr all=off uptime,level,tags

Environment Variables:
JAVA_HOME=C:\Users\hp\AppData\Local\Programs\Eclipse Adoptium\jdk-17.0.5.8-hotspot\
PATH=C:\Program Files (x86)\Common Files\Oracle\Java\javapath;C:\Program Files (x86)\Common Files\Intel\Shared Libraries\redist\intel64\compiler;C:\WINDOWS\system32;C:\WINDOWS;C:\WINDOWS\System32\Wbem;C:\WINDOWS\System32\WindowsPowerShell\v1.0\;C:\WINDOWS\System32\OpenSSH\;C:\MinGW\bin;C:\Program Files\Cloudflare\Cloudflare WARP\;C:\Users\hp\AppData\Local\Programs\Eclipse Adoptium\jdk-17.0.5.8-hotspot\bin;C:\Users\hp\AppData\Local\Microsoft\WindowsApps;;D:\New folder\Microsoft VS Code\bin
USERNAME=hp
OS=Windows_NT
PROCESSOR_IDENTIFIER=AMD64 Family 23 Model 24 Stepping 1, AuthenticAMD
TMP=C:\Users\hp\AppData\Local\Temp
TEMP=C:\Users\hp\AppData\Local\Temp



---------------  S Y S T E M  ---------------

OS:
 Windows 11 , 64 bit Build 22621 (10.0.22621.3672)
OS uptime: 0 days 3:14 hours

CPU: total 4 (initial active 4) (4 cores per cpu, 2 threads per core) family 23 model 24 stepping 1 microcode 0x0, cx8, cmov, fxsr, ht, mmx, 3dnowpref, sse, sse2, sse3, ssse3, sse4a, sse4.1, sse4.2, popcnt, lzcnt, tsc, tscinvbit, avx, avx2, aes, clmul, bmi1, bmi2, adx, sha, fma, vzeroupper, clflush, clflushopt

Memory: 4k page, system-wide physical 3526M (259M free)
TotalPageFile size 14278M (AvailPageFile size 48M)
current process WorkingSet (physical memory assigned to process): 11M, peak: 11M
current process commit charge ("private bytes"): 51M, peak: 107M

vm_info: OpenJDK 64-Bit Server VM (17.0.5+8) for windows-amd64 JRE (17.0.5+8), built on Oct 19 2022 04:48:13 by "temurin" with MS VC++ 16.7 (VS2019)

END.
